Log file open, 10/26/19 13:48:20
LogWindows: Failed to load 'aqProf.dll' (GetLastError=126)
LogWindows: File 'aqProf.dll' does not exist
LogWindows: Failed to load 'VtuneApi.dll' (GetLastError=126)
LogWindows: File 'VtuneApi.dll' does not exist
LogWindows: Failed to load 'VtuneApi32e.dll' (GetLastError=126)
LogWindows: File 'VtuneApi32e.dll' does not exist
LogConsoleResponse: Display: Failed to find resolution value strings in scalability ini. Falling back to default.
LogInit: Display: Running engine for game: MeetupNov2019
LogPlatformFile: Not using cached read wrapper
LogTaskGraph: Started task graph with 5 named threads and 47 total threads with 3 sets of task threads.
LogStats: Stats thread started at 0.240916
LogD3D11RHI: Loaded GFSDK_Aftermath_Lib.x64.dll
LogICUInternationalization: ICU TimeZone Detection - Raw Offset: +1:00, Platform Override: ''
LogPluginManager: Mounting plugin Paper2D
LogPluginManager: Mounting plugin AISupport
LogPluginManager: Mounting plugin LightPropagationVolume
LogPluginManager: Mounting plugin ActorLayerUtilities
LogPluginManager: Mounting plugin AnimationSharing
LogPluginManager: Mounting plugin CLionSourceCodeAccess
LogPluginManager: Mounting plugin CodeLiteSourceCodeAccess
LogPluginManager: Mounting plugin GitSourceControl
LogPluginManager: Mounting plugin KDevelopSourceCodeAccess
LogPluginManager: Mounting plugin NullSourceCodeAccess
LogPluginManager: Mounting plugin PerforceSourceControl
LogPluginManager: Mounting plugin SubversionSourceControl
LogPluginManager: Mounting plugin UObjectPlugin
LogPluginManager: Mounting plugin VisualStudioCodeSourceCodeAccess
LogPluginManager: Mounting plugin VisualStudioSourceCodeAccess
LogPluginManager: Mounting plugin XCodeSourceCodeAccess
LogPluginManager: Mounting plugin AssetManagerEditor
LogPluginManager: Mounting plugin CryptoKeys
LogPluginManager: Mounting plugin CurveEditorTools
LogPluginManager: Mounting plugin DataValidation
LogPluginManager: Mounting plugin FacialAnimation
LogPluginManager: Mounting plugin GameplayTagsEditor
LogPluginManager: Mounting plugin MacGraphicsSwitching
LogPluginManager: Mounting plugin MaterialAnalyzer
LogPluginManager: Mounting plugin MobileLauncherProfileWizard
LogPluginManager: Mounting plugin PluginBrowser
LogPluginManager: Mounting plugin SpeedTreeImporter
LogPluginManager: Mounting plugin DatasmithContent
LogPluginManager: Mounting plugin VariantManagerContent
LogPluginManager: Mounting plugin AlembicImporter
LogPluginManager: Mounting plugin AutomationUtils
LogPluginManager: Mounting plugin BackChannel
LogPluginManager: Mounting plugin CharacterAI
LogPluginManager: Mounting plugin GeometryCache
LogPluginManager: Mounting plugin HTML5Networking
LogPluginManager: Mounting plugin PlatformCrypto
LogPluginManager: Mounting plugin ProxyLODPlugin
LogPluginManager: Mounting plugin SkeletalReduction
LogPluginManager: Mounting plugin MagicLeap
LogPluginManager: Mounting plugin MagicLeapMedia
LogPluginManager: Mounting plugin AndroidMedia
LogPluginManager: Mounting plugin AvfMedia
LogPluginManager: Mounting plugin ImgMedia
LogPluginManager: Mounting plugin MediaCompositing
LogPluginManager: Mounting plugin MediaPlayerEditor
LogPluginManager: Mounting plugin WebMMedia
LogPluginManager: Mounting plugin WmfMedia
LogPluginManager: Mounting plugin TcpMessaging
LogPluginManager: Mounting plugin UdpMessaging
LogPluginManager: Mounting plugin ActorSequence
LogPluginManager: Mounting plugin LevelSequenceEditor
LogPluginManager: Mounting plugin MatineeToLevelSequence
LogPluginManager: Mounting plugin NetcodeUnitTest
LogPluginManager: Mounting plugin NUTUnrealEngine4
LogPluginManager: Mounting plugin OnlineSubsystemGooglePlay
LogPluginManager: Mounting plugin OnlineSubsystemIOS
LogPluginManager: Mounting plugin OnlineSubsystem
LogPluginManager: Mounting plugin OnlineSubsystemNull
LogPluginManager: Mounting plugin OnlineSubsystemUtils
LogPluginManager: Mounting plugin LauncherChunkInstaller
LogPluginManager: Mounting plugin AndroidDeviceProfileSelector
LogPluginManager: Mounting plugin AndroidMoviePlayer
LogPluginManager: Mounting plugin AndroidPermission
LogPluginManager: Mounting plugin AppleImageUtils
LogPluginManager: Mounting plugin AppleMoviePlayer
LogPluginManager: Mounting plugin ArchVisCharacter
LogPluginManager: Mounting plugin AudioCapture
LogPluginManager: Mounting plugin CableComponent
LogPluginManager: Mounting plugin CustomMeshComponent
LogPluginManager: Mounting plugin EditableMesh
LogPluginManager: Mounting plugin ExampleDeviceProfileSelector
LogPluginManager: Mounting plugin GoogleCloudMessaging
LogPluginManager: Mounting plugin IOSDeviceProfileSelector
LogPluginManager: Mounting plugin LinuxDeviceProfileSelector
LogPluginManager: Mounting plugin LocationServicesBPLibrary
LogPluginManager: Mounting plugin MobilePatchingUtils
LogPluginManager: Mounting plugin OculusVR
LogPluginManager: Mounting plugin PhysXVehicles
LogPluginManager: Mounting plugin ProceduralMeshComponent
LogPluginManager: Mounting plugin RuntimePhysXCooking
LogPluginManager: Mounting plugin SignificanceManager
LogPluginManager: Mounting plugin SteamVR
LogPluginManager: Mounting plugin WebMMoviePlayer
LogPluginManager: Mounting plugin WindowsMoviePlayer
LogPluginManager: Mounting plugin ScreenshotTools
LogInit: Using libcurl 7.55.1-DEV
LogInit:  - built for x86_64-pc-win32
LogInit:  - supports SSL with OpenSSL/1.1.1
LogInit:  - supports HTTP deflate (compression) using libz 1.2.8
LogInit:  - other features:
LogInit:      CURL_VERSION_SSL
LogInit:      CURL_VERSION_LIBZ
LogInit:      CURL_VERSION_IPV6
LogInit:      CURL_VERSION_ASYNCHDNS
LogInit:      CURL_VERSION_LARGEFILE
LogInit:      CURL_VERSION_IDN
LogInit:  CurlRequestOptions (configurable via config and command line):
LogInit:  - bVerifyPeer = true  - Libcurl will verify peer certificate
LogInit:  - bUseHttpProxy = false  - Libcurl will NOT use HTTP proxy
LogInit:  - bDontReuseConnections = false  - Libcurl will reuse connections
LogInit:  - MaxHostConnections = 16  - Libcurl will limit the number of connections to a host
LogInit:  - LocalHostAddr = Default
LogInit:  - BufferSize = 65536
LogOnline: OSS: Creating online subsystem instance for: NULL
LogInit: WinSock: version 1.1 (2.2), MaxSocks=32767, MaxUdp=65467
LogInit: Build: ++UE4+Release-4.23-CL-0
LogInit: Engine Version: 4.23.1-0+++UE4+Release-4.23
LogInit: Compatible Engine Version: 4.23.0-0+++UE4+Release-4.23
LogInit: Net CL: 0
LogInit: OS: Windows 10 (Release 1903) (), CPU: AMD Ryzen 7 3700X 8-Core Processor             , GPU: NVIDIA GeForce GTX 1080 Ti
LogInit: Compiled (64-bit): Oct 26 2019 12:36:24
LogInit: Compiled with Visual C++: 19.23.28106.04
LogInit: Build Configuration: Debug
LogInit: Branch Name: ++UE4+Release-4.23
LogInit: Command Line:  -skipcompile
LogInit: Base Directory: D:/git/UnrealEngine/Engine/Binaries/Win64/
LogInit: Installed Engine Build: 0
LogDevObjectVersion: Number of dev versions registered: 23
LogDevObjectVersion:   Dev-Blueprints (B0D832E4-1F89-4F0D-ACCF-7EB736FD4AA2): 10
LogDevObjectVersion:   Dev-Build (E1C64328-A22C-4D53-A36C-8E866417BD8C): 0
LogDevObjectVersion:   Dev-Core (375EC13C-06E4-48FB-B500-84F0262A717E): 3
LogDevObjectVersion:   Dev-Editor (E4B068ED-F494-42E9-A231-DA0B2E46BB41): 34
LogDevObjectVersion:   Dev-Framework (CFFC743F-43B0-4480-9391-14DF171D2073): 35
LogDevObjectVersion:   Dev-Mobile (B02B49B5-BB20-44E9-A304-32B752E40360): 2
LogDevObjectVersion:   Dev-Networking (A4E4105C-59A1-49B5-A7C5-40C4547EDFEE): 0
LogDevObjectVersion:   Dev-Online (39C831C9-5AE6-47DC-9A44-9C173E1C8E7C): 0
LogDevObjectVersion:   Dev-Physics (78F01B33-EBEA-4F98-B9B4-84EACCB95AA2): 0
LogDevObjectVersion:   Dev-Platform (6631380F-2D4D-43E0-8009-CF276956A95A): 0
LogDevObjectVersion:   Dev-Rendering (12F88B9F-8875-4AFC-A67C-D90C383ABD29): 31
LogDevObjectVersion:   Dev-Sequencer (7B5AE74C-D270-4C10-A958-57980B212A5A): 11
LogDevObjectVersion:   Dev-VR (D7296918-1DD6-4BDD-9DE2-64A83CC13884): 2
LogDevObjectVersion:   Dev-LoadTimes (C2A15278-BFE7-4AFE-6C17-90FF531DF755): 1
LogDevObjectVersion:   Private-Geometry (6EACA3D4-40EC-4CC1-B786-8BED09428FC5): 3
LogDevObjectVersion:   Dev-AnimPhys (29E575DD-E0A3-4627-9D10-D276232CDCEA): 17
LogDevObjectVersion:   Dev-Anim (AF43A65D-7FD3-4947-9873-3E8ED9C1BB05): 2
LogDevObjectVersion:   Dev-ReflectionCapture (6B266CEC-1EC7-4B8F-A30B-E4D90942FC07): 1
LogDevObjectVersion:   Dev-Automation (0DF73D61-A23F-47EA-B727-89E90C41499A): 1
LogDevObjectVersion:   FortniteMain (601D1886-AC64-4F84-AA16-D3DE0DEAC7D6): 27
LogDevObjectVersion:   Dev-Enterprise (9DFFBCD6-494F-0158-E221-12823C92A888): 6
LogDevObjectVersion:   Dev-Niagara (F2AED0AC-9AFE-416F-8664-AA7FFA26D6FC): 1
LogDevObjectVersion:   Dev-Destruction (174F1F0B-B4C6-45A5-B13F-2EE8D0FB917D): 9
LogInit: Presizing for max 16777216 objects, including 0 objects not considered by GC, pre-allocating 0 bytes for permanent pool.
LogInit: Object subsystem initialized
LogConfig: Setting CVar [[con.DebugEarlyDefault:1]]
LogConfig: Setting CVar [[r.setres:1280x720]]
[2019.10.26-11.48.21:105][  0]LogConfig: Setting CVar [[r.VSync:0]]
[2019.10.26-11.48.21:105][  0]LogConfig: Setting CVar [[r.RHICmdBypass:0]]
[2019.10.26-11.48.21:105][  0]LogConfig: Applying CVar settings from Section [/Script/Engine.RendererSettings] File [C:/Users/miche/source/Repos/MeetupNov2019/Saved/Config/Windows/Engine.ini]
[2019.10.26-11.48.21:105][  0]LogConfig: Setting CVar [[r.GPUCrashDebugging:0]]
[2019.10.26-11.48.21:105][  0]LogConfig: Setting CVar [[r.DefaultFeature.AutoExposure.ExtendDefaultLuminanceRange:1]]
[2019.10.26-11.48.21:105][  0]LogConfig: Applying CVar settings from Section [/Script/Engine.RendererOverrideSettings] File [C:/Users/miche/source/Repos/MeetupNov2019/Saved/Config/Windows/Engine.ini]
[2019.10.26-11.48.21:105][  0]LogConfig: Applying CVar settings from Section [/Script/Engine.StreamingSettings] File [C:/Users/miche/source/Repos/MeetupNov2019/Saved/Config/Windows/Engine.ini]
[2019.10.26-11.48.21:105][  0]LogConfig: Setting CVar [[s.MinBulkDataSizeForAsyncLoading:131072]]
[2019.10.26-11.48.21:105][  0]LogConfig: Setting CVar [[s.AsyncLoadingThreadEnabled:0]]
[2019.10.26-11.48.21:105][  0]LogConfig: Setting CVar [[s.EventDrivenLoaderEnabled:1]]
[2019.10.26-11.48.21:106][  0]LogConfig: Setting CVar [[s.WarnIfTimeLimitExceeded:0]]
[2019.10.26-11.48.21:106][  0]LogConfig: Setting CVar [[s.TimeLimitExceededMultiplier:1.5]]
[2019.10.26-11.48.21:106][  0]LogConfig: Setting CVar [[s.TimeLimitExceededMinTime:0.005]]
[2019.10.26-11.48.21:106][  0]LogConfig: Setting CVar [[s.UseBackgroundLevelStreaming:1]]
[2019.10.26-11.48.21:106][  0]LogConfig: Setting CVar [[s.PriorityAsyncLoadingExtraTime:15.0]]
[2019.10.26-11.48.21:106][  0]LogConfig: Setting CVar [[s.LevelStreamingActorsUpdateTimeLimit:5.0]]
[2019.10.26-11.48.21:106][  0]LogConfig: Setting CVar [[s.PriorityLevelStreamingActorsUpdateExtraTime:5.0]]
[2019.10.26-11.48.21:106][  0]LogConfig: Setting CVar [[s.LevelStreamingComponentsRegistrationGranularity:10]]
[2019.10.26-11.48.21:106][  0]LogConfig: Setting CVar [[s.UnregisterComponentsTimeLimit:1.0]]
[2019.10.26-11.48.21:106][  0]LogConfig: Setting CVar [[s.LevelStreamingComponentsUnregistrationGranularity:5]]
[2019.10.26-11.48.21:106][  0]LogConfig: Applying CVar settings from Section [/Script/Engine.GarbageCollectionSettings] File [C:/Users/miche/source/Repos/MeetupNov2019/Saved/Config/Windows/Engine.ini]
[2019.10.26-11.48.21:106][  0]LogConfig: Setting CVar [[gc.MaxObjectsNotConsideredByGC:1]]
[2019.10.26-11.48.21:106][  0]LogConfig: Setting CVar [[gc.SizeOfPermanentObjectPool:0]]
[2019.10.26-11.48.21:107][  0]LogConfig: Setting CVar [[gc.FlushStreamingOnGC:0]]
[2019.10.26-11.48.21:107][  0]LogConfig: Setting CVar [[gc.NumRetriesBeforeForcingGC:10]]
[2019.10.26-11.48.21:107][  0]LogConfig: Setting CVar [[gc.AllowParallelGC:1]]
[2019.10.26-11.48.21:107][  0]LogConfig: Setting CVar [[gc.TimeBetweenPurgingPendingKillObjects:61.1]]
[2019.10.26-11.48.21:107][  0]LogConfig: Setting CVar [[gc.MaxObjectsInEditor:16777216]]
[2019.10.26-11.48.21:107][  0]LogConfig: Setting CVar [[gc.IncrementalBeginDestroyEnabled:1]]
[2019.10.26-11.48.21:107][  0]LogConfig: Setting CVar [[gc.CreateGCClusters:1]]
[2019.10.26-11.48.21:107][  0]LogConfig: Setting CVar [[gc.MinGCClusterSize:5]]
[2019.10.26-11.48.21:107][  0]LogConfig: Setting CVar [[gc.ActorClusteringEnabled:0]]
[2019.10.26-11.48.21:107][  0]LogConfig: Setting CVar [[gc.BlueprintClusteringEnabled:0]]
[2019.10.26-11.48.21:107][  0]LogConfig: Setting CVar [[gc.UseDisregardForGCOnDedicatedServers:0]]
[2019.10.26-11.48.21:107][  0]LogConfig: Applying CVar settings from Section [/Script/Engine.NetworkSettings] File [C:/Users/miche/source/Repos/MeetupNov2019/Saved/Config/Windows/Engine.ini]
[2019.10.26-11.48.21:107][  0]LogConfig: Applying CVar settings from Section [/Script/UnrealEd.CookerSettings] File [C:/Users/miche/source/Repos/MeetupNov2019/Saved/Config/Windows/Engine.ini]
[2019.10.26-11.48.21:114][  0]LogConfig: Applying CVar settings from Section [ViewDistanceQuality@3] File [C:/Users/miche/source/Repos/MeetupNov2019/Saved/Config/Windows/Scalability.ini]
[2019.10.26-11.48.21:114][  0]LogConfig: Setting CVar [[r.SkeletalMeshLODBias:0]]
[2019.10.26-11.48.21:115][  0]LogConfig: Setting CVar [[r.ViewDistanceScale:1.0]]
[2019.10.26-11.48.21:115][  0]LogConfig: Applying CVar settings from Section [AntiAliasingQuality@3] File [C:/Users/miche/source/Repos/MeetupNov2019/Saved/Config/Windows/Scalability.ini]
[2019.10.26-11.48.21:115][  0]LogConfig: Setting CVar [[r.PostProcessAAQuality:4]]
[2019.10.26-11.48.21:115][  0]LogConfig: Applying CVar settings from Section [ShadowQuality@3] File [C:/Users/miche/source/Repos/MeetupNov2019/Saved/Config/Windows/Scalability.ini]
[2019.10.26-11.48.21:115][  0]LogConfig: Setting CVar [[r.LightFunctionQuality:1]]
[2019.10.26-11.48.21:115][  0]LogConfig: Setting CVar [[r.ShadowQuality:5]]
[2019.10.26-11.48.21:115][  0]LogConfig: Setting CVar [[r.Shadow.CSM.MaxCascades:10]]
[2019.10.26-11.48.21:115][  0]LogConfig: Setting CVar [[r.Shadow.MaxResolution:2048]]
[2019.10.26-11.48.21:115][  0]LogConfig: Setting CVar [[r.Shadow.MaxCSMResolution:2048]]
[2019.10.26-11.48.21:115][  0]LogConfig: Setting CVar [[r.Shadow.RadiusThreshold:0.01]]
[2019.10.26-11.48.21:115][  0]LogConfig: Setting CVar [[r.Shadow.DistanceScale:1.0]]
[2019.10.26-11.48.21:115][  0]LogConfig: Setting CVar [[r.Shadow.CSM.TransitionScale:1.0]]
[2019.10.26-11.48.21:115][  0]LogConfig: Setting CVar [[r.Shadow.PreShadowResolutionFactor:1.0]]
[2019.10.26-11.48.21:116][  0]LogConfig: Setting CVar [[r.DistanceFieldShadowing:1]]
[2019.10.26-11.48.21:116][  0]LogConfig: Setting CVar [[r.DistanceFieldAO:1]]
[2019.10.26-11.48.21:116][  0]LogConfig: Setting CVar [[r.AOQuality:2]]
[2019.10.26-11.48.21:116][  0]LogConfig: Setting CVar [[r.VolumetricFog:1]]
[2019.10.26-11.48.21:116][  0]LogConfig: Setting CVar [[r.VolumetricFog.GridPixelSize:8]]
[2019.10.26-11.48.21:116][  0]LogConfig: Setting CVar [[r.VolumetricFog.GridSizeZ:128]]
[2019.10.26-11.48.21:116][  0]LogConfig: Setting CVar [[r.VolumetricFog.HistoryMissSupersampleCount:4]]
[2019.10.26-11.48.21:116][  0]LogConfig: Setting CVar [[r.LightMaxDrawDistanceScale:1]]
[2019.10.26-11.48.21:116][  0]LogConfig: Setting CVar [[r.CapsuleShadows:1]]
[2019.10.26-11.48.21:116][  0]LogConfig: Applying CVar settings from Section [PostProcessQuality@3] File [C:/Users/miche/source/Repos/MeetupNov2019/Saved/Config/Windows/Scalability.ini]
[2019.10.26-11.48.21:116][  0]LogConfig: Setting CVar [[r.MotionBlurQuality:4]]
[2019.10.26-11.48.21:116][  0]LogConfig: Setting CVar [[r.AmbientOcclusionMipLevelFactor:0.4]]
[2019.10.26-11.48.21:116][  0]LogConfig: Setting CVar [[r.AmbientOcclusionMaxQuality:100]]
[2019.10.26-11.48.21:116][  0]LogConfig: Setting CVar [[r.AmbientOcclusionLevels:-1]]
[2019.10.26-11.48.21:117][  0]LogConfig: Setting CVar [[r.AmbientOcclusionRadiusScale:1.0]]
[2019.10.26-11.48.21:117][  0]LogConfig: Setting CVar [[r.DepthOfFieldQuality:2]]
[2019.10.26-11.48.21:117][  0]LogConfig: Setting CVar [[r.RenderTargetPoolMin:400]]
[2019.10.26-11.48.21:117][  0]LogConfig: Setting CVar [[r.LensFlareQuality:2]]
[2019.10.26-11.48.21:117][  0]LogConfig: Setting CVar [[r.SceneColorFringeQuality:1]]
[2019.10.26-11.48.21:117][  0]LogConfig: Setting CVar [[r.EyeAdaptationQuality:2]]
[2019.10.26-11.48.21:117][  0]LogConfig: Setting CVar [[r.BloomQuality:5]]
[2019.10.26-11.48.21:117][  0]LogConfig: Setting CVar [[r.FastBlurThreshold:100]]
[2019.10.26-11.48.21:117][  0]LogConfig: Setting CVar [[r.Upscale.Quality:3]]
[2019.10.26-11.48.21:117][  0]LogConfig: Setting CVar [[r.Tonemapper.GrainQuantization:1]]
[2019.10.26-11.48.21:117][  0]LogConfig: Setting CVar [[r.LightShaftQuality:1]]
[2019.10.26-11.48.21:117][  0]LogConfig: Setting CVar [[r.Filter.SizeScale:1]]
[2019.10.26-11.48.21:117][  0]LogConfig: Setting CVar [[r.Tonemapper.Quality:5]]
[2019.10.26-11.48.21:117][  0]LogConfig: Setting CVar [[r.DOF.Gather.AccumulatorQuality:1        ; higher gathering accumulator quality]]
[2019.10.26-11.48.21:117][  0]LogConfig: Setting CVar [[r.DOF.Gather.PostfilterMethod:1          ; Median3x3 postfilering method]]
[2019.10.26-11.48.21:117][  0]LogConfig: Setting CVar [[r.DOF.Gather.EnableBokehSettings:0       ; no bokeh simulation when gathering]]
[2019.10.26-11.48.21:118][  0]LogConfig: Setting CVar [[r.DOF.Gather.RingCount:4                 ; medium number of samples when gathering]]
[2019.10.26-11.48.21:118][  0]LogConfig: Setting CVar [[r.DOF.Scatter.ForegroundCompositing:1    ; additive foreground scattering]]
[2019.10.26-11.48.21:118][  0]LogConfig: Setting CVar [[r.DOF.Scatter.BackgroundCompositing:2    ; additive background scattering]]
[2019.10.26-11.48.21:118][  0]LogConfig: Setting CVar [[r.DOF.Scatter.EnableBokehSettings:1      ; bokeh simulation when scattering]]
[2019.10.26-11.48.21:118][  0]LogConfig: Setting CVar [[r.DOF.Scatter.MaxSpriteRatio:0.1         ; only a maximum of 10% of scattered bokeh]]
[2019.10.26-11.48.21:118][  0]LogConfig: Setting CVar [[r.DOF.Recombine.Quality:1                ; cheap slight out of focus]]
[2019.10.26-11.48.21:118][  0]LogConfig: Setting CVar [[r.DOF.Recombine.EnableBokehSettings:0    ; no bokeh simulation on slight out of focus]]
[2019.10.26-11.48.21:118][  0]LogConfig: Setting CVar [[r.DOF.TemporalAAQuality:1                ; more stable temporal accumulation]]
[2019.10.26-11.48.21:118][  0]LogConfig: Setting CVar [[r.DOF.Kernel.MaxForegroundRadius:0.025]]
[2019.10.26-11.48.21:118][  0]LogConfig: Setting CVar [[r.DOF.Kernel.MaxBackgroundRadius:0.025]]
[2019.10.26-11.48.21:118][  0]LogConfig: Applying CVar settings from Section [TextureQuality@3] File [C:/Users/miche/source/Repos/MeetupNov2019/Saved/Config/Windows/Scalability.ini]
[2019.10.26-11.48.21:118][  0]LogConfig: Setting CVar [[r.Streaming.MipBias:0]]
[2019.10.26-11.48.21:118][  0]LogConfig: Setting CVar [[r.Streaming.AmortizeCPUToGPUCopy:0]]
[2019.10.26-11.48.21:118][  0]LogConfig: Setting CVar [[r.Streaming.MaxNumTexturesToStreamPerFrame:0]]
[2019.10.26-11.48.21:119][  0]LogConfig: Setting CVar [[r.Streaming.Boost:1]]
[2019.10.26-11.48.21:119][  0]LogConfig: Setting CVar [[r.MaxAnisotropy:8]]
[2019.10.26-11.48.21:119][  0]LogConfig: Setting CVar [[r.Streaming.LimitPoolSizeToVRAM:0]]
[2019.10.26-11.48.21:119][  0]LogConfig: Setting CVar [[r.Streaming.PoolSize:1000]]
[2019.10.26-11.48.21:119][  0]LogConfig: Setting CVar [[r.Streaming.MaxEffectiveScreenSize:0]]
[2019.10.26-11.48.21:119][  0]LogConfig: Applying CVar settings from Section [EffectsQuality@3] File [C:/Users/miche/source/Repos/MeetupNov2019/Saved/Config/Windows/Scalability.ini]
[2019.10.26-11.48.21:119][  0]LogConfig: Setting CVar [[r.TranslucencyLightingVolumeDim:64]]
[2019.10.26-11.48.21:119][  0]LogConfig: Setting CVar [[r.RefractionQuality:2]]
[2019.10.26-11.48.21:119][  0]LogConfig: Setting CVar [[r.SSR.Quality:3]]
[2019.10.26-11.48.21:119][  0]LogConfig: Setting CVar [[r.SceneColorFormat:4]]
[2019.10.26-11.48.21:119][  0]LogConfig: Setting CVar [[r.DetailMode:2]]
[2019.10.26-11.48.21:119][  0]LogConfig: Setting CVar [[r.TranslucencyVolumeBlur:1]]
[2019.10.26-11.48.21:119][  0]LogConfig: Setting CVar [[r.MaterialQualityLevel:1 ; High quality]]
[2019.10.26-11.48.21:119][  0]LogConfig: Setting CVar [[r.SSS.Scale:1]]
[2019.10.26-11.48.21:120][  0]LogConfig: Setting CVar [[r.SSS.SampleSet:2]]
[2019.10.26-11.48.21:120][  0]LogConfig: Setting CVar [[r.SSS.Quality:1]]
[2019.10.26-11.48.21:120][  0]LogConfig: Setting CVar [[r.SSS.HalfRes:1]]
[2019.10.26-11.48.21:120][  0]LogConfig: Setting CVar [[r.EmitterSpawnRateScale:1.0]]
[2019.10.26-11.48.21:120][  0]LogConfig: Setting CVar [[r.ParticleLightQuality:2]]
[2019.10.26-11.48.21:120][  0]LogConfig: Applying CVar settings from Section [FoliageQuality@3] File [C:/Users/miche/source/Repos/MeetupNov2019/Saved/Config/Windows/Scalability.ini]
[2019.10.26-11.48.21:120][  0]LogConfig: Setting CVar [[foliage.DensityScale:1.0]]
[2019.10.26-11.48.21:120][  0]LogConfig: Setting CVar [[grass.DensityScale:1.0]]
[2019.10.26-11.48.21:120][  0]LogInit: Selected Device Profile: [Windows]
[2019.10.26-11.48.21:120][  0]LogInit: Applying CVar settings loaded from the selected device profile: [Windows]
[2019.10.26-11.48.21:127][  0]LogHAL: Display: Platform has ~ 32 GB [34275831808 / 34359738368 / 32], which maps to Largest [LargestMinGB=32, LargerMinGB=12, DefaultMinGB=8, SmallerMinGB=6, SmallestMinGB=0)
[2019.10.26-11.48.21:128][  0]LogInit: Going up to parent DeviceProfile []
[2019.10.26-11.48.21:128][  0]LogConfig: Applying CVar settings from Section [ViewDistanceQuality@3] File [C:/Users/miche/source/Repos/MeetupNov2019/Saved/Config/Windows/Scalability.ini]
[2019.10.26-11.48.21:128][  0]LogConfig: Setting CVar [[r.SkeletalMeshLODBias:0]]
[2019.10.26-11.48.21:128][  0]LogConfig: Setting CVar [[r.ViewDistanceScale:1.0]]
[2019.10.26-11.48.21:128][  0]LogConfig: Applying CVar settings from Section [AntiAliasingQuality@3] File [C:/Users/miche/source/Repos/MeetupNov2019/Saved/Config/Windows/Scalability.ini]
[2019.10.26-11.48.21:128][  0]LogConfig: Setting CVar [[r.PostProcessAAQuality:4]]
[2019.10.26-11.48.21:128][  0]LogConfig: Applying CVar settings from Section [ShadowQuality@3] File [C:/Users/miche/source/Repos/MeetupNov2019/Saved/Config/Windows/Scalability.ini]
[2019.10.26-11.48.21:128][  0]LogConfig: Setting CVar [[r.LightFunctionQuality:1]]
[2019.10.26-11.48.21:128][  0]LogConfig: Setting CVar [[r.ShadowQuality:5]]
[2019.10.26-11.48.21:128][  0]LogConfig: Setting CVar [[r.Shadow.CSM.MaxCascades:10]]
[2019.10.26-11.48.21:129][  0]LogConfig: Setting CVar [[r.Shadow.MaxResolution:2048]]
[2019.10.26-11.48.21:129][  0]LogConfig: Setting CVar [[r.Shadow.MaxCSMResolution:2048]]
[2019.10.26-11.48.21:129][  0]LogConfig: Setting CVar [[r.Shadow.RadiusThreshold:0.01]]
[2019.10.26-11.48.21:129][  0]LogConfig: Setting CVar [[r.Shadow.DistanceScale:1.0]]
[2019.10.26-11.48.21:129][  0]LogConfig: Setting CVar [[r.Shadow.CSM.TransitionScale:1.0]]
[2019.10.26-11.48.21:129][  0]LogConfig: Setting CVar [[r.Shadow.PreShadowResolutionFactor:1.0]]
[2019.10.26-11.48.21:129][  0]LogConfig: Setting CVar [[r.DistanceFieldShadowing:1]]
[2019.10.26-11.48.21:129][  0]LogConfig: Setting CVar [[r.DistanceFieldAO:1]]
[2019.10.26-11.48.21:129][  0]LogConfig: Setting CVar [[r.AOQuality:2]]
[2019.10.26-11.48.21:129][  0]LogConfig: Setting CVar [[r.VolumetricFog:1]]
[2019.10.26-11.48.21:129][  0]LogConfig: Setting CVar [[r.VolumetricFog.GridPixelSize:8]]
[2019.10.26-11.48.21:129][  0]LogConfig: Setting CVar [[r.VolumetricFog.GridSizeZ:128]]
[2019.10.26-11.48.21:129][  0]LogConfig: Setting CVar [[r.VolumetricFog.HistoryMissSupersampleCount:4]]
[2019.10.26-11.48.21:130][  0]LogConfig: Setting CVar [[r.LightMaxDrawDistanceScale:1]]
[2019.10.26-11.48.21:130][  0]LogConfig: Setting CVar [[r.CapsuleShadows:1]]
[2019.10.26-11.48.21:130][  0]LogConfig: Applying CVar settings from Section [PostProcessQuality@3] File [C:/Users/miche/source/Repos/MeetupNov2019/Saved/Config/Windows/Scalability.ini]
[2019.10.26-11.48.21:130][  0]LogConfig: Setting CVar [[r.MotionBlurQuality:4]]
[2019.10.26-11.48.21:130][  0]LogConfig: Setting CVar [[r.AmbientOcclusionMipLevelFactor:0.4]]
[2019.10.26-11.48.21:130][  0]LogConfig: Setting CVar [[r.AmbientOcclusionMaxQuality:100]]
[2019.10.26-11.48.21:130][  0]LogConfig: Setting CVar [[r.AmbientOcclusionLevels:-1]]
[2019.10.26-11.48.21:130][  0]LogConfig: Setting CVar [[r.AmbientOcclusionRadiusScale:1.0]]
[2019.10.26-11.48.21:130][  0]LogConfig: Setting CVar [[r.DepthOfFieldQuality:2]]
[2019.10.26-11.48.21:130][  0]LogConfig: Setting CVar [[r.RenderTargetPoolMin:400]]
[2019.10.26-11.48.21:130][  0]LogConfig: Setting CVar [[r.LensFlareQuality:2]]
[2019.10.26-11.48.21:130][  0]LogConfig: Setting CVar [[r.SceneColorFringeQuality:1]]
[2019.10.26-11.48.21:130][  0]LogConfig: Setting CVar [[r.EyeAdaptationQuality:2]]
[2019.10.26-11.48.21:131][  0]LogConfig: Setting CVar [[r.BloomQuality:5]]
[2019.10.26-11.48.21:131][  0]LogConfig: Setting CVar [[r.FastBlurThreshold:100]]
[2019.10.26-11.48.21:131][  0]LogConfig: Setting CVar [[r.Upscale.Quality:3]]
[2019.10.26-11.48.21:131][  0]LogConfig: Setting CVar [[r.Tonemapper.GrainQuantization:1]]
[2019.10.26-11.48.21:131][  0]LogConfig: Setting CVar [[r.LightShaftQuality:1]]
[2019.10.26-11.48.21:131][  0]LogConfig: Setting CVar [[r.Filter.SizeScale:1]]
[2019.10.26-11.48.21:131][  0]LogConfig: Setting CVar [[r.Tonemapper.Quality:5]]
[2019.10.26-11.48.21:131][  0]LogConfig: Setting CVar [[r.DOF.Gather.AccumulatorQuality:1        ; higher gathering accumulator quality]]
[2019.10.26-11.48.21:131][  0]LogConfig: Setting CVar [[r.DOF.Gather.PostfilterMethod:1          ; Median3x3 postfilering method]]
[2019.10.26-11.48.21:131][  0]LogConfig: Setting CVar [[r.DOF.Gather.EnableBokehSettings:0       ; no bokeh simulation when gathering]]
[2019.10.26-11.48.21:131][  0]LogConfig: Setting CVar [[r.DOF.Gather.RingCount:4                 ; medium number of samples when gathering]]
[2019.10.26-11.48.21:131][  0]LogConfig: Setting CVar [[r.DOF.Scatter.ForegroundCompositing:1    ; additive foreground scattering]]
[2019.10.26-11.48.21:131][  0]LogConfig: Setting CVar [[r.DOF.Scatter.BackgroundCompositing:2    ; additive background scattering]]
[2019.10.26-11.48.21:132][  0]LogConfig: Setting CVar [[r.DOF.Scatter.EnableBokehSettings:1      ; bokeh simulation when scattering]]
[2019.10.26-11.48.21:132][  0]LogConfig: Setting CVar [[r.DOF.Scatter.MaxSpriteRatio:0.1         ; only a maximum of 10% of scattered bokeh]]
[2019.10.26-11.48.21:132][  0]LogConfig: Setting CVar [[r.DOF.Recombine.Quality:1                ; cheap slight out of focus]]
[2019.10.26-11.48.21:132][  0]LogConfig: Setting CVar [[r.DOF.Recombine.EnableBokehSettings:0    ; no bokeh simulation on slight out of focus]]
[2019.10.26-11.48.21:132][  0]LogConfig: Setting CVar [[r.DOF.TemporalAAQuality:1                ; more stable temporal accumulation]]
[2019.10.26-11.48.21:132][  0]LogConfig: Setting CVar [[r.DOF.Kernel.MaxForegroundRadius:0.025]]
[2019.10.26-11.48.21:132][  0]LogConfig: Setting CVar [[r.DOF.Kernel.MaxBackgroundRadius:0.025]]
[2019.10.26-11.48.21:132][  0]LogConfig: Applying CVar settings from Section [TextureQuality@3] File [C:/Users/miche/source/Repos/MeetupNov2019/Saved/Config/Windows/Scalability.ini]
[2019.10.26-11.48.21:132][  0]LogConfig: Setting CVar [[r.Streaming.MipBias:0]]
[2019.10.26-11.48.21:132][  0]LogConfig: Setting CVar [[r.Streaming.AmortizeCPUToGPUCopy:0]]
[2019.10.26-11.48.21:132][  0]LogConfig: Setting CVar [[r.Streaming.MaxNumTexturesToStreamPerFrame:0]]
[2019.10.26-11.48.21:132][  0]LogConfig: Setting CVar [[r.Streaming.Boost:1]]
[2019.10.26-11.48.21:132][  0]LogConfig: Setting CVar [[r.MaxAnisotropy:8]]
[2019.10.26-11.48.21:133][  0]LogConfig: Setting CVar [[r.Streaming.LimitPoolSizeToVRAM:0]]
[2019.10.26-11.48.21:133][  0]LogConfig: Setting CVar [[r.Streaming.PoolSize:1000]]
[2019.10.26-11.48.21:133][  0]LogConfig: Setting CVar [[r.Streaming.MaxEffectiveScreenSize:0]]
[2019.10.26-11.48.21:133][  0]LogConfig: Applying CVar settings from Section [EffectsQuality@3] File [C:/Users/miche/source/Repos/MeetupNov2019/Saved/Config/Windows/Scalability.ini]
[2019.10.26-11.48.21:133][  0]LogConfig: Setting CVar [[r.TranslucencyLightingVolumeDim:64]]
[2019.10.26-11.48.21:133][  0]LogConfig: Setting CVar [[r.RefractionQuality:2]]
[2019.10.26-11.48.21:133][  0]LogConfig: Setting CVar [[r.SSR.Quality:3]]
[2019.10.26-11.48.21:133][  0]LogConfig: Setting CVar [[r.SceneColorFormat:4]]
[2019.10.26-11.48.21:133][  0]LogConfig: Setting CVar [[r.DetailMode:2]]
[2019.10.26-11.48.21:133][  0]LogConfig: Setting CVar [[r.TranslucencyVolumeBlur:1]]
[2019.10.26-11.48.21:133][  0]LogConfig: Setting CVar [[r.MaterialQualityLevel:1 ; High quality]]
[2019.10.26-11.48.21:133][  0]LogConfig: Setting CVar [[r.SSS.Scale:1]]
[2019.10.26-11.48.21:133][  0]LogConfig: Setting CVar [[r.SSS.SampleSet:2]]
[2019.10.26-11.48.21:134][  0]LogConfig: Setting CVar [[r.SSS.Quality:1]]
[2019.10.26-11.48.21:134][  0]LogConfig: Setting CVar [[r.SSS.HalfRes:1]]
[2019.10.26-11.48.21:134][  0]LogConfig: Setting CVar [[r.EmitterSpawnRateScale:1.0]]
[2019.10.26-11.48.21:134][  0]LogConfig: Setting CVar [[r.ParticleLightQuality:2]]
[2019.10.26-11.48.21:134][  0]LogConfig: Applying CVar settings from Section [FoliageQuality@3] File [C:/Users/miche/source/Repos/MeetupNov2019/Saved/Config/Windows/Scalability.ini]
[2019.10.26-11.48.21:134][  0]LogConfig: Setting CVar [[foliage.DensityScale:1.0]]
[2019.10.26-11.48.21:134][  0]LogConfig: Setting CVar [[grass.DensityScale:1.0]]
[2019.10.26-11.48.21:134][  0]LogConfig: Applying CVar settings from Section [Startup] File [../../../Engine/Config/ConsoleVariables.ini]
[2019.10.26-11.48.21:135][  0]LogConfig: Setting CVar [[net.UseAdaptiveNetUpdateFrequency:0]]
[2019.10.26-11.48.21:135][  0]LogConfig: Setting CVar [[p.chaos.AllowCreatePhysxBodies:1]]
[2019.10.26-11.48.21:135][  0]LogConfig: Applying CVar settings from Section [ConsoleVariables] File [C:/Users/miche/source/Repos/MeetupNov2019/Saved/Config/Windows/Engine.ini]
[2019.10.26-11.48.21:135][  0]LogInit: Computer: MICHELE-PC-10
[2019.10.26-11.48.21:135][  0]LogInit: User: miche
[2019.10.26-11.48.21:135][  0]LogInit: CPU Page size=4096, Cores=8
[2019.10.26-11.48.21:135][  0]LogInit: High frequency timer resolution =10.000000 MHz
[2019.10.26-11.48.21:136][  0]LogMemory: Memory total: Physical=31.9GB (32GB approx)
[2019.10.26-11.48.21:136][  0]LogMemory: Platform Memory Stats for Windows
[2019.10.26-11.48.21:136][  0]LogMemory: Process Physical Memory: 120.55 MB used, 120.56 MB peak
[2019.10.26-11.48.21:136][  0]LogMemory: Process Virtual Memory: 83.78 MB used, 83.78 MB peak
[2019.10.26-11.48.21:136][  0]LogMemory: Physical Memory: 14780.69 MB used,  17907.29 MB free, 32687.98 MB total
[2019.10.26-11.48.21:136][  0]LogMemory: Virtual Memory: 4925.08 MB used,  134212800.00 MB free, 134217728.00 MB total
[2019.10.26-11.48.21:142][  0]LogWindows: WindowsPlatformFeatures enabled
[2019.10.26-11.48.21:215][  0]LogInit: Using OS detected language (it-IT).
[2019.10.26-11.48.21:215][  0]LogInit: Using OS detected locale (it-IT).
[2019.10.26-11.48.21:216][  0]LogTextLocalizationManager: No specific localization for 'it-IT' exists, so the 'it' localization will be used.
[2019.10.26-11.48.21:217][  0]LogTextLocalizationResource: LocRes '../../../Engine/Content/Localization/Editor/it/Editor.locres' could not be opened for reading!
[2019.10.26-11.48.21:217][  0]LogTextLocalizationResource: LocRes '../../../Engine/Content/Localization/EditorTutorials/it/EditorTutorials.locres' could not be opened for reading!
[2019.10.26-11.48.21:217][  0]LogTextLocalizationResource: LocRes '../../../Engine/Content/Localization/Keywords/it/Keywords.locres' could not be opened for reading!
[2019.10.26-11.48.21:217][  0]LogTextLocalizationResource: LocRes '../../../Engine/Content/Localization/Category/it/Category.locres' could not be opened for reading!
[2019.10.26-11.48.21:217][  0]LogTextLocalizationResource: LocRes '../../../Engine/Content/Localization/ToolTips/it/ToolTips.locres' could not be opened for reading!
[2019.10.26-11.48.21:218][  0]LogTextLocalizationResource: LocRes '../../../Engine/Content/Localization/PropertyNames/it/PropertyNames.locres' could not be opened for reading!
[2019.10.26-11.48.21:218][  0]LogTextLocalizationResource: LocRes '../../../Engine/Content/Localization/Engine/it/Engine.locres' could not be opened for reading!
[2019.10.26-11.48.21:219][  0]LogInit: Setting process to per monitor DPI aware
[2019.10.26-11.48.21:298][  0]LogSlate: New Slate User Created.  User Index 0, Is Virtual User: 0
[2019.10.26-11.48.21:298][  0]LogSlate: Slate User Registered.  User Index 0, Is Virtual User: 0
[2019.10.26-11.48.21:500][  0]LogHMD: Failed to initialize OpenVR with code 110
[2019.10.26-11.48.21:500][  0]LogD3D11RHI: D3D11 adapters:
[2019.10.26-11.48.21:594][  0]LogD3D11RHI:    0. 'NVIDIA GeForce GTX 1080 Ti' (Feature Level 11_0)
[2019.10.26-11.48.21:594][  0]LogD3D11RHI:       11128/0/16343 MB DedicatedVideo/DedicatedSystem/SharedSystem, Outputs:2, VendorId:0x10de
[2019.10.26-11.48.21:598][  0]LogD3D11RHI:    1. 'Microsoft Basic Render Driver' (Feature Level 11_0)
[2019.10.26-11.48.21:599][  0]LogD3D11RHI:       0/0/16343 MB DedicatedVideo/DedicatedSystem/SharedSystem, Outputs:0, VendorId:0x1414
[2019.10.26-11.48.21:599][  0]LogD3D11RHI: Chosen D3D11 Adapter: 0
[2019.10.26-11.48.21:614][  0]LogD3D11RHI: Creating new Direct3DDevice
[2019.10.26-11.48.21:614][  0]LogD3D11RHI:     GPU DeviceId: 0x1b06 (for the marketing name, search the web for "GPU Device Id")
[2019.10.26-11.48.21:614][  0]LogWindows: EnumDisplayDevices:
[2019.10.26-11.48.21:615][  0]LogWindows:    0. 'NVIDIA GeForce GTX 1080 Ti' (P:1 D:1)
[2019.10.26-11.48.21:615][  0]LogWindows:    1. 'NVIDIA GeForce GTX 1080 Ti' (P:0 D:1)
[2019.10.26-11.48.21:615][  0]LogWindows:    2. 'NVIDIA GeForce GTX 1080 Ti' (P:0 D:0)
[2019.10.26-11.48.21:615][  0]LogWindows:    3. 'NVIDIA GeForce GTX 1080 Ti' (P:0 D:0)
[2019.10.26-11.48.21:616][  0]LogWindows: DebugString: FoundDriverCount:4 
[2019.10.26-11.48.21:616][  0]LogD3D11RHI:     Adapter Name: NVIDIA GeForce GTX 1080 Ti
[2019.10.26-11.48.21:616][  0]LogD3D11RHI:   Driver Version: 430.86 (internal:26.21.14.3086, unified:430.86)
[2019.10.26-11.48.21:616][  0]LogD3D11RHI:      Driver Date: 5-22-2019
[2019.10.26-11.48.21:616][  0]LogRHI: Texture pool is 7789 MB (70% of 11128 MB)
[2019.10.26-11.48.21:652][  0]LogD3D11RHI: Async texture creation enabled
[2019.10.26-11.48.21:663][  0]LogD3D11RHI: GPU Timing Frequency: 1000.000000 (Debug: 2 1)
[2019.10.26-11.48.21:935][  0]LogTemp: Display: Module 'AllDesktopTargetPlatform' loaded TargetPlatform 'AllDesktop'
[2019.10.26-11.48.21:965][  0]LogTemp: Display: Module 'MacClientTargetPlatform' loaded TargetPlatform 'MacClient'
[2019.10.26-11.48.21:995][  0]LogTemp: Display: Module 'MacNoEditorTargetPlatform' loaded TargetPlatform 'MacNoEditor'
[2019.10.26-11.48.22:024][  0]LogTemp: Display: Module 'MacServerTargetPlatform' loaded TargetPlatform 'MacServer'
[2019.10.26-11.48.22:055][  0]LogTemp: Display: Module 'MacTargetPlatform' loaded TargetPlatform 'Mac'
[2019.10.26-11.48.22:084][  0]LogTemp: Display: Module 'WindowsClientTargetPlatform' loaded TargetPlatform 'WindowsClient'
[2019.10.26-11.48.22:115][  0]LogTemp: Display: Module 'WindowsNoEditorTargetPlatform' loaded TargetPlatform 'WindowsNoEditor'
[2019.10.26-11.48.22:145][  0]LogTemp: Display: Module 'WindowsServerTargetPlatform' loaded TargetPlatform 'WindowsServer'
[2019.10.26-11.48.22:160][  0]LogTemp: Display: Module 'WindowsTargetPlatform' loaded TargetPlatform 'Windows'
[2019.10.26-11.48.22:264][  0]LogTemp: Display: Module 'AndroidTargetPlatform' loaded TargetPlatform 'Android'
[2019.10.26-11.48.22:264][  0]LogTemp: Display: Module 'AndroidTargetPlatform' loaded TargetPlatform 'Android_ASTC'
[2019.10.26-11.48.22:264][  0]LogTemp: Display: Module 'AndroidTargetPlatform' loaded TargetPlatform 'Android_ATC'
[2019.10.26-11.48.22:264][  0]LogTemp: Display: Module 'AndroidTargetPlatform' loaded TargetPlatform 'Android_DXT'
[2019.10.26-11.48.22:264][  0]LogTemp: Display: Module 'AndroidTargetPlatform' loaded TargetPlatform 'Android_ETC1'
[2019.10.26-11.48.22:264][  0]LogTemp: Display: Module 'AndroidTargetPlatform' loaded TargetPlatform 'Android_ETC1a'
[2019.10.26-11.48.22:264][  0]LogTemp: Display: Module 'AndroidTargetPlatform' loaded TargetPlatform 'Android_ETC2'
[2019.10.26-11.48.22:264][  0]LogTemp: Display: Module 'AndroidTargetPlatform' loaded TargetPlatform 'Android_PVRTC'
[2019.10.26-11.48.22:265][  0]LogTemp: Display: Module 'AndroidTargetPlatform' loaded TargetPlatform 'AndroidClient'
[2019.10.26-11.48.22:265][  0]LogTemp: Display: Module 'AndroidTargetPlatform' loaded TargetPlatform 'Android_ASTCClient'
[2019.10.26-11.48.22:265][  0]LogTemp: Display: Module 'AndroidTargetPlatform' loaded TargetPlatform 'Android_ATCClient'
[2019.10.26-11.48.22:265][  0]LogTemp: Display: Module 'AndroidTargetPlatform' loaded TargetPlatform 'Android_DXTClient'
[2019.10.26-11.48.22:265][  0]LogTemp: Display: Module 'AndroidTargetPlatform' loaded TargetPlatform 'Android_ETC1Client'
[2019.10.26-11.48.22:265][  0]LogTemp: Display: Module 'AndroidTargetPlatform' loaded TargetPlatform 'Android_ETC1aClient'
[2019.10.26-11.48.22:265][  0]LogTemp: Display: Module 'AndroidTargetPlatform' loaded TargetPlatform 'Android_ETC2Client'
[2019.10.26-11.48.22:265][  0]LogTemp: Display: Module 'AndroidTargetPlatform' loaded TargetPlatform 'Android_PVRTCClient'
[2019.10.26-11.48.22:265][  0]LogTemp: Display: Module 'AndroidTargetPlatform' loaded TargetPlatform 'Android_Multi'
[2019.10.26-11.48.22:265][  0]LogTemp: Display: Module 'AndroidTargetPlatform' loaded TargetPlatform 'Android_MultiClient'
[2019.10.26-11.48.22:273][  0]LogTemp: Display: Module 'HTML5TargetPlatform' loaded TargetPlatform 'HTML5'
[2019.10.26-11.48.22:342][  0]LogTemp: Display: Module 'IOSTargetPlatform' loaded TargetPlatform 'IOSClient'
[2019.10.26-11.48.22:342][  0]LogTemp: Display: Module 'IOSTargetPlatform' loaded TargetPlatform 'IOS'
[2019.10.26-11.48.22:390][  0]LogTemp: Display: Module 'TVOSTargetPlatform' loaded TargetPlatform 'TVOSClient'
[2019.10.26-11.48.22:390][  0]LogTemp: Display: Module 'TVOSTargetPlatform' loaded TargetPlatform 'TVOS'
[2019.10.26-11.48.22:475][  0]LogTemp: Display: Module 'LuminTargetPlatform' loaded TargetPlatform 'Lumin'
[2019.10.26-11.48.22:475][  0]LogTemp: Display: Module 'LuminTargetPlatform' loaded TargetPlatform 'LuminClient'
[2019.10.26-11.48.22:475][  0]LogTargetPlatformManager: Display: Building Assets For Windows
[2019.10.26-11.48.22:511][  0]LogAudioDebug: Display: Lib vorbis DLL was dynamically loaded.
[2019.10.26-11.48.22:665][  0]LogShaderCompilers: Guid format shader working directory is 4 characters bigger than the processId version (C:/Users/miche/source/Repos/MeetupNov2019/Intermediate/Shaders/WorkingDirectory/46864/).
[2019.10.26-11.48.22:666][  0]LogShaderCompilers: Cleaned the shader compiler working directory 'C:/Users/miche/AppData/Local/Temp/UnrealShaderWorkingDir/2FF56F5F4EEA937C8DCE4BA814AF035B/'.
[2019.10.26-11.48.22:670][  0]LogXGEController: Cleaning working directory: C:/Users/miche/AppData/Local/Temp/UnrealXGEWorkingDir/
[2019.10.26-11.48.22:670][  0]LogXGEController: Cannot use XGE Controller as Incredibuild is not installed on this machine.
[2019.10.26-11.48.22:670][  0]LogShaderCompilers: Cannot use XGE Shader Compiler as Incredibuild is not installed on this machine.
[2019.10.26-11.48.22:670][  0]LogShaderCompilers: Display: Using Local Shader Compiler.
[2019.10.26-11.48.24:033][  0]LogDerivedDataCache: Display: Max Cache Size: 512 MB
[2019.10.26-11.48.24:081][  0]LogDerivedDataCache: Loaded boot cache 0.05s 73MB C:/Users/miche/source/Repos/MeetupNov2019/DerivedDataCache/Boot.ddc.
[2019.10.26-11.48.24:081][  0]LogDerivedDataCache: Display: Loaded Boot cache: C:/Users/miche/source/Repos/MeetupNov2019/DerivedDataCache/Boot.ddc
[2019.10.26-11.48.24:081][  0]LogDerivedDataCache: FDerivedDataBackendGraph:  Pak pak cache file C:/Users/miche/source/Repos/MeetupNov2019/DerivedDataCache/DDC.ddp not found, will not use a pak cache.
[2019.10.26-11.48.24:081][  0]LogDerivedDataCache: Unable to find inner node Pak for hierarchical cache Hierarchy.
[2019.10.26-11.48.24:082][  0]LogDerivedDataCache: FDerivedDataBackendGraph:  EnginePak pak cache file ../../../Engine/DerivedDataCache/DDC.ddp not found, will not use a pak cache.
[2019.10.26-11.48.24:082][  0]LogDerivedDataCache: Unable to find inner node EnginePak for hierarchical cache Hierarchy.
[2019.10.26-11.48.24:084][  0]LogDerivedDataCache: Using Local data cache path ../../../Engine/DerivedDataCache: Writable
[2019.10.26-11.48.24:084][  0]LogDerivedDataCache: Shared data cache path not found in *engine.ini, will not use an Shared cache.
[2019.10.26-11.48.24:084][  0]LogDerivedDataCache: Unable to find inner node Shared for hierarchical cache Hierarchy.
[2019.10.26-11.48.24:178][  0]LogMaterial: Verifying Global Shaders for PCD3D_SM5
[2019.10.26-11.48.24:209][  0]LogSlate: Using FreeType 2.6.0
[2019.10.26-11.48.24:216][  0]LogSlate: SlateFontServices - WITH_FREETYPE: 1, WITH_HARFBUZZ: 1
[2019.10.26-11.48.24:342][  0]LogAssetRegistry: FAssetRegistry took 0.0121 seconds to start up
[2019.10.26-11.48.25:455][  0]LogInit: Selected Device Profile: [Windows]
[2019.10.26-11.48.25:919][  0]LogMeshReduction: Using QuadricMeshReduction for automatic static mesh reduction
[2019.10.26-11.48.25:919][  0]LogMeshReduction: Using SimplygonMeshReduction for automatic skeletal mesh reduction
[2019.10.26-11.48.25:919][  0]LogMeshReduction: Using ProxyLODMeshReduction for automatic mesh merging
[2019.10.26-11.48.25:919][  0]LogMeshReduction: No distributed automatic mesh merging module available
[2019.10.26-11.48.25:919][  0]LogMeshMerging: No distributed automatic mesh merging module available
[2019.10.26-11.48.25:940][  0]LogNetVersion: MeetupNov2019 1.0.0, NetCL: 0, EngineNetVer: 11, GameNetVer: 0 (Checksum: 3497238892)
[2019.10.26-11.48.27:216][  0]LogPackageLocalizationCache: Processed 12 localized package path(s) for 1 prioritized culture(s) in 0.187575 seconds
[2019.10.26-11.48.27:247][  0]LogUObjectArray: 43428 objects as part of root set at end of initial load.
[2019.10.26-11.48.27:248][  0]LogUObjectAllocator: 7545656 out of 0 bytes used by permanent object pool.
[2019.10.26-11.48.27:248][  0]LogUObjectArray: CloseDisregardForGC: 0/0 objects in disregard for GC pool
[2019.10.26-11.48.29:289][  0]LogTcpMessaging: Initializing TcpMessaging bridge
[2019.10.26-11.48.29:302][  0]LogUdpMessaging: Initializing bridge on interface 0.0.0.0:0 to multicast group 230.0.0.1:6666.
[2019.10.26-11.48.29:546][  0]SourceControl: Source control is disabled
[2019.10.26-11.48.29:546][  0]SourceControl: Source control is disabled
[2019.10.26-11.48.29:559][  0]SourceControl: Source control is disabled
[2019.10.26-11.48.29:566][  0]SourceControl: Source control is disabled
[2019.10.26-11.48.29:944][  0]LogAndroidPermission: UAndroidPermissionCallbackProxy::GetInstance
[2019.10.26-11.48.30:295][  0]LogOcInput: OculusInput pre-init called
[2019.10.26-11.48.30:322][  0]LogWindows: Failed to load 'OVRPlugin.dll' (GetLastError=126)
[2019.10.26-11.48.30:323][  0]LogWindows: File 'OVRPlugin.dll' does not exist
[2019.10.26-11.48.30:594][  0]LogEngine: Initializing Engine...
[2019.10.26-11.48.30:595][  0]LogHMD: Failed to initialize OpenVR with code 110
[2019.10.26-11.48.30:598][  0]LogStats: UGameplayTagsManager::InitializeManager -  0.000 s
[2019.10.26-11.48.31:212][  0]LogInit: Initializing FReadOnlyCVARCache
[2019.10.26-11.48.31:243][  0]LogAIModule: Creating AISystem for world Untitled
[2019.10.26-11.48.31:300][  0]LogInit: XAudio2 using 'Altoparlanti (Explorer² USB DAC)' : 2 channels at 44.1 kHz using 32 bits per sample (channel mask 0x3)
[2019.10.26-11.48.31:316][  0]LogInit: FAudioDevice initialized.
[2019.10.26-11.48.31:317][  0]LogNetVersion: Set ProjectVersion to 1.0.0.0. Version Checksum will be recalculated on next use.
[2019.10.26-11.48.31:389][  0]LogDerivedDataCache: Saved boot cache 0.07s 73MB C:/Users/miche/source/Repos/MeetupNov2019/DerivedDataCache/Boot.ddc.
[2019.10.26-11.48.31:401][  0]LogInit: Texture streaming: Enabled
[2019.10.26-11.48.31:530][  0]LogInit: Transaction tracking system initialized
[2019.10.26-11.48.31:624][  0]BlueprintLog: New page: Editor Load
[2019.10.26-11.48.31:865][  0]LocalizationService: Localization service is disabled
[2019.10.26-11.48.32:533][  0]LogFileCache: Scanning file cache for directory 'C:/Users/miche/source/Repos/MeetupNov2019/Content/' took 0.00s
[2019.10.26-11.48.32:533][  0]LogCook: Display: Max memory allowance for cook 16384mb min free memory 0mb
[2019.10.26-11.48.32:533][  0]LogCook: Display: Mobile HDR setting 1
[2019.10.26-11.48.33:129][  0]SourceControl: Source control is disabled
[2019.10.26-11.48.33:129][  0]Cmd: MAP LOAD FILE="../../../Engine/Content/Maps/Templates/Template_Default.umap" TEMPLATE=1 SHOWPROGRESS=1 FEATURELEVEL=3
[2019.10.26-11.48.33:130][  0]LightingResults: New page: Lighting Build
[2019.10.26-11.48.33:134][  0]LogWorld: UWorld::CleanupWorld for Untitled, bSessionEnded=true, bCleanupResources=true
[2019.10.26-11.48.33:135][  0]MapCheck: New page: Map Check
[2019.10.26-11.48.33:135][  0]LightingResults: New page: Lighting Build
[2019.10.26-11.48.33:206][  0]LogUObjectHash: Compacting FUObjectHashTables data took   7.86ms
[2019.10.26-11.48.33:499][  0]LogAIModule: Creating AISystem for world Untitled_1
[2019.10.26-11.48.33:512][  0]LogEditorServer: Finished looking for orphan Actors (0.000 secs)
[2019.10.26-11.48.33:578][  0]LogUObjectHash: Compacting FUObjectHashTables data took   9.60ms
[2019.10.26-11.48.33:579][  0]Cmd: MAP CHECKDEP NOCLEARLOG
[2019.10.26-11.48.33:579][  0]MapCheck: Map check complete: 0 Error(s), 0 Warning(s), took 0,189ms to complete.
[2019.10.26-11.48.33:579][  0]LogFileHelpers: Loading map 'Template_Default' took 0.450
[2019.10.26-11.48.33:745][  0]LogSlate: Updating window title bar state: overlay mode, drag disabled, window buttons hidden, title bar hidden
[2019.10.26-11.48.33:771][  0]LogSlate: Updating window title bar state: overlay mode, drag disabled, window buttons hidden, title bar hidden
[2019.10.26-11.48.33:797][  0]LogSlate: Updating window title bar state: overlay mode, drag disabled, window buttons hidden, title bar hidden
[2019.10.26-11.48.33:822][  0]LogSlate: Updating window title bar state: overlay mode, drag disabled, window buttons hidden, title bar hidden
[2019.10.26-11.48.33:839][  0]LogCollectionManager: Loaded 0 collections in 0.003065 seconds
[2019.10.26-11.48.33:857][  0]LogFileCache: Scanning file cache for directory 'C:/Users/miche/source/Repos/MeetupNov2019/Saved/Collections/' took 0.00s
[2019.10.26-11.48.33:857][  0]LogFileCache: Scanning file cache for directory 'C:/Users/miche/source/Repos/MeetupNov2019/Content/Developers/miche/Collections/' took 0.00s
[2019.10.26-11.48.33:857][  0]LogFileCache: Scanning file cache for directory 'C:/Users/miche/source/Repos/MeetupNov2019/Content/Collections/' took 0.00s
[2019.10.26-11.48.33:857][  0]LogCollectionManager: Rebuilt the GUID cache for 0 collections in 0.000005 seconds
[2019.10.26-11.48.33:892][  0]LogContentBrowser: Native class hierarchy populated in 0.0342 seconds. Added 2865 classes and 681 folders.
[2019.10.26-11.48.33:904][  0]LogContentBrowser: Native class hierarchy updated for 'WidgetCarousel' in 0.0007 seconds. Added 0 classes and 0 folders.
[2019.10.26-11.48.33:962][  0]LogContentBrowser: Native class hierarchy updated for 'AddContentDialog' in 0.0007 seconds. Added 0 classes and 0 folders.
[2019.10.26-11.48.33:985][  0]LogContentBrowser: Native class hierarchy updated for 'SceneOutliner' in 0.0008 seconds. Added 1 classes and 2 folders.
[2019.10.26-11.48.34:178][  0]LogSlate: Took 0.000161 seconds to synchronously load lazily loaded font '../../../Engine/Content/Slate/Fonts/Roboto-Regular.ttf' (155K)
[2019.10.26-11.48.34:181][  0]LogSlate: Took 0.000170 seconds to synchronously load lazily loaded font '../../../Engine/Content/Slate/Fonts/Roboto-Bold.ttf' (160K)
[2019.10.26-11.48.34:188][  0]LogSlate: Took 0.000206 seconds to synchronously load lazily loaded font '../../../Engine/Content/Editor/Slate/Fonts/FontAwesome.ttf' (139K)
[2019.10.26-11.48.34:189][  0]LogSlate: Took 0.000203 seconds to synchronously load lazily loaded font '../../../Engine/Content/Slate/Fonts/DroidSansMono.ttf' (77K)
[2019.10.26-11.48.34:527][  0]LogRenderer: Reallocating scene render targets to support 1488x808 Format 10 NumSamples 1 (Frame:1).
[2019.10.26-11.48.34:664][  0]LogContentBrowser: Native class hierarchy updated for 'HierarchicalLODOutliner' in 0.0007 seconds. Added 0 classes and 0 folders.
[2019.10.26-11.48.34:665][  0]LogLoad: (Engine Initialization) Total time: 15.08 seconds
[2019.10.26-11.48.34:665][  0]LogLoad: (Engine Initialization) Total Blueprint compile time: 0.00 seconds
[2019.10.26-11.48.34:826][  0]LogContentStreaming: Texture pool size now 1000 MB
[2019.10.26-11.48.34:989][  2]LogAssetRegistry: Asset discovery search completed in 10.6514 seconds
[2019.10.26-11.48.35:009][  2]LogCollectionManager: Rebuilt the object cache for 0 collections in 0.000003 seconds (found 0 objects)
[2019.10.26-11.48.35:010][  2]LogCollectionManager: Fixed up redirectors for 0 collections in 0.000644 seconds (updated 0 objects)
[2019.10.26-11.48.35:911][ 56]LogSlate: FSceneViewport::OnFocusLost() reason 0
[2019.10.26-11.48.35:978][ 60]LogTemp: Repeating last play command: Selected Viewport
[2019.10.26-11.48.35:995][ 60]LogBlueprintUserMessages: Early PlayInEditor Detection: Level '/Temp/Untitled_1.Untitled_1:PersistentLevel' has LevelScriptBlueprint '/Temp/Untitled_1.Untitled_1:PersistentLevel.Untitled' with GeneratedClass '/Temp/Untitled_1.Untitled_C' with ClassGeneratedBy '/Temp/Untitled_1.Untitled_1:PersistentLevel.Untitled'
[2019.10.26-11.48.35:996][ 60]LogPlayLevel: PlayLevel: No blueprints needed recompiling
[2019.10.26-11.48.35:997][ 60]PIE: New page: PIE session: Untitled_1 (26/ott/2019 15:48:35)
[2019.10.26-11.48.35:999][ 60]LogOnline: OSS: Creating online subsystem instance for: NULL
[2019.10.26-11.48.36:000][ 60]LogPlayLevel: Creating play world package: /Temp/UEDPIE_0_Untitled_1
[2019.10.26-11.48.36:010][ 60]LogPlayLevel: PIE: StaticDuplicateObject took: (0.008591s)
[2019.10.26-11.48.36:013][ 60]LogAIModule: Creating AISystem for world Untitled_1
[2019.10.26-11.48.36:013][ 60]LogPlayLevel: PIE: World Init took: (0.003118s)
[2019.10.26-11.48.36:013][ 60]LogPlayLevel: PIE: Created PIE world by copying editor world from /Temp/Untitled_1.Untitled_1 to /Temp/UEDPIE_0_Untitled_1.Untitled_1 (0.012998s)
[2019.10.26-11.48.36:082][ 60]LogUObjectHash: Compacting FUObjectHashTables data took   6.92ms
[2019.10.26-11.48.36:113][ 60]LogInit: XAudio2 using 'Altoparlanti (Explorer² USB DAC)' : 2 channels at 44.1 kHz using 32 bits per sample (channel mask 0x3)
[2019.10.26-11.48.36:119][ 60]LogInit: FAudioDevice initialized.
[2019.10.26-11.48.36:144][ 60]LogLoad: Game class is 'MeetupNov2019GameModeBase_BP_C'
[2019.10.26-11.48.36:147][ 60]LogWorld: Bringing World /Temp/UEDPIE_0_Untitled_1.Untitled_1 up for play (max tick rate 0) at 2019.10.26-13.48.36
[2019.10.26-11.48.36:148][ 60]LogWorld: Bringing up level for play took: 0.002013
[2019.10.26-11.48.36:149][ 60]LogOnline: OSS: Creating online subsystem instance for: :Context_1
[2019.10.26-11.48.36:165][ 60]LogContentBrowser: Native class hierarchy updated for 'MovieSceneCapture' in 0.0009 seconds. Added 20 classes and 0 folders.
[2019.10.26-11.48.36:172][ 60]PIE: Play in editor start time for /Temp/UEDPIE_0_Untitled_1 0,901
[2019.10.26-11.48.36:172][ 60]LogBlueprintUserMessages: Late PlayInEditor Detection: Level '/Temp/Untitled_1.Untitled_1:PersistentLevel' has LevelScriptBlueprint '/Temp/Untitled_1.Untitled_1:PersistentLevel.Untitled' with GeneratedClass '/Temp/Untitled_1.Untitled_C' with ClassGeneratedBy '/Temp/Untitled_1.Untitled_1:PersistentLevel.Untitled'
[2019.10.26-11.49.05:327][805]LogBlueprintUserMessages: Early EndPlayMap Detection: Level '/Temp/Untitled_1.Untitled_1:PersistentLevel' has LevelScriptBlueprint '/Temp/Untitled_1.Untitled_1:PersistentLevel.Untitled' with GeneratedClass '/Temp/Untitled_1.Untitled_C' with ClassGeneratedBy '/Temp/Untitled_1.Untitled_1:PersistentLevel.Untitled'
[2019.10.26-11.49.05:330][805]LogSlate: Updating window title bar state: overlay mode, drag disabled, window buttons hidden, title bar hidden
[2019.10.26-11.49.05:331][805]LogWorld: BeginTearingDown for /Temp/UEDPIE_0_Untitled_1
[2019.10.26-11.49.05:331][805]LogWorld: UWorld::CleanupWorld for Untitled_1, bSessionEnded=true, bCleanupResources=true
[2019.10.26-11.49.05:342][805]LogPlayLevel: Display: Shutting down PIE online subsystems
[2019.10.26-11.49.05:343][805]LogBlueprintUserMessages: Late EndPlayMap Detection: Level '/Temp/Untitled_1.Untitled_1:PersistentLevel' has LevelScriptBlueprint '/Temp/Untitled_1.Untitled_1:PersistentLevel.Untitled' with GeneratedClass '/Temp/Untitled_1.Untitled_C' with ClassGeneratedBy '/Temp/Untitled_1.Untitled_1:PersistentLevel.Untitled'
[2019.10.26-11.49.05:410][805]LogSlate: Updating window title bar state: overlay mode, drag disabled, window buttons hidden, title bar hidden
[2019.10.26-11.49.05:422][805]LogUObjectHash: Compacting FUObjectHashTables data took   8.23ms
[2019.10.26-11.49.05:467][806]LogPlayLevel: Display: Destroying online subsystem :Context_1
[2019.10.26-11.49.08:589][994]LogSlate: FSceneViewport::OnFocusLost() reason 0
[2019.10.26-11.49.17:735][554]LogUObjectHash: Compacting FUObjectHashTables data took   2.85ms
[2019.10.26-11.49.17:819][554]LogSlate: Window 'MeetupNov2019 [Debug] - Unreal Editor' being destroyed
[2019.10.26-11.49.17:821][554]LogWindowsTextInputMethodSystem: Display: IME system now deactivated.
[2019.10.26-11.49.17:825][554]LogWindowsTextInputMethodSystem: Display: IME system now deactivated.
[2019.10.26-11.49.18:001][555]Cmd: QUIT_EDITOR
[2019.10.26-11.49.18:883][555]LogExit: Preparing to exit.
[2019.10.26-11.49.19:423][555]LogDemo: Cleaned up 0 splitscreen connections with owner deletion
[2019.10.26-11.49.19:442][555]LogWorld: UWorld::CleanupWorld for None, bSessionEnded=true, bCleanupResources=true
[2019.10.26-11.49.19:442][555]LogExit: Editor shut down
[2019.10.26-11.49.19:446][555]LogExit: Transaction tracking system shut down
[2019.10.26-11.49.20:031][555]LogExit: Object subsystem successfully closed.
[2019.10.26-11.49.20:075][555]LogShaderCompilers: Display: Shaders left to compile 0
[2019.10.26-11.49.20:152][555]LogModuleManager: Shutting down and abandoning module MovieSceneCapture (656)
[2019.10.26-11.49.20:153][555]LogModuleManager: Shutting down and abandoning module Voice (654)
[2019.10.26-11.49.20:153][555]LogModuleManager: Shutting down and abandoning module HierarchicalLODOutliner (652)
[2019.10.26-11.49.20:154][555]LogModuleManager: Shutting down and abandoning module SceneOutliner (650)
[2019.10.26-11.49.20:154][555]LogModuleManager: Shutting down and abandoning module AddContentDialog (648)
[2019.10.26-11.49.20:155][555]LogModuleManager: Shutting down and abandoning module WidgetCarousel (647)
[2019.10.26-11.49.20:155][555]LogModuleManager: Shutting down and abandoning module EditorWidgets (644)
[2019.10.26-11.49.20:155][555]LogModuleManager: Shutting down and abandoning module CollectionManager (642)
[2019.10.26-11.49.20:156][555]LogModuleManager: Shutting down and abandoning module LauncherPlatform (640)
[2019.10.26-11.49.20:157][555]LogModuleManager: Shutting down and abandoning module HierarchicalLODUtilities (638)
[2019.10.26-11.49.20:157][555]LogModuleManager: Shutting down and abandoning module StatsViewer (636)
[2019.10.26-11.49.20:158][555]LogModuleManager: Shutting down and abandoning module VirtualTexturingEditor (634)
[2019.10.26-11.49.20:158][555]LogModuleManager: Shutting down and abandoning module FoliageEdit (632)
[2019.10.26-11.49.20:158][555]LogModuleManager: Shutting down and abandoning module LandscapeEditor (630)
[2019.10.26-11.49.20:160][555]LogModuleManager: Shutting down and abandoning module MeshPaintMode (628)
[2019.10.26-11.49.20:161][555]LogModuleManager: Shutting down and abandoning module SceneDepthPickerMode (626)
[2019.10.26-11.49.20:161][555]LogModuleManager: Shutting down and abandoning module ActorPickerMode (624)
[2019.10.26-11.49.20:161][555]LogModuleManager: Shutting down and abandoning module GeometryMode (622)
[2019.10.26-11.49.20:161][555]LogModuleManager: Shutting down and abandoning module TextureAlignMode (620)
[2019.10.26-11.49.20:161][555]LogModuleManager: Shutting down and abandoning module BspMode (618)
[2019.10.26-11.49.20:161][555]LogModuleManager: Shutting down and abandoning module PIEPreviewDeviceProfileSelector (616)
[2019.10.26-11.49.20:161][555]LogModuleManager: Shutting down and abandoning module SequenceRecorderSections (614)
[2019.10.26-11.49.20:162][555]LogModuleManager: Shutting down and abandoning module AutomationWorker (612)
[2019.10.26-11.49.20:162][555]LogModuleManager: Shutting down and abandoning module OculusMR (610)
[2019.10.26-11.49.20:163][555]LogModuleManager: Shutting down and abandoning module AudioCaptureEditor (608)
[2019.10.26-11.49.20:163][555]LogModuleManager: Shutting down and abandoning module MatineeToLevelSequence (606)
[2019.10.26-11.49.20:163][555]LogModuleManager: Shutting down and abandoning module LevelSequenceEditor (604)
[2019.10.26-11.49.20:164][555]LogModuleManager: Shutting down and abandoning module PlacementMode (603)
[2019.10.26-11.49.20:164][555]LogModuleManager: Shutting down and abandoning module MaterialEditor (602)
[2019.10.26-11.49.20:166][555]LogModuleManager: Shutting down and abandoning module ActorSequenceEditor (598)
[2019.10.26-11.49.20:166][555]LogModuleManager: Shutting down and abandoning module WmfMediaFactory (596)
[2019.10.26-11.49.20:166][555]LogModuleManager: Shutting down and abandoning module WmfMediaEditor (594)
[2019.10.26-11.49.20:166][555]LogModuleManager: Shutting down and abandoning module WebMMediaFactory (592)
[2019.10.26-11.49.20:167][555]LogModuleManager: Shutting down and abandoning module WebMMediaEditor (590)
[2019.10.26-11.49.20:167][555]LogModuleManager: Shutting down and abandoning module WebMMedia (588)
[2019.10.26-11.49.20:167][555]LogModuleManager: Shutting down and abandoning module MediaPlayerEditor (586)
[2019.10.26-11.49.20:167][555]LogModuleManager: Shutting down and abandoning module MediaCompositingEditor (584)
[2019.10.26-11.49.20:168][555]LogModuleManager: Shutting down and abandoning module SequenceRecorder (583)
[2019.10.26-11.49.20:168][555]LogModuleManager: Shutting down and abandoning module OpenExrWrapper (580)
[2019.10.26-11.49.20:169][555]LogModuleManager: Shutting down and abandoning module ImgMediaFactory (578)
[2019.10.26-11.49.20:169][555]LogModuleManager: Shutting down and abandoning module ImgMediaEditor (576)
[2019.10.26-11.49.20:169][555]LogModuleManager: Shutting down and abandoning module AvfMediaFactory (574)
[2019.10.26-11.49.20:169][555]LogModuleManager: Shutting down and abandoning module AvfMediaEditor (572)
[2019.10.26-11.49.20:169][555]LogModuleManager: Shutting down and abandoning module AndroidMediaFactory (570)
[2019.10.26-11.49.20:169][555]LogModuleManager: Shutting down and abandoning module AndroidMediaEditor (568)
[2019.10.26-11.49.20:169][555]LogModuleManager: Shutting down and abandoning module MagicLeapCameraPreviewFactory (566)
[2019.10.26-11.49.20:169][555]LogModuleManager: Shutting down and abandoning module MagicLeapMediaCodecFactory (564)
[2019.10.26-11.49.20:169][555]LogModuleManager: Shutting down and abandoning module MagicLeapMediaFactory (562)
[2019.10.26-11.49.20:169][555]LogModuleManager: Shutting down and abandoning module MagicLeapMediaEditor (560)
[2019.10.26-11.49.20:169][555]LogModuleManager: Shutting down and abandoning module CharacterAI (558)
[2019.10.26-11.49.20:169][555]LogModuleManager: Shutting down and abandoning module SmartSnapping (556)
[2019.10.26-11.49.20:169][555]LogModuleManager: Shutting down and abandoning module SessionServices (554)
[2019.10.26-11.49.20:170][555]LogModuleManager: Shutting down and abandoning module MeshPaint (552)
[2019.10.26-11.49.20:172][555]LogModuleManager: Shutting down and abandoning module ViewportSnapping (550)
[2019.10.26-11.49.20:172][555]LogModuleManager: Shutting down and abandoning module ViewportInteraction (548)
[2019.10.26-11.49.20:172][555]LogModuleManager: Shutting down and abandoning module ClothPainter (546)
[2019.10.26-11.49.20:173][555]LogModuleManager: Shutting down and abandoning module SkeletalMeshEditor (545)
[2019.10.26-11.49.20:175][555]LogModuleManager: Shutting down and abandoning module LogVisualizer (542)
[2019.10.26-11.49.20:177][555]LogModuleManager: Shutting down and abandoning module IntroTutorials (540)
[2019.10.26-11.49.20:177][555]LogModuleManager: Shutting down and abandoning module GameProjectGeneration (539)
[2019.10.26-11.49.20:177][555]LogModuleManager: Shutting down and abandoning module LuminPlatformEditor (536)
[2019.10.26-11.49.20:177][555]LogModuleManager: Shutting down and abandoning module IOSPlatformEditor (534)
[2019.10.26-11.49.20:178][555]LogModuleManager: Shutting down and abandoning module HTML5PlatformEditor (532)
[2019.10.26-11.49.20:178][555]LogModuleManager: Shutting down and abandoning module AndroidPlatformEditor (530)
[2019.10.26-11.49.20:178][555]LogModuleManager: Shutting down and abandoning module AndroidDeviceDetection (529)
[2019.10.26-11.49.20:401][555]LogModuleManager: Shutting down and abandoning module WindowsPlatformEditor (526)
[2019.10.26-11.49.20:401][555]LogModuleManager: Shutting down and abandoning module LuminRuntimeSettings (524)
[2019.10.26-11.49.20:401][555]LogModuleManager: Shutting down and abandoning module IOSRuntimeSettings (522)
[2019.10.26-11.49.20:401][555]LogModuleManager: Shutting down and abandoning module AndroidRuntimeSettings (520)
[2019.10.26-11.49.20:401][555]LogModuleManager: Shutting down and abandoning module TimeManagementEditor (518)
[2019.10.26-11.49.20:402][555]LogModuleManager: Shutting down and abandoning module InputBindingEditor (516)
[2019.10.26-11.49.20:402][555]LogModuleManager: Shutting down and abandoning module MergeActors (514)
[2019.10.26-11.49.20:402][555]LogModuleManager: Shutting down and abandoning module LocalizationDashboard (512)
[2019.10.26-11.49.20:402][555]LogModuleManager: Shutting down and abandoning module LocalizationService (511)
[2019.10.26-11.49.20:402][555]LogModuleManager: Shutting down and abandoning module HardwareTargeting (508)
[2019.10.26-11.49.20:402][555]LogModuleManager: Shutting down and abandoning module DeviceProfileEditor (506)
[2019.10.26-11.49.20:403][555]LogModuleManager: Shutting down and abandoning module UndoHistory (504)
[2019.10.26-11.49.20:403][555]LogModuleManager: Shutting down and abandoning module XmlParser (502)
[2019.10.26-11.49.20:403][555]LogModuleManager: Shutting down and abandoning module Blutility (500)
[2019.10.26-11.49.20:403][555]LogModuleManager: Shutting down and abandoning module ProjectSettingsViewer (498)
[2019.10.26-11.49.20:403][555]LogModuleManager: Shutting down and abandoning module ProjectTargetPlatformEditor (497)
[2019.10.26-11.49.20:404][555]LogModuleManager: Shutting down and abandoning module EditorSettingsViewer (494)
[2019.10.26-11.49.20:404][555]LogModuleManager: Shutting down and abandoning module SettingsEditor (492)
[2019.10.26-11.49.20:404][555]LogModuleManager: Shutting down and abandoning module ProjectLauncher (490)
[2019.10.26-11.49.20:405][555]LogModuleManager: Shutting down and abandoning module SessionFrontend (488)
[2019.10.26-11.49.20:405][555]LogModuleManager: Shutting down and abandoning module ProfilerClient (486)
[2019.10.26-11.49.20:405][555]LogModuleManager: Shutting down and abandoning module DeviceManager (484)
[2019.10.26-11.49.20:407][555]LogModuleManager: Shutting down and abandoning module TargetDeviceServices (483)
[2019.10.26-11.49.20:448][555]LogModuleManager: Shutting down and abandoning module AutomationController (480)
[2019.10.26-11.49.20:449][555]LogModuleManager: Shutting down and abandoning module AutomationWindow (478)
[2019.10.26-11.49.20:450][555]LogModuleManager: Shutting down and abandoning module Layers (476)
[2019.10.26-11.49.20:453][555]LogModuleManager: Shutting down and abandoning module ComponentVisualizers (474)
[2019.10.26-11.49.20:453][555]LogModuleManager: Shutting down and abandoning module DetailCustomizations (472)
[2019.10.26-11.49.20:453][555]LogModuleManager: Shutting down and abandoning module PackagesDialog (470)
[2019.10.26-11.49.20:454][555]LogModuleManager: Shutting down and abandoning module AnimationBlueprintEditor (468)
[2019.10.26-11.49.20:456][555]LogModuleManager: Shutting down and abandoning module Persona (466)
[2019.10.26-11.49.20:456][555]LogModuleManager: Shutting down and abandoning module AdvancedPreviewScene (465)
[2019.10.26-11.49.20:456][555]LogModuleManager: Shutting down and abandoning module AnimGraph (463)
[2019.10.26-11.49.20:457][555]LogModuleManager: Shutting down and abandoning module Kismet (460)
[2019.10.26-11.49.20:457][555]LogModuleManager: Shutting down and abandoning module KismetWidgets (459)
[2019.10.26-11.49.20:457][555]LogModuleManager: Shutting down and abandoning module GraphEditor (456)
[2019.10.26-11.49.20:458][555]LogModuleManager: Shutting down and abandoning module StructViewer (454)
[2019.10.26-11.49.20:458][555]LogModuleManager: Shutting down and abandoning module ClassViewer (452)
[2019.10.26-11.49.20:458][555]LogModuleManager: Shutting down and abandoning module Toolbox (450)
[2019.10.26-11.49.20:458][555]LogModuleManager: Shutting down and abandoning module DesktopPlatform (449)
[2019.10.26-11.49.20:459][555]LogModuleManager: Shutting down and abandoning module ModuleUI (446)
[2019.10.26-11.49.20:460][555]LogModuleManager: Shutting down and abandoning module MovieSceneTools (444)
[2019.10.26-11.49.20:460][555]LogModuleManager: Shutting down and abandoning module OutputLog (442)
[2019.10.26-11.49.20:461][555]LogModuleManager: Shutting down and abandoning module GammaUI (440)
[2019.10.26-11.49.20:461][555]LogModuleManager: Shutting down and abandoning module Documentation (438)
[2019.10.26-11.49.20:461][555]LogModuleManager: Shutting down and abandoning module LiveCoding (436)
[2019.10.26-11.49.20:462][555]LogModuleManager: Shutting down and abandoning module LevelSequence (434)
[2019.10.26-11.49.20:462][555]LogModuleManager: Shutting down and abandoning module MovieSceneTracks (432)
[2019.10.26-11.49.20:462][555]LogModuleManager: Shutting down and abandoning module MovieScene (430)
[2019.10.26-11.49.20:462][555]LogModuleManager: Shutting down and abandoning module StreamingPauseRendering (428)
[2019.10.26-11.49.20:462][555]LogModuleManager: Shutting down and abandoning module PortalServices (426)
[2019.10.26-11.49.20:462][555]LogModuleManager: Shutting down and abandoning module PortalRpc (424)
[2019.10.26-11.49.20:462][555]LogModuleManager: Shutting down and abandoning module MessagingRpc (422)
[2019.10.26-11.49.20:463][555]LogModuleManager: Shutting down and abandoning module AIModule (420)
[2019.10.26-11.49.20:463][555]LogModuleManager: Shutting down and abandoning module GameplayDebugger (419)
[2019.10.26-11.49.20:463][555]LogModuleManager: Shutting down and abandoning module AITestSuite (417)
[2019.10.26-11.49.20:463][555]LogModuleManager: Shutting down and abandoning module NavigationSystem (415)
[2019.10.26-11.49.20:463][555]LogModuleManager: Shutting down and abandoning module ImageWriteQueue (412)
[2019.10.26-11.49.20:468][555]LogModuleManager: Shutting down and abandoning module ProfilerService (410)
[2019.10.26-11.49.20:561][555]LogModuleManager: Shutting down and abandoning module TaskGraph (408)
[2019.10.26-11.49.20:563][555]LogModuleManager: Shutting down and abandoning module ScreenshotTools (406)
[2019.10.26-11.49.20:563][555]LogModuleManager: Shutting down and abandoning module SteamVRController (404)
[2019.10.26-11.49.20:563][555]LogModuleManager: Shutting down and abandoning module ProceduralMeshComponentEditor (402)
[2019.10.26-11.49.20:563][555]LogModuleManager: Shutting down and abandoning module ProceduralMeshComponent (400)
[2019.10.26-11.49.20:563][555]LogModuleManager: Shutting down and abandoning module OculusEditor (398)
[2019.10.26-11.49.20:563][555]LogModuleManager: Shutting down and abandoning module OculusInput (396)
[2019.10.26-11.49.20:563][555]LogModuleManager: Shutting down and abandoning module MobilePatchingUtils (394)
[2019.10.26-11.49.20:563][555]LogModuleManager: Shutting down and abandoning module EditableMesh (392)
[2019.10.26-11.49.20:564][555]LogModuleManager: Shutting down and abandoning module CustomMeshComponent (390)
[2019.10.26-11.49.20:564][555]LogModuleManager: Shutting down and abandoning module CableComponent (388)
[2019.10.26-11.49.20:564][555]LogModuleManager: Shutting down and abandoning module AudioCapture (386)
[2019.10.26-11.49.20:564][555]LogModuleManager: Shutting down and abandoning module ArchVisCharacter (384)
[2019.10.26-11.49.20:564][555]LogModuleManager: Shutting down and abandoning module AppleImageUtilsBlueprintSupport (382)
[2019.10.26-11.49.20:564][555]LogModuleManager: Shutting down and abandoning module AppleImageUtils (380)
[2019.10.26-11.49.20:564][555]LogModuleManager: Shutting down and abandoning module AndroidPermission (378)
[2019.10.26-11.49.20:564][555]LogModuleManager: Shutting down and abandoning module NUTUnrealEngine4 (376)
[2019.10.26-11.49.20:564][555]LogModuleManager: Shutting down and abandoning module NetcodeUnitTest (374)
[2019.10.26-11.49.20:566][555]LogModuleManager: Shutting down and abandoning module MediaCompositing (372)
[2019.10.26-11.49.20:566][555]LogModuleManager: Shutting down and abandoning module ImgMedia (370)
[2019.10.26-11.49.20:566][555]LogModuleManager: Shutting down and abandoning module MagicLeapHelperVulkan (368)
[2019.10.26-11.49.20:566][555]LogModuleManager: Shutting down and abandoning module MagicLeapHelperOpenGL (366)
[2019.10.26-11.49.20:566][555]LogModuleManager: Shutting down and abandoning module MagicLeapAudio (364)
[2019.10.26-11.49.20:567][555]LogModuleManager: Shutting down and abandoning module HTML5Networking (362)
[2019.10.26-11.49.20:567][555]LogModuleManager: Shutting down and abandoning module GeometryCacheTracks (360)
[2019.10.26-11.49.20:567][555]LogModuleManager: Shutting down and abandoning module GeometryCacheSequencer (358)
[2019.10.26-11.49.20:567][555]LogModuleManager: Shutting down and abandoning module BackChannel (356)
[2019.10.26-11.49.20:567][555]LogModuleManager: Shutting down and abandoning module AutomationUtilsEditor (354)
[2019.10.26-11.49.20:567][555]LogModuleManager: Shutting down and abandoning module AutomationUtils (352)
[2019.10.26-11.49.20:567][555]LogModuleManager: Shutting down and abandoning module AlembicImporter (350)
[2019.10.26-11.49.20:567][555]LogModuleManager: Shutting down and abandoning module AlembicLibrary (349)
[2019.10.26-11.49.20:568][555]LogModuleManager: Shutting down and abandoning module GeometryCache (348)
[2019.10.26-11.49.20:568][555]LogModuleManager: Shutting down and abandoning module GeometryCacheEd (347)
[2019.10.26-11.49.20:568][555]LogModuleManager: Shutting down and abandoning module VariantManagerContent (342)
[2019.10.26-11.49.20:568][555]LogModuleManager: Shutting down and abandoning module DatasmithContentEditor (340)
[2019.10.26-11.49.20:568][555]LogModuleManager: Shutting down and abandoning module SpeedTreeImporter (338)
[2019.10.26-11.49.20:568][555]LogModuleManager: Shutting down and abandoning module PluginBrowser (336)
[2019.10.26-11.49.20:568][555]LogModuleManager: Shutting down and abandoning module MobileLauncherProfileWizard (334)
[2019.10.26-11.49.20:569][555]LogModuleManager: Shutting down and abandoning module MaterialAnalyzer (332)
[2019.10.26-11.49.20:569][555]LogModuleManager: Shutting down and abandoning module CurveEditorTools (330)
[2019.10.26-11.49.20:570][555]LogModuleManager: Shutting down and abandoning module CurveEditor (329)
[2019.10.26-11.49.20:572][555]LogModuleManager: Shutting down and abandoning module CryptoKeysOpenSSL (326)
[2019.10.26-11.49.20:572][555]LogModuleManager: Shutting down and abandoning module CryptoKeys (324)
[2019.10.26-11.49.20:572][555]LogModuleManager: Shutting down and abandoning module VisualStudioSourceCodeAccess (322)
[2019.10.26-11.49.20:572][555]LogModuleManager: Shutting down and abandoning module VisualStudioCodeSourceCodeAccess (320)
[2019.10.26-11.49.20:572][555]LogModuleManager: Shutting down and abandoning module UObjectPlugin (318)
[2019.10.26-11.49.20:572][555]LogModuleManager: Shutting down and abandoning module SubversionSourceControl (316)
[2019.10.26-11.49.20:573][555]LogModuleManager: Shutting down and abandoning module PerforceSourceControl (314)
[2019.10.26-11.49.20:575][555]LogModuleManager: Shutting down and abandoning module GitSourceControl (312)
[2019.10.26-11.49.20:576][555]LogModuleManager: Shutting down and abandoning module SourceControl (311)
[2019.10.26-11.49.20:576][555]LogModuleManager: Shutting down and abandoning module CLionSourceCodeAccess (308)
[2019.10.26-11.49.20:576][555]LogModuleManager: Shutting down and abandoning module AnimationSharingEd (306)
[2019.10.26-11.49.20:576][555]LogModuleManager: Shutting down and abandoning module ActorLayerUtilitiesEditor (304)
[2019.10.26-11.49.20:576][555]LogModuleManager: Shutting down and abandoning module ActorLayerUtilities (302)
[2019.10.26-11.49.20:577][555]LogModuleManager: Shutting down and abandoning module LightPropagationVolumeEditor (300)
[2019.10.26-11.49.20:577][555]LogModuleManager: Shutting down and abandoning module PaperTiledImporter (298)
[2019.10.26-11.49.20:577][555]LogModuleManager: Shutting down and abandoning module PaperSpriteSheetImporter (296)
[2019.10.26-11.49.20:577][555]LogModuleManager: Shutting down and abandoning module Paper2DEditor (294)
[2019.10.26-11.49.20:579][555]LogModuleManager: Shutting down and abandoning module MeetupNov2019 (292)
[2019.10.26-11.49.20:579][555]LogModuleManager: Shutting down and abandoning module SignificanceManager (290)
[2019.10.26-11.49.20:579][555]LogModuleManager: Shutting down and abandoning module RuntimePhysXCooking (288)
[2019.10.26-11.49.20:579][555]LogModuleManager: Shutting down and abandoning module PhysXVehiclesEditor (286)
[2019.10.26-11.49.20:579][555]LogModuleManager: Shutting down and abandoning module LocationServicesBPLibrary (282)
[2019.10.26-11.49.20:580][555]LogModuleManager: Shutting down and abandoning module ActorSequence (280)
[2019.10.26-11.49.20:580][555]LogModuleManager: Shutting down and abandoning module UdpMessaging (278)
[2019.10.26-11.49.20:681][555]LogModuleManager: Shutting down and abandoning module TcpMessaging (276)
[2019.10.26-11.49.20:782][555]LogModuleManager: Shutting down and abandoning module MagicLeapIdentity (274)
[2019.10.26-11.49.20:782][555]LogModuleManager: Shutting down and abandoning module MagicLeapSecureStorage (272)
[2019.10.26-11.49.20:782][555]LogModuleManager: Shutting down and abandoning module MagicLeapHandTracking (270)
[2019.10.26-11.49.20:782][555]LogModuleManager: Shutting down and abandoning module MagicLeapEyeTracker (268)
[2019.10.26-11.49.20:782][555]LogModuleManager: Shutting down and abandoning module MagicLeapController (266)
[2019.10.26-11.49.20:783][555]LogSlate: Slate User Destroyed.  User Index 0, Is Virtual User: 0
[2019.10.26-11.49.20:783][555]LogModuleManager: Shutting down and abandoning module MagicLeapAR (264)
[2019.10.26-11.49.20:783][555]LogModuleManager: Shutting down and abandoning module AugmentedReality (263)
[2019.10.26-11.49.20:784][555]LogModuleManager: Shutting down and abandoning module GameplayTagsEditor (260)
[2019.10.26-11.49.20:784][555]LogModuleManager: Shutting down and abandoning module FacialAnimationEditor (258)
[2019.10.26-11.49.20:784][555]LogModuleManager: Shutting down and abandoning module FacialAnimation (256)
[2019.10.26-11.49.20:784][555]LogModuleManager: Shutting down and abandoning module DataValidation (254)
[2019.10.26-11.49.20:784][555]LogModuleManager: Shutting down and abandoning module AssetManagerEditor (252)
[2019.10.26-11.49.20:785][555]LogModuleManager: Shutting down and abandoning module LevelEditor (251)
[2019.10.26-11.49.20:786][555]LogModuleManager: Shutting down and abandoning module PixelInspectorModule (250)
[2019.10.26-11.49.20:787][555]LogModuleManager: Shutting down and abandoning module CommonMenuExtensions (248)
[2019.10.26-11.49.20:787][555]LogModuleManager: Shutting down and abandoning module MainFrame (246)
[2019.10.26-11.49.20:788][555]LogModuleManager: Shutting down and abandoning module HotReload (245)
[2019.10.26-11.49.20:788][555]LogModuleManager: Shutting down and abandoning module ContentBrowser (241)
[2019.10.26-11.49.20:791][555]LogModuleManager: Shutting down and abandoning module TreeMap (239)
[2019.10.26-11.49.20:792][555]LogModuleManager: Shutting down and abandoning module AnimationSharing (236)
[2019.10.26-11.49.20:792][555]LogModuleManager: Shutting down and abandoning module LightPropagationVolumeRuntime (234)
[2019.10.26-11.49.20:792][555]LogModuleManager: Shutting down and abandoning module Paper2D (232)
[2019.10.26-11.49.20:792][555]LogModuleManager: Shutting down and abandoning module WindowsMoviePlayer (230)
[2019.10.26-11.49.20:798][555]LogModuleManager: Shutting down and abandoning module WebMMoviePlayer (228)
[2019.10.26-11.49.20:798][555]LogModuleManager: Shutting down and abandoning module NetworkReplayStreaming (226)
[2019.10.26-11.49.20:798][555]LogModuleManager: Shutting down and abandoning module PacketHandler (224)
[2019.10.26-11.49.20:799][555]LogModuleManager: Shutting down and abandoning module ClothingSystemEditor (222)
[2019.10.26-11.49.20:799][555]LogModuleManager: Shutting down and abandoning module ClothingSystemRuntime (220)
[2019.10.26-11.49.20:800][555]LogModuleManager: Shutting down and abandoning module MediaAssets (218)
[2019.10.26-11.49.20:801][555]LogModuleManager: Shutting down and abandoning module Overlay (216)
[2019.10.26-11.49.20:801][555]LogModuleManager: Shutting down and abandoning module OverlayEditor (215)
[2019.10.26-11.49.20:801][555]LogModuleManager: Shutting down and abandoning module VREditor (212)
[2019.10.26-11.49.20:801][555]LogModuleManager: Shutting down and abandoning module StringTableEditor (210)
[2019.10.26-11.49.20:802][555]LogModuleManager: Shutting down and abandoning module GameplayTasksEditor (208)
[2019.10.26-11.49.20:802][555]LogModuleManager: Shutting down and abandoning module BehaviorTreeEditor (206)
[2019.10.26-11.49.20:803][555]LogModuleManager: Shutting down and abandoning module FunctionalTesting (204)
[2019.10.26-11.49.20:803][555]LogModuleManager: Shutting down and abandoning module CollisionAnalyzer (202)
[2019.10.26-11.49.20:804][555]LogModuleManager: Shutting down and abandoning module WorkspaceMenuStructure (201)
[2019.10.26-11.49.20:805][555]LogModuleManager: Shutting down and abandoning module UMG (198)
[2019.10.26-11.49.20:805][555]LogModuleManager: Shutting down and abandoning module UMGEditor (197)
[2019.10.26-11.49.20:806][555]LogModuleManager: Shutting down and abandoning module Sequencer (196)
[2019.10.26-11.49.20:806][555]LogModuleManager: Shutting down and abandoning module MessageLog (193)
[2019.10.26-11.49.20:806][555]LogModuleManager: Shutting down and abandoning module SlateReflector (188)
[2019.10.26-11.49.20:806][555]LogModuleManager: Shutting down and abandoning module Slate (186)
[2019.10.26-11.49.20:806][555]LogModuleManager: Shutting down and abandoning module LandscapeEditorUtilities (184)
[2019.10.26-11.49.20:806][555]LogModuleManager: Shutting down and abandoning module EditorStyle (182)
[2019.10.26-11.49.20:809][555]LogModuleManager: Shutting down and abandoning module UnrealEd (180)
[2019.10.26-11.49.20:809][555]LogModuleManager: Shutting down and abandoning module MRMesh (178)
[2019.10.26-11.49.20:809][555]LogModuleManager: Shutting down and abandoning module SourceCodeAccess (176)
[2019.10.26-11.49.20:810][555]LogModuleManager: Shutting down and abandoning module HeadMountedDisplay (174)
[2019.10.26-11.49.20:810][555]LogModuleManager: Shutting down and abandoning module XAudio2 (172)
[2019.10.26-11.49.20:810][555]LogModuleManager: Shutting down and abandoning module Networking (170)
[2019.10.26-11.49.20:810][555]LogModuleManager: Shutting down and abandoning module Core (168)
[2019.10.26-11.49.20:810][555]LogModuleManager: Shutting down and abandoning module KismetCompiler (166)
[2019.10.26-11.49.20:811][555]LogModuleManager: Shutting down and abandoning module MeshUtilities (164)
[2019.10.26-11.49.20:811][555]LogModuleManager: Shutting down and abandoning module MeshMergeUtilities (163)
[2019.10.26-11.49.20:811][555]LogModuleManager: Shutting down and abandoning module MeshReductionInterface (162)
[2019.10.26-11.49.20:811][555]LogModuleManager: Shutting down and abandoning module SkeletalMeshReduction (161)
[2019.10.26-11.49.20:811][555]LogModuleManager: Shutting down and abandoning module ProxyLODMeshReduction (159)
[2019.10.26-11.49.20:811][555]LogModuleManager: Shutting down and abandoning module QuadricMeshReduction (157)
[2019.10.26-11.49.20:812][555]LogModuleManager: Shutting down and abandoning module MaterialBaking (153)
[2019.10.26-11.49.20:812][555]LogModuleManager: Shutting down and abandoning module DerivedDataCache (148)
[2019.10.26-11.49.21:262][555]LogDerivedDataCache: Shutdown
[2019.10.26-11.49.21:262][555]LogModuleManager: Shutting down and abandoning module XGEController (146)
[2019.10.26-11.49.21:262][555]LogXGEController: Cleaning working directory: C:/Users/miche/AppData/Local/Temp/UnrealXGEWorkingDir/
[2019.10.26-11.49.21:263][555]LogModuleManager: Shutting down and abandoning module TargetPlatform (144)
[2019.10.26-11.49.21:264][555]LogModuleManager: Shutting down and abandoning module VulkanShaderFormat (143)
[2019.10.26-11.49.21:264][555]LogModuleManager: Shutting down and abandoning module ShaderFormatOpenGL (141)
[2019.10.26-11.49.21:265][555]LogModuleManager: Shutting down and abandoning module ShaderFormatD3D (139)
[2019.10.26-11.49.21:265][555]LogModuleManager: Shutting down and abandoning module MetalShaderFormat (137)
[2019.10.26-11.49.21:265][555]LogModuleManager: Shutting down and abandoning module TextureFormatUncompressed (135)
[2019.10.26-11.49.21:265][555]LogModuleManager: Shutting down and abandoning module TextureFormatPVR (133)
[2019.10.26-11.49.21:265][555]LogModuleManager: Shutting down and abandoning module TextureFormatDXT (131)
[2019.10.26-11.49.21:265][555]LogModuleManager: Shutting down and abandoning module TextureFormatIntelISPCTexComp (129)
[2019.10.26-11.49.21:267][555]LogModuleManager: Shutting down and abandoning module TextureFormatASTC (127)
[2019.10.26-11.49.21:267][555]LogModuleManager: Shutting down and abandoning module ImageWrapper (126)
[2019.10.26-11.49.21:267][555]LogModuleManager: Shutting down and abandoning module AudioFormatOpus (123)
[2019.10.26-11.49.21:267][555]LogModuleManager: Shutting down and abandoning module AudioFormatOgg (121)
[2019.10.26-11.49.21:267][555]LogModuleManager: Shutting down and abandoning module AudioFormatADPCM (119)
[2019.10.26-11.49.21:267][555]LogModuleManager: Shutting down and abandoning module LuminTargetPlatform (117)
[2019.10.26-11.49.21:269][555]LogModuleManager: Shutting down and abandoning module TVOSTargetPlatform (115)
[2019.10.26-11.49.21:271][555]LogModuleManager: Shutting down and abandoning module Messaging (113)
[2019.10.26-11.49.21:271][555]LogModuleManager: Shutting down and abandoning module IOSTargetPlatform (111)
[2019.10.26-11.49.21:273][555]LogModuleManager: Shutting down and abandoning module HTML5TargetPlatform (109)
[2019.10.26-11.49.21:273][555]LogModuleManager: Shutting down and abandoning module AndroidTargetPlatform (107)
[2019.10.26-11.49.21:288][555]LogModuleManager: Shutting down and abandoning module WindowsTargetPlatform (105)
[2019.10.26-11.49.21:288][555]LogModuleManager: Shutting down and abandoning module WindowsServerTargetPlatform (103)
[2019.10.26-11.49.21:288][555]LogModuleManager: Shutting down and abandoning module WindowsNoEditorTargetPlatform (101)
[2019.10.26-11.49.21:288][555]LogModuleManager: Shutting down and abandoning module WindowsClientTargetPlatform (99)
[2019.10.26-11.49.21:288][555]LogModuleManager: Shutting down and abandoning module MacTargetPlatform (97)
[2019.10.26-11.49.21:288][555]LogModuleManager: Shutting down and abandoning module MacServerTargetPlatform (95)
[2019.10.26-11.49.21:288][555]LogModuleManager: Shutting down and abandoning module MacNoEditorTargetPlatform (93)
[2019.10.26-11.49.21:289][555]LogModuleManager: Shutting down and abandoning module MacClientTargetPlatform (91)
[2019.10.26-11.49.21:289][555]LogModuleManager: Shutting down and abandoning module AllDesktopTargetPlatform (89)
[2019.10.26-11.49.21:289][555]LogModuleManager: Shutting down and abandoning module InputCore (86)
[2019.10.26-11.49.21:289][555]LogModuleManager: Shutting down and abandoning module Settings (84)
[2019.10.26-11.49.21:289][555]LogModuleManager: Shutting down and abandoning module DirectoryWatcher (82)
[2019.10.26-11.49.21:290][555]LogModuleManager: Shutting down and abandoning module PhysXCooking (80)
[2019.10.26-11.49.21:290][555]LogModuleManager: Shutting down and abandoning module WindowsPlatformFeatures (78)
[2019.10.26-11.49.21:290][555]LogModuleManager: Shutting down and abandoning module GameplayMediaEncoder (77)
[2019.10.26-11.49.21:290][555]LogModuleManager: Shutting down and abandoning module SteamVR (74)
[2019.10.26-11.49.21:291][555]LogHMD: Freeing OpenVRDLLHandle.
[2019.10.26-11.49.21:291][555]LogModuleManager: Shutting down and abandoning module OculusHMD (72)
[2019.10.26-11.49.21:291][555]LogModuleManager: Shutting down and abandoning module ExampleDeviceProfileSelector (70)
[2019.10.26-11.49.21:291][555]LogModuleManager: Shutting down and abandoning module LauncherChunkInstaller (68)
[2019.10.26-11.49.21:291][555]LogModuleManager: Shutting down and abandoning module OnlineBlueprintSupport (66)
[2019.10.26-11.49.21:291][555]LogModuleManager: Shutting down and abandoning module OnlineSubsystem (62)
[2019.10.26-11.49.21:294][555]LogModuleManager: Shutting down and abandoning module HTTP (57)
[2019.10.26-11.49.21:305][555]LogModuleManager: Shutting down and abandoning module SSL (56)
[2019.10.26-11.49.21:306][555]LogModuleManager: Shutting down and abandoning module WmfMedia (52)
[2019.10.26-11.49.21:308][555]LogModuleManager: Shutting down and abandoning module Media (51)
[2019.10.26-11.49.21:309][555]LogModuleManager: Shutting down and abandoning module MagicLeap (48)
[2019.10.26-11.49.21:309][555]LogModuleManager: Shutting down and abandoning module DatasmithContent (46)
[2019.10.26-11.49.21:310][555]LogModuleManager: Shutting down and abandoning module AISupportModule (44)
[2019.10.26-11.49.21:310][555]LogModuleManager: Shutting down and abandoning module PlatformCryptoOpenSSL (42)
[2019.10.26-11.49.21:310][555]LogModuleManager: Shutting down and abandoning module PlatformCrypto (40)
[2019.10.26-11.49.21:310][555]LogModuleManager: Shutting down and abandoning module AnimationModifiers (38)
[2019.10.26-11.49.21:312][555]LogModuleManager: Shutting down and abandoning module PropertyEditor (37)
[2019.10.26-11.49.21:312][555]LogModuleManager: Shutting down and abandoning module AudioEditor (34)
[2019.10.26-11.49.21:312][555]LogModuleManager: Shutting down and abandoning module TextureCompressor (32)
[2019.10.26-11.49.21:314][555]LogModuleManager: Shutting down and abandoning module RenderCore (30)
[2019.10.26-11.49.21:314][555]LogModuleManager: Shutting down and abandoning module Landscape (28)
[2019.10.26-11.49.21:314][555]LogModuleManager: Shutting down and abandoning module SlateRHIRenderer (26)
[2019.10.26-11.49.21:317][555]LogModuleManager: Shutting down and abandoning module OpenGLDrv (24)
[2019.10.26-11.49.21:318][555]LogModuleManager: Shutting down and abandoning module D3D11RHI (22)
[2019.10.26-11.49.21:318][555]LogModuleManager: Shutting down and abandoning module AnimGraphRuntime (20)
[2019.10.26-11.49.21:318][555]LogModuleManager: Shutting down and abandoning module Renderer (18)
[2019.10.26-11.49.21:319][555]LogModuleManager: Shutting down and abandoning module Engine (16)
[2019.10.26-11.49.21:319][555]LogModuleManager: Shutting down and abandoning module CoreUObject (14)
[2019.10.26-11.49.21:319][555]LogModuleManager: Shutting down and abandoning module NetworkFile (12)
[2019.10.26-11.49.21:320][555]LogModuleManager: Shutting down and abandoning module CookedIterativeFile (10)
[2019.10.26-11.49.21:320][555]LogModuleManager: Shutting down and abandoning module StreamingFile (8)
[2019.10.26-11.49.21:320][555]LogModuleManager: Shutting down and abandoning module SandboxFile (6)
[2019.10.26-11.49.21:320][555]LogModuleManager: Shutting down and abandoning module PakFile (4)
[2019.10.26-11.49.21:320][555]LogModuleManager: Shutting down and abandoning module RSA (3)
[2019.10.26-11.49.21:322][555]LogD3D11RHI: Shutdown
[2019.10.26-11.49.21:322][555]LogD3D11RHI: CleanupD3DDevice
[2019.10.26-11.49.21:324][555]LogRendererCore: FGlobalDynamicReadBuffer::Cleanup()
[2019.10.26-11.49.21:324][555]LogRendererCore: FGlobalDynamicReadBuffer::Cleanup()
[2019.10.26-11.49.21:324][555]LogRendererCore: FGlobalDynamicReadBuffer::Cleanup()
[2019.10.26-11.49.21:394][555]LogD3D11RHI: ~FD3D11DynamicRHI
[2019.10.26-11.49.21:425][555]LogExit: Exiting.
[2019.10.26-11.49.21:455][555]Log file closed, 10/26/19 13:49:21
