Log file open, 10/26/19 13:31:35
LogWindows: Failed to load 'aqProf.dll' (GetLastError=126)
LogWindows: File 'aqProf.dll' does not exist
LogWindows: Failed to load 'VtuneApi.dll' (GetLastError=126)
LogWindows: File 'VtuneApi.dll' does not exist
LogWindows: Failed to load 'VtuneApi32e.dll' (GetLastError=126)
LogWindows: File 'VtuneApi32e.dll' does not exist
LogConsoleResponse: Display: Failed to find resolution value strings in scalability ini. Falling back to default.
LogInit: Display: Running engine for game: MeetupNov2019
LogPlatformFile: Not using cached read wrapper
LogTaskGraph: Started task graph with 5 named threads and 47 total threads with 3 sets of task threads.
LogStats: Stats thread started at 0.688960
LogD3D11RHI: Loaded GFSDK_Aftermath_Lib.x64.dll
LogICUInternationalization: ICU TimeZone Detection - Raw Offset: +1:00, Platform Override: ''
LogPluginManager: Mounting plugin Paper2D
LogPluginManager: Mounting plugin AISupport
LogPluginManager: Mounting plugin LightPropagationVolume
LogPluginManager: Mounting plugin ActorLayerUtilities
LogPluginManager: Mounting plugin AnimationSharing
LogPluginManager: Mounting plugin CLionSourceCodeAccess
LogPluginManager: Mounting plugin CodeLiteSourceCodeAccess
LogPluginManager: Mounting plugin GitSourceControl
LogPluginManager: Mounting plugin KDevelopSourceCodeAccess
LogPluginManager: Mounting plugin NullSourceCodeAccess
LogPluginManager: Mounting plugin PerforceSourceControl
LogPluginManager: Mounting plugin SubversionSourceControl
LogPluginManager: Mounting plugin UObjectPlugin
LogPluginManager: Mounting plugin VisualStudioCodeSourceCodeAccess
LogPluginManager: Mounting plugin VisualStudioSourceCodeAccess
LogPluginManager: Mounting plugin XCodeSourceCodeAccess
LogPluginManager: Mounting plugin AssetManagerEditor
LogPluginManager: Mounting plugin CryptoKeys
LogPluginManager: Mounting plugin CurveEditorTools
LogPluginManager: Mounting plugin DataValidation
LogPluginManager: Mounting plugin FacialAnimation
LogPluginManager: Mounting plugin GameplayTagsEditor
LogPluginManager: Mounting plugin MacGraphicsSwitching
LogPluginManager: Mounting plugin MaterialAnalyzer
LogPluginManager: Mounting plugin MobileLauncherProfileWizard
LogPluginManager: Mounting plugin PluginBrowser
LogPluginManager: Mounting plugin SpeedTreeImporter
LogPluginManager: Mounting plugin DatasmithContent
LogPluginManager: Mounting plugin VariantManagerContent
LogPluginManager: Mounting plugin AlembicImporter
LogPluginManager: Mounting plugin AutomationUtils
LogPluginManager: Mounting plugin BackChannel
LogPluginManager: Mounting plugin CharacterAI
LogPluginManager: Mounting plugin GeometryCache
LogPluginManager: Mounting plugin HTML5Networking
LogPluginManager: Mounting plugin PlatformCrypto
LogPluginManager: Mounting plugin ProxyLODPlugin
LogPluginManager: Mounting plugin SkeletalReduction
LogPluginManager: Mounting plugin MagicLeap
LogPluginManager: Mounting plugin MagicLeapMedia
LogPluginManager: Mounting plugin AndroidMedia
LogPluginManager: Mounting plugin AvfMedia
LogPluginManager: Mounting plugin ImgMedia
LogPluginManager: Mounting plugin MediaCompositing
LogPluginManager: Mounting plugin MediaPlayerEditor
LogPluginManager: Mounting plugin WebMMedia
LogPluginManager: Mounting plugin WmfMedia
LogPluginManager: Mounting plugin TcpMessaging
LogPluginManager: Mounting plugin UdpMessaging
LogPluginManager: Mounting plugin ActorSequence
LogPluginManager: Mounting plugin LevelSequenceEditor
LogPluginManager: Mounting plugin MatineeToLevelSequence
LogPluginManager: Mounting plugin NetcodeUnitTest
LogPluginManager: Mounting plugin NUTUnrealEngine4
LogPluginManager: Mounting plugin OnlineSubsystemGooglePlay
LogPluginManager: Mounting plugin OnlineSubsystemIOS
LogPluginManager: Mounting plugin OnlineSubsystem
LogPluginManager: Mounting plugin OnlineSubsystemNull
LogPluginManager: Mounting plugin OnlineSubsystemUtils
LogPluginManager: Mounting plugin LauncherChunkInstaller
LogPluginManager: Mounting plugin AndroidDeviceProfileSelector
LogPluginManager: Mounting plugin AndroidMoviePlayer
LogPluginManager: Mounting plugin AndroidPermission
LogPluginManager: Mounting plugin AppleImageUtils
LogPluginManager: Mounting plugin AppleMoviePlayer
LogPluginManager: Mounting plugin ArchVisCharacter
LogPluginManager: Mounting plugin AudioCapture
LogPluginManager: Mounting plugin CableComponent
LogPluginManager: Mounting plugin CustomMeshComponent
LogPluginManager: Mounting plugin EditableMesh
LogPluginManager: Mounting plugin ExampleDeviceProfileSelector
LogPluginManager: Mounting plugin GoogleCloudMessaging
LogPluginManager: Mounting plugin IOSDeviceProfileSelector
LogPluginManager: Mounting plugin LinuxDeviceProfileSelector
LogPluginManager: Mounting plugin LocationServicesBPLibrary
LogPluginManager: Mounting plugin MobilePatchingUtils
LogPluginManager: Mounting plugin OculusVR
LogPluginManager: Mounting plugin PhysXVehicles
LogPluginManager: Mounting plugin ProceduralMeshComponent
LogPluginManager: Mounting plugin RuntimePhysXCooking
LogPluginManager: Mounting plugin SignificanceManager
LogPluginManager: Mounting plugin SteamVR
LogPluginManager: Mounting plugin WebMMoviePlayer
LogPluginManager: Mounting plugin WindowsMoviePlayer
LogPluginManager: Mounting plugin ScreenshotTools
LogInit: Using libcurl 7.55.1-DEV
LogInit:  - built for x86_64-pc-win32
LogInit:  - supports SSL with OpenSSL/1.1.1
LogInit:  - supports HTTP deflate (compression) using libz 1.2.8
LogInit:  - other features:
LogInit:      CURL_VERSION_SSL
LogInit:      CURL_VERSION_LIBZ
LogInit:      CURL_VERSION_IPV6
LogInit:      CURL_VERSION_ASYNCHDNS
LogInit:      CURL_VERSION_LARGEFILE
LogInit:      CURL_VERSION_IDN
LogInit:  CurlRequestOptions (configurable via config and command line):
LogInit:  - bVerifyPeer = true  - Libcurl will verify peer certificate
LogInit:  - bUseHttpProxy = false  - Libcurl will NOT use HTTP proxy
LogInit:  - bDontReuseConnections = false  - Libcurl will reuse connections
LogInit:  - MaxHostConnections = 16  - Libcurl will limit the number of connections to a host
LogInit:  - LocalHostAddr = Default
LogInit:  - BufferSize = 65536
LogOnline: OSS: Creating online subsystem instance for: NULL
LogInit: WinSock: version 1.1 (2.2), MaxSocks=32767, MaxUdp=65467
LogInit: Build: ++UE4+Release-4.23-CL-0
LogInit: Engine Version: 4.23.1-0+++UE4+Release-4.23
LogInit: Compatible Engine Version: 4.23.0-0+++UE4+Release-4.23
LogInit: Net CL: 0
LogInit: OS: Windows 10 (Release 1903) (), CPU: AMD Ryzen 7 3700X 8-Core Processor             , GPU: NVIDIA GeForce GTX 1080 Ti
LogInit: Compiled (64-bit): Oct 26 2019 12:36:24
LogInit: Compiled with Visual C++: 19.23.28106.04
LogInit: Build Configuration: Debug
LogInit: Branch Name: ++UE4+Release-4.23
LogInit: Command Line:  -skipcompile
LogInit: Base Directory: D:/git/UnrealEngine/Engine/Binaries/Win64/
LogInit: Installed Engine Build: 0
LogDevObjectVersion: Number of dev versions registered: 23
LogDevObjectVersion:   Dev-Blueprints (B0D832E4-1F89-4F0D-ACCF-7EB736FD4AA2): 10
LogDevObjectVersion:   Dev-Build (E1C64328-A22C-4D53-A36C-8E866417BD8C): 0
LogDevObjectVersion:   Dev-Core (375EC13C-06E4-48FB-B500-84F0262A717E): 3
LogDevObjectVersion:   Dev-Editor (E4B068ED-F494-42E9-A231-DA0B2E46BB41): 34
LogDevObjectVersion:   Dev-Framework (CFFC743F-43B0-4480-9391-14DF171D2073): 35
LogDevObjectVersion:   Dev-Mobile (B02B49B5-BB20-44E9-A304-32B752E40360): 2
LogDevObjectVersion:   Dev-Networking (A4E4105C-59A1-49B5-A7C5-40C4547EDFEE): 0
LogDevObjectVersion:   Dev-Online (39C831C9-5AE6-47DC-9A44-9C173E1C8E7C): 0
LogDevObjectVersion:   Dev-Physics (78F01B33-EBEA-4F98-B9B4-84EACCB95AA2): 0
LogDevObjectVersion:   Dev-Platform (6631380F-2D4D-43E0-8009-CF276956A95A): 0
LogDevObjectVersion:   Dev-Rendering (12F88B9F-8875-4AFC-A67C-D90C383ABD29): 31
LogDevObjectVersion:   Dev-Sequencer (7B5AE74C-D270-4C10-A958-57980B212A5A): 11
LogDevObjectVersion:   Dev-VR (D7296918-1DD6-4BDD-9DE2-64A83CC13884): 2
LogDevObjectVersion:   Dev-LoadTimes (C2A15278-BFE7-4AFE-6C17-90FF531DF755): 1
LogDevObjectVersion:   Private-Geometry (6EACA3D4-40EC-4CC1-B786-8BED09428FC5): 3
LogDevObjectVersion:   Dev-AnimPhys (29E575DD-E0A3-4627-9D10-D276232CDCEA): 17
LogDevObjectVersion:   Dev-Anim (AF43A65D-7FD3-4947-9873-3E8ED9C1BB05): 2
LogDevObjectVersion:   Dev-ReflectionCapture (6B266CEC-1EC7-4B8F-A30B-E4D90942FC07): 1
LogDevObjectVersion:   Dev-Automation (0DF73D61-A23F-47EA-B727-89E90C41499A): 1
LogDevObjectVersion:   FortniteMain (601D1886-AC64-4F84-AA16-D3DE0DEAC7D6): 27
LogDevObjectVersion:   Dev-Enterprise (9DFFBCD6-494F-0158-E221-12823C92A888): 6
LogDevObjectVersion:   Dev-Niagara (F2AED0AC-9AFE-416F-8664-AA7FFA26D6FC): 1
LogDevObjectVersion:   Dev-Destruction (174F1F0B-B4C6-45A5-B13F-2EE8D0FB917D): 9
LogInit: Presizing for max 16777216 objects, including 0 objects not considered by GC, pre-allocating 0 bytes for permanent pool.
LogInit: Object subsystem initialized
LogConfig: Setting CVar [[con.DebugEarlyDefault:1]]
LogConfig: Setting CVar [[r.setres:1280x720]]
[2019.10.26-11.31.36:463][  0]LogConfig: Setting CVar [[r.VSync:0]]
[2019.10.26-11.31.36:463][  0]LogConfig: Setting CVar [[r.RHICmdBypass:0]]
[2019.10.26-11.31.36:463][  0]LogConfig: Applying CVar settings from Section [/Script/Engine.RendererSettings] File [C:/Users/miche/source/Repos/MeetupNov2019/Saved/Config/Windows/Engine.ini]
[2019.10.26-11.31.36:463][  0]LogConfig: Setting CVar [[r.GPUCrashDebugging:0]]
[2019.10.26-11.31.36:463][  0]LogConfig: Setting CVar [[r.DefaultFeature.AutoExposure.ExtendDefaultLuminanceRange:1]]
[2019.10.26-11.31.36:464][  0]LogConfig: Applying CVar settings from Section [/Script/Engine.RendererOverrideSettings] File [C:/Users/miche/source/Repos/MeetupNov2019/Saved/Config/Windows/Engine.ini]
[2019.10.26-11.31.36:464][  0]LogConfig: Applying CVar settings from Section [/Script/Engine.StreamingSettings] File [C:/Users/miche/source/Repos/MeetupNov2019/Saved/Config/Windows/Engine.ini]
[2019.10.26-11.31.36:464][  0]LogConfig: Setting CVar [[s.MinBulkDataSizeForAsyncLoading:131072]]
[2019.10.26-11.31.36:464][  0]LogConfig: Setting CVar [[s.AsyncLoadingThreadEnabled:0]]
[2019.10.26-11.31.36:464][  0]LogConfig: Setting CVar [[s.EventDrivenLoaderEnabled:1]]
[2019.10.26-11.31.36:464][  0]LogConfig: Setting CVar [[s.WarnIfTimeLimitExceeded:0]]
[2019.10.26-11.31.36:464][  0]LogConfig: Setting CVar [[s.TimeLimitExceededMultiplier:1.5]]
[2019.10.26-11.31.36:464][  0]LogConfig: Setting CVar [[s.TimeLimitExceededMinTime:0.005]]
[2019.10.26-11.31.36:464][  0]LogConfig: Setting CVar [[s.UseBackgroundLevelStreaming:1]]
[2019.10.26-11.31.36:464][  0]LogConfig: Setting CVar [[s.PriorityAsyncLoadingExtraTime:15.0]]
[2019.10.26-11.31.36:464][  0]LogConfig: Setting CVar [[s.LevelStreamingActorsUpdateTimeLimit:5.0]]
[2019.10.26-11.31.36:464][  0]LogConfig: Setting CVar [[s.PriorityLevelStreamingActorsUpdateExtraTime:5.0]]
[2019.10.26-11.31.36:465][  0]LogConfig: Setting CVar [[s.LevelStreamingComponentsRegistrationGranularity:10]]
[2019.10.26-11.31.36:465][  0]LogConfig: Setting CVar [[s.UnregisterComponentsTimeLimit:1.0]]
[2019.10.26-11.31.36:465][  0]LogConfig: Setting CVar [[s.LevelStreamingComponentsUnregistrationGranularity:5]]
[2019.10.26-11.31.36:465][  0]LogConfig: Applying CVar settings from Section [/Script/Engine.GarbageCollectionSettings] File [C:/Users/miche/source/Repos/MeetupNov2019/Saved/Config/Windows/Engine.ini]
[2019.10.26-11.31.36:465][  0]LogConfig: Setting CVar [[gc.MaxObjectsNotConsideredByGC:1]]
[2019.10.26-11.31.36:465][  0]LogConfig: Setting CVar [[gc.SizeOfPermanentObjectPool:0]]
[2019.10.26-11.31.36:465][  0]LogConfig: Setting CVar [[gc.FlushStreamingOnGC:0]]
[2019.10.26-11.31.36:465][  0]LogConfig: Setting CVar [[gc.NumRetriesBeforeForcingGC:10]]
[2019.10.26-11.31.36:465][  0]LogConfig: Setting CVar [[gc.AllowParallelGC:1]]
[2019.10.26-11.31.36:465][  0]LogConfig: Setting CVar [[gc.TimeBetweenPurgingPendingKillObjects:61.1]]
[2019.10.26-11.31.36:465][  0]LogConfig: Setting CVar [[gc.MaxObjectsInEditor:16777216]]
[2019.10.26-11.31.36:465][  0]LogConfig: Setting CVar [[gc.IncrementalBeginDestroyEnabled:1]]
[2019.10.26-11.31.36:465][  0]LogConfig: Setting CVar [[gc.CreateGCClusters:1]]
[2019.10.26-11.31.36:466][  0]LogConfig: Setting CVar [[gc.MinGCClusterSize:5]]
[2019.10.26-11.31.36:466][  0]LogConfig: Setting CVar [[gc.ActorClusteringEnabled:0]]
[2019.10.26-11.31.36:466][  0]LogConfig: Setting CVar [[gc.BlueprintClusteringEnabled:0]]
[2019.10.26-11.31.36:466][  0]LogConfig: Setting CVar [[gc.UseDisregardForGCOnDedicatedServers:0]]
[2019.10.26-11.31.36:466][  0]LogConfig: Applying CVar settings from Section [/Script/Engine.NetworkSettings] File [C:/Users/miche/source/Repos/MeetupNov2019/Saved/Config/Windows/Engine.ini]
[2019.10.26-11.31.36:466][  0]LogConfig: Applying CVar settings from Section [/Script/UnrealEd.CookerSettings] File [C:/Users/miche/source/Repos/MeetupNov2019/Saved/Config/Windows/Engine.ini]
[2019.10.26-11.31.36:481][  0]LogConfig: Applying CVar settings from Section [ViewDistanceQuality@3] File [C:/Users/miche/source/Repos/MeetupNov2019/Saved/Config/Windows/Scalability.ini]
[2019.10.26-11.31.36:481][  0]LogConfig: Setting CVar [[r.SkeletalMeshLODBias:0]]
[2019.10.26-11.31.36:481][  0]LogConfig: Setting CVar [[r.ViewDistanceScale:1.0]]
[2019.10.26-11.31.36:481][  0]LogConfig: Applying CVar settings from Section [AntiAliasingQuality@3] File [C:/Users/miche/source/Repos/MeetupNov2019/Saved/Config/Windows/Scalability.ini]
[2019.10.26-11.31.36:481][  0]LogConfig: Setting CVar [[r.PostProcessAAQuality:4]]
[2019.10.26-11.31.36:481][  0]LogConfig: Applying CVar settings from Section [ShadowQuality@3] File [C:/Users/miche/source/Repos/MeetupNov2019/Saved/Config/Windows/Scalability.ini]
[2019.10.26-11.31.36:481][  0]LogConfig: Setting CVar [[r.LightFunctionQuality:1]]
[2019.10.26-11.31.36:481][  0]LogConfig: Setting CVar [[r.ShadowQuality:5]]
[2019.10.26-11.31.36:482][  0]LogConfig: Setting CVar [[r.Shadow.CSM.MaxCascades:10]]
[2019.10.26-11.31.36:482][  0]LogConfig: Setting CVar [[r.Shadow.MaxResolution:2048]]
[2019.10.26-11.31.36:482][  0]LogConfig: Setting CVar [[r.Shadow.MaxCSMResolution:2048]]
[2019.10.26-11.31.36:482][  0]LogConfig: Setting CVar [[r.Shadow.RadiusThreshold:0.01]]
[2019.10.26-11.31.36:482][  0]LogConfig: Setting CVar [[r.Shadow.DistanceScale:1.0]]
[2019.10.26-11.31.36:482][  0]LogConfig: Setting CVar [[r.Shadow.CSM.TransitionScale:1.0]]
[2019.10.26-11.31.36:482][  0]LogConfig: Setting CVar [[r.Shadow.PreShadowResolutionFactor:1.0]]
[2019.10.26-11.31.36:482][  0]LogConfig: Setting CVar [[r.DistanceFieldShadowing:1]]
[2019.10.26-11.31.36:482][  0]LogConfig: Setting CVar [[r.DistanceFieldAO:1]]
[2019.10.26-11.31.36:482][  0]LogConfig: Setting CVar [[r.AOQuality:2]]
[2019.10.26-11.31.36:482][  0]LogConfig: Setting CVar [[r.VolumetricFog:1]]
[2019.10.26-11.31.36:482][  0]LogConfig: Setting CVar [[r.VolumetricFog.GridPixelSize:8]]
[2019.10.26-11.31.36:482][  0]LogConfig: Setting CVar [[r.VolumetricFog.GridSizeZ:128]]
[2019.10.26-11.31.36:483][  0]LogConfig: Setting CVar [[r.VolumetricFog.HistoryMissSupersampleCount:4]]
[2019.10.26-11.31.36:483][  0]LogConfig: Setting CVar [[r.LightMaxDrawDistanceScale:1]]
[2019.10.26-11.31.36:483][  0]LogConfig: Setting CVar [[r.CapsuleShadows:1]]
[2019.10.26-11.31.36:483][  0]LogConfig: Applying CVar settings from Section [PostProcessQuality@3] File [C:/Users/miche/source/Repos/MeetupNov2019/Saved/Config/Windows/Scalability.ini]
[2019.10.26-11.31.36:483][  0]LogConfig: Setting CVar [[r.MotionBlurQuality:4]]
[2019.10.26-11.31.36:483][  0]LogConfig: Setting CVar [[r.AmbientOcclusionMipLevelFactor:0.4]]
[2019.10.26-11.31.36:483][  0]LogConfig: Setting CVar [[r.AmbientOcclusionMaxQuality:100]]
[2019.10.26-11.31.36:483][  0]LogConfig: Setting CVar [[r.AmbientOcclusionLevels:-1]]
[2019.10.26-11.31.36:483][  0]LogConfig: Setting CVar [[r.AmbientOcclusionRadiusScale:1.0]]
[2019.10.26-11.31.36:483][  0]LogConfig: Setting CVar [[r.DepthOfFieldQuality:2]]
[2019.10.26-11.31.36:483][  0]LogConfig: Setting CVar [[r.RenderTargetPoolMin:400]]
[2019.10.26-11.31.36:483][  0]LogConfig: Setting CVar [[r.LensFlareQuality:2]]
[2019.10.26-11.31.36:483][  0]LogConfig: Setting CVar [[r.SceneColorFringeQuality:1]]
[2019.10.26-11.31.36:483][  0]LogConfig: Setting CVar [[r.EyeAdaptationQuality:2]]
[2019.10.26-11.31.36:484][  0]LogConfig: Setting CVar [[r.BloomQuality:5]]
[2019.10.26-11.31.36:484][  0]LogConfig: Setting CVar [[r.FastBlurThreshold:100]]
[2019.10.26-11.31.36:484][  0]LogConfig: Setting CVar [[r.Upscale.Quality:3]]
[2019.10.26-11.31.36:484][  0]LogConfig: Setting CVar [[r.Tonemapper.GrainQuantization:1]]
[2019.10.26-11.31.36:484][  0]LogConfig: Setting CVar [[r.LightShaftQuality:1]]
[2019.10.26-11.31.36:484][  0]LogConfig: Setting CVar [[r.Filter.SizeScale:1]]
[2019.10.26-11.31.36:484][  0]LogConfig: Setting CVar [[r.Tonemapper.Quality:5]]
[2019.10.26-11.31.36:484][  0]LogConfig: Setting CVar [[r.DOF.Gather.AccumulatorQuality:1        ; higher gathering accumulator quality]]
[2019.10.26-11.31.36:484][  0]LogConfig: Setting CVar [[r.DOF.Gather.PostfilterMethod:1          ; Median3x3 postfilering method]]
[2019.10.26-11.31.36:484][  0]LogConfig: Setting CVar [[r.DOF.Gather.EnableBokehSettings:0       ; no bokeh simulation when gathering]]
[2019.10.26-11.31.36:484][  0]LogConfig: Setting CVar [[r.DOF.Gather.RingCount:4                 ; medium number of samples when gathering]]
[2019.10.26-11.31.36:485][  0]LogConfig: Setting CVar [[r.DOF.Scatter.ForegroundCompositing:1    ; additive foreground scattering]]
[2019.10.26-11.31.36:485][  0]LogConfig: Setting CVar [[r.DOF.Scatter.BackgroundCompositing:2    ; additive background scattering]]
[2019.10.26-11.31.36:485][  0]LogConfig: Setting CVar [[r.DOF.Scatter.EnableBokehSettings:1      ; bokeh simulation when scattering]]
[2019.10.26-11.31.36:485][  0]LogConfig: Setting CVar [[r.DOF.Scatter.MaxSpriteRatio:0.1         ; only a maximum of 10% of scattered bokeh]]
[2019.10.26-11.31.36:485][  0]LogConfig: Setting CVar [[r.DOF.Recombine.Quality:1                ; cheap slight out of focus]]
[2019.10.26-11.31.36:485][  0]LogConfig: Setting CVar [[r.DOF.Recombine.EnableBokehSettings:0    ; no bokeh simulation on slight out of focus]]
[2019.10.26-11.31.36:485][  0]LogConfig: Setting CVar [[r.DOF.TemporalAAQuality:1                ; more stable temporal accumulation]]
[2019.10.26-11.31.36:485][  0]LogConfig: Setting CVar [[r.DOF.Kernel.MaxForegroundRadius:0.025]]
[2019.10.26-11.31.36:485][  0]LogConfig: Setting CVar [[r.DOF.Kernel.MaxBackgroundRadius:0.025]]
[2019.10.26-11.31.36:485][  0]LogConfig: Applying CVar settings from Section [TextureQuality@3] File [C:/Users/miche/source/Repos/MeetupNov2019/Saved/Config/Windows/Scalability.ini]
[2019.10.26-11.31.36:485][  0]LogConfig: Setting CVar [[r.Streaming.MipBias:0]]
[2019.10.26-11.31.36:485][  0]LogConfig: Setting CVar [[r.Streaming.AmortizeCPUToGPUCopy:0]]
[2019.10.26-11.31.36:486][  0]LogConfig: Setting CVar [[r.Streaming.MaxNumTexturesToStreamPerFrame:0]]
[2019.10.26-11.31.36:486][  0]LogConfig: Setting CVar [[r.Streaming.Boost:1]]
[2019.10.26-11.31.36:486][  0]LogConfig: Setting CVar [[r.MaxAnisotropy:8]]
[2019.10.26-11.31.36:486][  0]LogConfig: Setting CVar [[r.Streaming.LimitPoolSizeToVRAM:0]]
[2019.10.26-11.31.36:486][  0]LogConfig: Setting CVar [[r.Streaming.PoolSize:1000]]
[2019.10.26-11.31.36:486][  0]LogConfig: Setting CVar [[r.Streaming.MaxEffectiveScreenSize:0]]
[2019.10.26-11.31.36:486][  0]LogConfig: Applying CVar settings from Section [EffectsQuality@3] File [C:/Users/miche/source/Repos/MeetupNov2019/Saved/Config/Windows/Scalability.ini]
[2019.10.26-11.31.36:486][  0]LogConfig: Setting CVar [[r.TranslucencyLightingVolumeDim:64]]
[2019.10.26-11.31.36:486][  0]LogConfig: Setting CVar [[r.RefractionQuality:2]]
[2019.10.26-11.31.36:486][  0]LogConfig: Setting CVar [[r.SSR.Quality:3]]
[2019.10.26-11.31.36:486][  0]LogConfig: Setting CVar [[r.SceneColorFormat:4]]
[2019.10.26-11.31.36:486][  0]LogConfig: Setting CVar [[r.DetailMode:2]]
[2019.10.26-11.31.36:486][  0]LogConfig: Setting CVar [[r.TranslucencyVolumeBlur:1]]
[2019.10.26-11.31.36:486][  0]LogConfig: Setting CVar [[r.MaterialQualityLevel:1 ; High quality]]
[2019.10.26-11.31.36:487][  0]LogConfig: Setting CVar [[r.SSS.Scale:1]]
[2019.10.26-11.31.36:487][  0]LogConfig: Setting CVar [[r.SSS.SampleSet:2]]
[2019.10.26-11.31.36:487][  0]LogConfig: Setting CVar [[r.SSS.Quality:1]]
[2019.10.26-11.31.36:487][  0]LogConfig: Setting CVar [[r.SSS.HalfRes:1]]
[2019.10.26-11.31.36:487][  0]LogConfig: Setting CVar [[r.EmitterSpawnRateScale:1.0]]
[2019.10.26-11.31.36:487][  0]LogConfig: Setting CVar [[r.ParticleLightQuality:2]]
[2019.10.26-11.31.36:487][  0]LogConfig: Applying CVar settings from Section [FoliageQuality@3] File [C:/Users/miche/source/Repos/MeetupNov2019/Saved/Config/Windows/Scalability.ini]
[2019.10.26-11.31.36:487][  0]LogConfig: Setting CVar [[foliage.DensityScale:1.0]]
[2019.10.26-11.31.36:487][  0]LogConfig: Setting CVar [[grass.DensityScale:1.0]]
[2019.10.26-11.31.36:487][  0]LogInit: Selected Device Profile: [Windows]
[2019.10.26-11.31.36:487][  0]LogInit: Applying CVar settings loaded from the selected device profile: [Windows]
[2019.10.26-11.31.36:500][  0]LogHAL: Display: Platform has ~ 32 GB [34275831808 / 34359738368 / 32], which maps to Largest [LargestMinGB=32, LargerMinGB=12, DefaultMinGB=8, SmallerMinGB=6, SmallestMinGB=0)
[2019.10.26-11.31.36:500][  0]LogInit: Going up to parent DeviceProfile []
[2019.10.26-11.31.36:500][  0]LogConfig: Applying CVar settings from Section [ViewDistanceQuality@3] File [C:/Users/miche/source/Repos/MeetupNov2019/Saved/Config/Windows/Scalability.ini]
[2019.10.26-11.31.36:500][  0]LogConfig: Setting CVar [[r.SkeletalMeshLODBias:0]]
[2019.10.26-11.31.36:500][  0]LogConfig: Setting CVar [[r.ViewDistanceScale:1.0]]
[2019.10.26-11.31.36:501][  0]LogConfig: Applying CVar settings from Section [AntiAliasingQuality@3] File [C:/Users/miche/source/Repos/MeetupNov2019/Saved/Config/Windows/Scalability.ini]
[2019.10.26-11.31.36:501][  0]LogConfig: Setting CVar [[r.PostProcessAAQuality:4]]
[2019.10.26-11.31.36:501][  0]LogConfig: Applying CVar settings from Section [ShadowQuality@3] File [C:/Users/miche/source/Repos/MeetupNov2019/Saved/Config/Windows/Scalability.ini]
[2019.10.26-11.31.36:501][  0]LogConfig: Setting CVar [[r.LightFunctionQuality:1]]
[2019.10.26-11.31.36:501][  0]LogConfig: Setting CVar [[r.ShadowQuality:5]]
[2019.10.26-11.31.36:501][  0]LogConfig: Setting CVar [[r.Shadow.CSM.MaxCascades:10]]
[2019.10.26-11.31.36:501][  0]LogConfig: Setting CVar [[r.Shadow.MaxResolution:2048]]
[2019.10.26-11.31.36:501][  0]LogConfig: Setting CVar [[r.Shadow.MaxCSMResolution:2048]]
[2019.10.26-11.31.36:501][  0]LogConfig: Setting CVar [[r.Shadow.RadiusThreshold:0.01]]
[2019.10.26-11.31.36:501][  0]LogConfig: Setting CVar [[r.Shadow.DistanceScale:1.0]]
[2019.10.26-11.31.36:501][  0]LogConfig: Setting CVar [[r.Shadow.CSM.TransitionScale:1.0]]
[2019.10.26-11.31.36:502][  0]LogConfig: Setting CVar [[r.Shadow.PreShadowResolutionFactor:1.0]]
[2019.10.26-11.31.36:502][  0]LogConfig: Setting CVar [[r.DistanceFieldShadowing:1]]
[2019.10.26-11.31.36:502][  0]LogConfig: Setting CVar [[r.DistanceFieldAO:1]]
[2019.10.26-11.31.36:502][  0]LogConfig: Setting CVar [[r.AOQuality:2]]
[2019.10.26-11.31.36:502][  0]LogConfig: Setting CVar [[r.VolumetricFog:1]]
[2019.10.26-11.31.36:502][  0]LogConfig: Setting CVar [[r.VolumetricFog.GridPixelSize:8]]
[2019.10.26-11.31.36:502][  0]LogConfig: Setting CVar [[r.VolumetricFog.GridSizeZ:128]]
[2019.10.26-11.31.36:502][  0]LogConfig: Setting CVar [[r.VolumetricFog.HistoryMissSupersampleCount:4]]
[2019.10.26-11.31.36:502][  0]LogConfig: Setting CVar [[r.LightMaxDrawDistanceScale:1]]
[2019.10.26-11.31.36:502][  0]LogConfig: Setting CVar [[r.CapsuleShadows:1]]
[2019.10.26-11.31.36:502][  0]LogConfig: Applying CVar settings from Section [PostProcessQuality@3] File [C:/Users/miche/source/Repos/MeetupNov2019/Saved/Config/Windows/Scalability.ini]
[2019.10.26-11.31.36:502][  0]LogConfig: Setting CVar [[r.MotionBlurQuality:4]]
[2019.10.26-11.31.36:502][  0]LogConfig: Setting CVar [[r.AmbientOcclusionMipLevelFactor:0.4]]
[2019.10.26-11.31.36:502][  0]LogConfig: Setting CVar [[r.AmbientOcclusionMaxQuality:100]]
[2019.10.26-11.31.36:503][  0]LogConfig: Setting CVar [[r.AmbientOcclusionLevels:-1]]
[2019.10.26-11.31.36:503][  0]LogConfig: Setting CVar [[r.AmbientOcclusionRadiusScale:1.0]]
[2019.10.26-11.31.36:503][  0]LogConfig: Setting CVar [[r.DepthOfFieldQuality:2]]
[2019.10.26-11.31.36:503][  0]LogConfig: Setting CVar [[r.RenderTargetPoolMin:400]]
[2019.10.26-11.31.36:503][  0]LogConfig: Setting CVar [[r.LensFlareQuality:2]]
[2019.10.26-11.31.36:503][  0]LogConfig: Setting CVar [[r.SceneColorFringeQuality:1]]
[2019.10.26-11.31.36:503][  0]LogConfig: Setting CVar [[r.EyeAdaptationQuality:2]]
[2019.10.26-11.31.36:503][  0]LogConfig: Setting CVar [[r.BloomQuality:5]]
[2019.10.26-11.31.36:503][  0]LogConfig: Setting CVar [[r.FastBlurThreshold:100]]
[2019.10.26-11.31.36:503][  0]LogConfig: Setting CVar [[r.Upscale.Quality:3]]
[2019.10.26-11.31.36:503][  0]LogConfig: Setting CVar [[r.Tonemapper.GrainQuantization:1]]
[2019.10.26-11.31.36:503][  0]LogConfig: Setting CVar [[r.LightShaftQuality:1]]
[2019.10.26-11.31.36:503][  0]LogConfig: Setting CVar [[r.Filter.SizeScale:1]]
[2019.10.26-11.31.36:504][  0]LogConfig: Setting CVar [[r.Tonemapper.Quality:5]]
[2019.10.26-11.31.36:504][  0]LogConfig: Setting CVar [[r.DOF.Gather.AccumulatorQuality:1        ; higher gathering accumulator quality]]
[2019.10.26-11.31.36:504][  0]LogConfig: Setting CVar [[r.DOF.Gather.PostfilterMethod:1          ; Median3x3 postfilering method]]
[2019.10.26-11.31.36:504][  0]LogConfig: Setting CVar [[r.DOF.Gather.EnableBokehSettings:0       ; no bokeh simulation when gathering]]
[2019.10.26-11.31.36:504][  0]LogConfig: Setting CVar [[r.DOF.Gather.RingCount:4                 ; medium number of samples when gathering]]
[2019.10.26-11.31.36:504][  0]LogConfig: Setting CVar [[r.DOF.Scatter.ForegroundCompositing:1    ; additive foreground scattering]]
[2019.10.26-11.31.36:504][  0]LogConfig: Setting CVar [[r.DOF.Scatter.BackgroundCompositing:2    ; additive background scattering]]
[2019.10.26-11.31.36:504][  0]LogConfig: Setting CVar [[r.DOF.Scatter.EnableBokehSettings:1      ; bokeh simulation when scattering]]
[2019.10.26-11.31.36:504][  0]LogConfig: Setting CVar [[r.DOF.Scatter.MaxSpriteRatio:0.1         ; only a maximum of 10% of scattered bokeh]]
[2019.10.26-11.31.36:504][  0]LogConfig: Setting CVar [[r.DOF.Recombine.Quality:1                ; cheap slight out of focus]]
[2019.10.26-11.31.36:504][  0]LogConfig: Setting CVar [[r.DOF.Recombine.EnableBokehSettings:0    ; no bokeh simulation on slight out of focus]]
[2019.10.26-11.31.36:504][  0]LogConfig: Setting CVar [[r.DOF.TemporalAAQuality:1                ; more stable temporal accumulation]]
[2019.10.26-11.31.36:504][  0]LogConfig: Setting CVar [[r.DOF.Kernel.MaxForegroundRadius:0.025]]
[2019.10.26-11.31.36:505][  0]LogConfig: Setting CVar [[r.DOF.Kernel.MaxBackgroundRadius:0.025]]
[2019.10.26-11.31.36:505][  0]LogConfig: Applying CVar settings from Section [TextureQuality@3] File [C:/Users/miche/source/Repos/MeetupNov2019/Saved/Config/Windows/Scalability.ini]
[2019.10.26-11.31.36:505][  0]LogConfig: Setting CVar [[r.Streaming.MipBias:0]]
[2019.10.26-11.31.36:505][  0]LogConfig: Setting CVar [[r.Streaming.AmortizeCPUToGPUCopy:0]]
[2019.10.26-11.31.36:505][  0]LogConfig: Setting CVar [[r.Streaming.MaxNumTexturesToStreamPerFrame:0]]
[2019.10.26-11.31.36:505][  0]LogConfig: Setting CVar [[r.Streaming.Boost:1]]
[2019.10.26-11.31.36:505][  0]LogConfig: Setting CVar [[r.MaxAnisotropy:8]]
[2019.10.26-11.31.36:505][  0]LogConfig: Setting CVar [[r.Streaming.LimitPoolSizeToVRAM:0]]
[2019.10.26-11.31.36:505][  0]LogConfig: Setting CVar [[r.Streaming.PoolSize:1000]]
[2019.10.26-11.31.36:505][  0]LogConfig: Setting CVar [[r.Streaming.MaxEffectiveScreenSize:0]]
[2019.10.26-11.31.36:505][  0]LogConfig: Applying CVar settings from Section [EffectsQuality@3] File [C:/Users/miche/source/Repos/MeetupNov2019/Saved/Config/Windows/Scalability.ini]
[2019.10.26-11.31.36:505][  0]LogConfig: Setting CVar [[r.TranslucencyLightingVolumeDim:64]]
[2019.10.26-11.31.36:505][  0]LogConfig: Setting CVar [[r.RefractionQuality:2]]
[2019.10.26-11.31.36:505][  0]LogConfig: Setting CVar [[r.SSR.Quality:3]]
[2019.10.26-11.31.36:506][  0]LogConfig: Setting CVar [[r.SceneColorFormat:4]]
[2019.10.26-11.31.36:506][  0]LogConfig: Setting CVar [[r.DetailMode:2]]
[2019.10.26-11.31.36:506][  0]LogConfig: Setting CVar [[r.TranslucencyVolumeBlur:1]]
[2019.10.26-11.31.36:506][  0]LogConfig: Setting CVar [[r.MaterialQualityLevel:1 ; High quality]]
[2019.10.26-11.31.36:506][  0]LogConfig: Setting CVar [[r.SSS.Scale:1]]
[2019.10.26-11.31.36:506][  0]LogConfig: Setting CVar [[r.SSS.SampleSet:2]]
[2019.10.26-11.31.36:506][  0]LogConfig: Setting CVar [[r.SSS.Quality:1]]
[2019.10.26-11.31.36:506][  0]LogConfig: Setting CVar [[r.SSS.HalfRes:1]]
[2019.10.26-11.31.36:506][  0]LogConfig: Setting CVar [[r.EmitterSpawnRateScale:1.0]]
[2019.10.26-11.31.36:506][  0]LogConfig: Setting CVar [[r.ParticleLightQuality:2]]
[2019.10.26-11.31.36:506][  0]LogConfig: Applying CVar settings from Section [FoliageQuality@3] File [C:/Users/miche/source/Repos/MeetupNov2019/Saved/Config/Windows/Scalability.ini]
[2019.10.26-11.31.36:506][  0]LogConfig: Setting CVar [[foliage.DensityScale:1.0]]
[2019.10.26-11.31.36:507][  0]LogConfig: Setting CVar [[grass.DensityScale:1.0]]
[2019.10.26-11.31.36:507][  0]LogConfig: Applying CVar settings from Section [Startup] File [../../../Engine/Config/ConsoleVariables.ini]
[2019.10.26-11.31.36:507][  0]LogConfig: Setting CVar [[net.UseAdaptiveNetUpdateFrequency:0]]
[2019.10.26-11.31.36:507][  0]LogConfig: Setting CVar [[p.chaos.AllowCreatePhysxBodies:1]]
[2019.10.26-11.31.36:507][  0]LogConfig: Applying CVar settings from Section [ConsoleVariables] File [C:/Users/miche/source/Repos/MeetupNov2019/Saved/Config/Windows/Engine.ini]
[2019.10.26-11.31.36:508][  0]LogInit: Computer: MICHELE-PC-10
[2019.10.26-11.31.36:508][  0]LogInit: User: miche
[2019.10.26-11.31.36:508][  0]LogInit: CPU Page size=4096, Cores=8
[2019.10.26-11.31.36:508][  0]LogInit: High frequency timer resolution =10.000000 MHz
[2019.10.26-11.31.36:509][  0]LogMemory: Memory total: Physical=31.9GB (32GB approx)
[2019.10.26-11.31.36:509][  0]LogMemory: Platform Memory Stats for Windows
[2019.10.26-11.31.36:509][  0]LogMemory: Process Physical Memory: 120.52 MB used, 120.52 MB peak
[2019.10.26-11.31.36:509][  0]LogMemory: Process Virtual Memory: 83.83 MB used, 83.83 MB peak
[2019.10.26-11.31.36:509][  0]LogMemory: Physical Memory: 13850.58 MB used,  18837.40 MB free, 32687.98 MB total
[2019.10.26-11.31.36:509][  0]LogMemory: Virtual Memory: 4925.08 MB used,  134212800.00 MB free, 134217728.00 MB total
[2019.10.26-11.31.36:516][  0]LogWindows: WindowsPlatformFeatures enabled
[2019.10.26-11.31.36:824][  0]LogInit: Using OS detected language (it-IT).
[2019.10.26-11.31.36:824][  0]LogInit: Using OS detected locale (it-IT).
[2019.10.26-11.31.36:827][  0]LogTextLocalizationManager: No specific localization for 'it-IT' exists, so the 'it' localization will be used.
[2019.10.26-11.31.36:827][  0]LogTextLocalizationResource: LocRes '../../../Engine/Content/Localization/Editor/it/Editor.locres' could not be opened for reading!
[2019.10.26-11.31.36:828][  0]LogTextLocalizationResource: LocRes '../../../Engine/Content/Localization/EditorTutorials/it/EditorTutorials.locres' could not be opened for reading!
[2019.10.26-11.31.36:828][  0]LogTextLocalizationResource: LocRes '../../../Engine/Content/Localization/Keywords/it/Keywords.locres' could not be opened for reading!
[2019.10.26-11.31.36:828][  0]LogTextLocalizationResource: LocRes '../../../Engine/Content/Localization/Category/it/Category.locres' could not be opened for reading!
[2019.10.26-11.31.36:829][  0]LogTextLocalizationResource: LocRes '../../../Engine/Content/Localization/ToolTips/it/ToolTips.locres' could not be opened for reading!
[2019.10.26-11.31.36:829][  0]LogTextLocalizationResource: LocRes '../../../Engine/Content/Localization/PropertyNames/it/PropertyNames.locres' could not be opened for reading!
[2019.10.26-11.31.36:829][  0]LogTextLocalizationResource: LocRes '../../../Engine/Content/Localization/Engine/it/Engine.locres' could not be opened for reading!
[2019.10.26-11.31.36:854][  0]LogInit: Setting process to per monitor DPI aware
[2019.10.26-11.31.37:040][  0]LogSlate: New Slate User Created.  User Index 0, Is Virtual User: 0
[2019.10.26-11.31.37:040][  0]LogSlate: Slate User Registered.  User Index 0, Is Virtual User: 0
[2019.10.26-11.31.39:030][  0]LogHMD: Failed to initialize OpenVR with code 110
[2019.10.26-11.31.39:030][  0]LogD3D11RHI: D3D11 adapters:
[2019.10.26-11.31.39:116][  0]LogD3D11RHI:    0. 'NVIDIA GeForce GTX 1080 Ti' (Feature Level 11_0)
[2019.10.26-11.31.39:116][  0]LogD3D11RHI:       11128/0/16343 MB DedicatedVideo/DedicatedSystem/SharedSystem, Outputs:2, VendorId:0x10de
[2019.10.26-11.31.39:133][  0]LogD3D11RHI:    1. 'Microsoft Basic Render Driver' (Feature Level 11_0)
[2019.10.26-11.31.39:134][  0]LogD3D11RHI:       0/0/16343 MB DedicatedVideo/DedicatedSystem/SharedSystem, Outputs:0, VendorId:0x1414
[2019.10.26-11.31.39:134][  0]LogD3D11RHI: Chosen D3D11 Adapter: 0
[2019.10.26-11.31.39:154][  0]LogD3D11RHI: Creating new Direct3DDevice
[2019.10.26-11.31.39:154][  0]LogD3D11RHI:     GPU DeviceId: 0x1b06 (for the marketing name, search the web for "GPU Device Id")
[2019.10.26-11.31.39:154][  0]LogWindows: EnumDisplayDevices:
[2019.10.26-11.31.39:155][  0]LogWindows:    0. 'NVIDIA GeForce GTX 1080 Ti' (P:1 D:1)
[2019.10.26-11.31.39:155][  0]LogWindows:    1. 'NVIDIA GeForce GTX 1080 Ti' (P:0 D:1)
[2019.10.26-11.31.39:155][  0]LogWindows:    2. 'NVIDIA GeForce GTX 1080 Ti' (P:0 D:0)
[2019.10.26-11.31.39:155][  0]LogWindows:    3. 'NVIDIA GeForce GTX 1080 Ti' (P:0 D:0)
[2019.10.26-11.31.39:156][  0]LogWindows: DebugString: FoundDriverCount:4 
[2019.10.26-11.31.39:156][  0]LogD3D11RHI:     Adapter Name: NVIDIA GeForce GTX 1080 Ti
[2019.10.26-11.31.39:156][  0]LogD3D11RHI:   Driver Version: 430.86 (internal:26.21.14.3086, unified:430.86)
[2019.10.26-11.31.39:156][  0]LogD3D11RHI:      Driver Date: 5-22-2019
[2019.10.26-11.31.39:156][  0]LogRHI: Texture pool is 7789 MB (70% of 11128 MB)
[2019.10.26-11.31.39:201][  0]LogD3D11RHI: Async texture creation enabled
[2019.10.26-11.31.39:250][  0]LogD3D11RHI: GPU Timing Frequency: 1000.000000 (Debug: 2 1)
[2019.10.26-11.31.39:542][  0]LogTemp: Display: Module 'AllDesktopTargetPlatform' loaded TargetPlatform 'AllDesktop'
[2019.10.26-11.31.39:584][  0]LogTemp: Display: Module 'MacClientTargetPlatform' loaded TargetPlatform 'MacClient'
[2019.10.26-11.31.39:626][  0]LogTemp: Display: Module 'MacNoEditorTargetPlatform' loaded TargetPlatform 'MacNoEditor'
[2019.10.26-11.31.39:668][  0]LogTemp: Display: Module 'MacServerTargetPlatform' loaded TargetPlatform 'MacServer'
[2019.10.26-11.31.39:718][  0]LogTemp: Display: Module 'MacTargetPlatform' loaded TargetPlatform 'Mac'
[2019.10.26-11.31.39:761][  0]LogTemp: Display: Module 'WindowsClientTargetPlatform' loaded TargetPlatform 'WindowsClient'
[2019.10.26-11.31.39:804][  0]LogTemp: Display: Module 'WindowsNoEditorTargetPlatform' loaded TargetPlatform 'WindowsNoEditor'
[2019.10.26-11.31.39:847][  0]LogTemp: Display: Module 'WindowsServerTargetPlatform' loaded TargetPlatform 'WindowsServer'
[2019.10.26-11.31.39:880][  0]LogTemp: Display: Module 'WindowsTargetPlatform' loaded TargetPlatform 'Windows'
[2019.10.26-11.31.40:014][  0]LogTemp: Display: Module 'AndroidTargetPlatform' loaded TargetPlatform 'Android'
[2019.10.26-11.31.40:014][  0]LogTemp: Display: Module 'AndroidTargetPlatform' loaded TargetPlatform 'Android_ASTC'
[2019.10.26-11.31.40:014][  0]LogTemp: Display: Module 'AndroidTargetPlatform' loaded TargetPlatform 'Android_ATC'
[2019.10.26-11.31.40:014][  0]LogTemp: Display: Module 'AndroidTargetPlatform' loaded TargetPlatform 'Android_DXT'
[2019.10.26-11.31.40:015][  0]LogTemp: Display: Module 'AndroidTargetPlatform' loaded TargetPlatform 'Android_ETC1'
[2019.10.26-11.31.40:015][  0]LogTemp: Display: Module 'AndroidTargetPlatform' loaded TargetPlatform 'Android_ETC1a'
[2019.10.26-11.31.40:015][  0]LogTemp: Display: Module 'AndroidTargetPlatform' loaded TargetPlatform 'Android_ETC2'
[2019.10.26-11.31.40:015][  0]LogTemp: Display: Module 'AndroidTargetPlatform' loaded TargetPlatform 'Android_PVRTC'
[2019.10.26-11.31.40:015][  0]LogTemp: Display: Module 'AndroidTargetPlatform' loaded TargetPlatform 'AndroidClient'
[2019.10.26-11.31.40:015][  0]LogTemp: Display: Module 'AndroidTargetPlatform' loaded TargetPlatform 'Android_ASTCClient'
[2019.10.26-11.31.40:015][  0]LogTemp: Display: Module 'AndroidTargetPlatform' loaded TargetPlatform 'Android_ATCClient'
[2019.10.26-11.31.40:015][  0]LogTemp: Display: Module 'AndroidTargetPlatform' loaded TargetPlatform 'Android_DXTClient'
[2019.10.26-11.31.40:015][  0]LogTemp: Display: Module 'AndroidTargetPlatform' loaded TargetPlatform 'Android_ETC1Client'
[2019.10.26-11.31.40:015][  0]LogTemp: Display: Module 'AndroidTargetPlatform' loaded TargetPlatform 'Android_ETC1aClient'
[2019.10.26-11.31.40:015][  0]LogTemp: Display: Module 'AndroidTargetPlatform' loaded TargetPlatform 'Android_ETC2Client'
[2019.10.26-11.31.40:015][  0]LogTemp: Display: Module 'AndroidTargetPlatform' loaded TargetPlatform 'Android_PVRTCClient'
[2019.10.26-11.31.40:015][  0]LogTemp: Display: Module 'AndroidTargetPlatform' loaded TargetPlatform 'Android_Multi'
[2019.10.26-11.31.40:016][  0]LogTemp: Display: Module 'AndroidTargetPlatform' loaded TargetPlatform 'Android_MultiClient'
[2019.10.26-11.31.40:043][  0]LogTemp: Display: Module 'HTML5TargetPlatform' loaded TargetPlatform 'HTML5'
[2019.10.26-11.31.40:160][  0]LogTemp: Display: Module 'IOSTargetPlatform' loaded TargetPlatform 'IOSClient'
[2019.10.26-11.31.40:160][  0]LogTemp: Display: Module 'IOSTargetPlatform' loaded TargetPlatform 'IOS'
[2019.10.26-11.31.40:220][  0]LogTemp: Display: Module 'TVOSTargetPlatform' loaded TargetPlatform 'TVOSClient'
[2019.10.26-11.31.40:220][  0]LogTemp: Display: Module 'TVOSTargetPlatform' loaded TargetPlatform 'TVOS'
[2019.10.26-11.31.40:320][  0]LogTemp: Display: Module 'LuminTargetPlatform' loaded TargetPlatform 'Lumin'
[2019.10.26-11.31.40:320][  0]LogTemp: Display: Module 'LuminTargetPlatform' loaded TargetPlatform 'LuminClient'
[2019.10.26-11.31.40:321][  0]LogTargetPlatformManager: Display: Building Assets For Windows
[2019.10.26-11.31.40:410][  0]LogAudioDebug: Display: Lib vorbis DLL was dynamically loaded.
[2019.10.26-11.31.40:848][  0]LogShaderCompilers: Guid format shader working directory is 4 characters bigger than the processId version (C:/Users/miche/source/Repos/MeetupNov2019/Intermediate/Shaders/WorkingDirectory/42348/).
[2019.10.26-11.31.40:848][  0]LogShaderCompilers: Cleaned the shader compiler working directory 'C:/Users/miche/AppData/Local/Temp/UnrealShaderWorkingDir/2A6126494732B573B1A7EFADB9F1CA49/'.
[2019.10.26-11.31.40:852][  0]LogXGEController: Cleaning working directory: C:/Users/miche/AppData/Local/Temp/UnrealXGEWorkingDir/
[2019.10.26-11.31.40:852][  0]LogXGEController: Cannot use XGE Controller as Incredibuild is not installed on this machine.
[2019.10.26-11.31.40:853][  0]LogShaderCompilers: Cannot use XGE Shader Compiler as Incredibuild is not installed on this machine.
[2019.10.26-11.31.40:853][  0]LogShaderCompilers: Display: Using Local Shader Compiler.
[2019.10.26-11.31.43:822][  0]LogDerivedDataCache: Display: Max Cache Size: 512 MB
[2019.10.26-11.31.43:822][  0]LogDerivedDataCache: Display: Starting with empty Boot cache
[2019.10.26-11.31.43:822][  0]LogDerivedDataCache: FDerivedDataBackendGraph:  Pak pak cache file C:/Users/miche/source/Repos/MeetupNov2019/DerivedDataCache/DDC.ddp not found, will not use a pak cache.
[2019.10.26-11.31.43:822][  0]LogDerivedDataCache: Unable to find inner node Pak for hierarchical cache Hierarchy.
[2019.10.26-11.31.43:823][  0]LogDerivedDataCache: FDerivedDataBackendGraph:  EnginePak pak cache file ../../../Engine/DerivedDataCache/DDC.ddp not found, will not use a pak cache.
[2019.10.26-11.31.43:823][  0]LogDerivedDataCache: Unable to find inner node EnginePak for hierarchical cache Hierarchy.
[2019.10.26-11.31.43:825][  0]LogDerivedDataCache: Using Local data cache path ../../../Engine/DerivedDataCache: Writable
[2019.10.26-11.31.43:825][  0]LogDerivedDataCache: Shared data cache path not found in *engine.ini, will not use an Shared cache.
[2019.10.26-11.31.43:825][  0]LogDerivedDataCache: Unable to find inner node Shared for hierarchical cache Hierarchy.
[2019.10.26-11.31.43:985][  0]LogMaterial: Verifying Global Shaders for PCD3D_SM5
[2019.10.26-11.31.44:037][  0]LogSlate: Using FreeType 2.6.0
[2019.10.26-11.31.44:083][  0]LogSlate: SlateFontServices - WITH_FREETYPE: 1, WITH_HARFBUZZ: 1
[2019.10.26-11.31.44:454][  0]LogAssetRegistry: FAssetRegistry took 0.0181 seconds to start up
[2019.10.26-11.31.45:739][  0]LogInit: Selected Device Profile: [Windows]
[2019.10.26-11.31.46:539][  0]LogMeshReduction: Using QuadricMeshReduction for automatic static mesh reduction
[2019.10.26-11.31.46:540][  0]LogMeshReduction: Using SimplygonMeshReduction for automatic skeletal mesh reduction
[2019.10.26-11.31.46:540][  0]LogMeshReduction: Using ProxyLODMeshReduction for automatic mesh merging
[2019.10.26-11.31.46:540][  0]LogMeshReduction: No distributed automatic mesh merging module available
[2019.10.26-11.31.46:540][  0]LogMeshMerging: No distributed automatic mesh merging module available
[2019.10.26-11.31.46:622][  0]LogNetVersion: MeetupNov2019 1.0.0, NetCL: 0, EngineNetVer: 11, GameNetVer: 0 (Checksum: 3497238892)
[2019.10.26-11.31.49:113][  0]LogPackageLocalizationCache: Processed 12 localized package path(s) for 1 prioritized culture(s) in 0.145073 seconds
[2019.10.26-11.31.49:136][  0]LogUObjectArray: 43428 objects as part of root set at end of initial load.
[2019.10.26-11.31.49:136][  0]LogUObjectAllocator: 7545656 out of 0 bytes used by permanent object pool.
[2019.10.26-11.31.49:136][  0]LogUObjectArray: CloseDisregardForGC: 0/0 objects in disregard for GC pool
[2019.10.26-11.31.54:192][  0]LogTcpMessaging: Initializing TcpMessaging bridge
[2019.10.26-11.31.54:284][  0]LogUdpMessaging: Initializing bridge on interface 0.0.0.0:0 to multicast group 230.0.0.1:6666.
[2019.10.26-11.31.54:834][  0]SourceControl: Source control is disabled
[2019.10.26-11.31.54:835][  0]SourceControl: Source control is disabled
[2019.10.26-11.31.54:865][  0]SourceControl: Source control is disabled
[2019.10.26-11.31.54:886][  0]SourceControl: Source control is disabled
[2019.10.26-11.31.55:856][  0]LogAndroidPermission: UAndroidPermissionCallbackProxy::GetInstance
[2019.10.26-11.31.56:521][  0]LogOcInput: OculusInput pre-init called
[2019.10.26-11.31.56:580][  0]LogWindows: Failed to load 'OVRPlugin.dll' (GetLastError=126)
[2019.10.26-11.31.56:580][  0]LogWindows: File 'OVRPlugin.dll' does not exist
[2019.10.26-11.31.57:033][  0]LogEngine: Initializing Engine...
[2019.10.26-11.31.57:036][  0]LogHMD: Failed to initialize OpenVR with code 110
[2019.10.26-11.31.57:043][  0]LogStats: UGameplayTagsManager::InitializeManager -  0.003 s
[2019.10.26-11.31.58:004][  0]LogInit: Initializing FReadOnlyCVARCache
[2019.10.26-11.31.58:092][  0]LogAIModule: Creating AISystem for world Untitled
[2019.10.26-11.31.58:139][  0]LogInit: XAudio2 using 'Altoparlanti (Explorer² USB DAC)' : 2 channels at 44.1 kHz using 32 bits per sample (channel mask 0x3)
[2019.10.26-11.31.58:161][  0]LogInit: FAudioDevice initialized.
[2019.10.26-11.31.58:162][  0]LogNetVersion: Set ProjectVersion to 1.0.0.0. Version Checksum will be recalculated on next use.
[2019.10.26-11.31.58:227][  0]LogDerivedDataCache: Saved boot cache 0.06s 73MB C:/Users/miche/source/Repos/MeetupNov2019/DerivedDataCache/Boot.ddc.
[2019.10.26-11.31.58:241][  0]LogInit: Texture streaming: Enabled
[2019.10.26-11.31.58:446][  0]LogInit: Transaction tracking system initialized
[2019.10.26-11.31.58:656][  0]BlueprintLog: New page: Editor Load
[2019.10.26-11.31.59:340][  0]LocalizationService: Localization service is disabled
[2019.10.26-11.32.00:540][  0]LogFileCache: Scanning file cache for directory 'C:/Users/miche/source/Repos/MeetupNov2019/Content/' took 0.00s
[2019.10.26-11.32.00:540][  0]LogCook: Display: Max memory allowance for cook 16384mb min free memory 0mb
[2019.10.26-11.32.00:541][  0]LogCook: Display: Mobile HDR setting 1
[2019.10.26-11.32.01:862][  0]SourceControl: Source control is disabled
[2019.10.26-11.32.01:863][  0]Cmd: MAP LOAD FILE="../../../Engine/Content/Maps/Templates/Template_Default.umap" TEMPLATE=1 SHOWPROGRESS=1 FEATURELEVEL=3
[2019.10.26-11.32.01:863][  0]LightingResults: New page: Lighting Build
[2019.10.26-11.32.01:877][  0]LogWorld: UWorld::CleanupWorld for Untitled, bSessionEnded=true, bCleanupResources=true
[2019.10.26-11.32.01:880][  0]MapCheck: New page: Map Check
[2019.10.26-11.32.01:880][  0]LightingResults: New page: Lighting Build
[2019.10.26-11.32.01:961][  0]LogUObjectHash: Compacting FUObjectHashTables data took   8.47ms
[2019.10.26-11.32.02:356][  0]LogAIModule: Creating AISystem for world Untitled_1
[2019.10.26-11.32.02:385][  0]LogEditorServer: Finished looking for orphan Actors (0.000 secs)
[2019.10.26-11.32.02:457][  0]LogUObjectHash: Compacting FUObjectHashTables data took   9.32ms
[2019.10.26-11.32.02:457][  0]Cmd: MAP CHECKDEP NOCLEARLOG
[2019.10.26-11.32.02:458][  0]MapCheck: Map check complete: 0 Error(s), 0 Warning(s), took 0,211ms to complete.
[2019.10.26-11.32.02:458][  0]LogFileHelpers: Loading map 'Template_Default' took 0.595
[2019.10.26-11.32.02:696][  0]LogSlate: Updating window title bar state: overlay mode, drag disabled, window buttons hidden, title bar hidden
[2019.10.26-11.32.02:721][  0]LogSlate: Updating window title bar state: overlay mode, drag disabled, window buttons hidden, title bar hidden
[2019.10.26-11.32.02:745][  0]LogSlate: Updating window title bar state: overlay mode, drag disabled, window buttons hidden, title bar hidden
[2019.10.26-11.32.02:769][  0]LogSlate: Updating window title bar state: overlay mode, drag disabled, window buttons hidden, title bar hidden
[2019.10.26-11.32.02:822][  0]LogCollectionManager: Loaded 0 collections in 0.002214 seconds
[2019.10.26-11.32.02:877][  0]LogFileCache: Scanning file cache for directory 'C:/Users/miche/source/Repos/MeetupNov2019/Saved/Collections/' took 0.00s
[2019.10.26-11.32.02:877][  0]LogFileCache: Scanning file cache for directory 'C:/Users/miche/source/Repos/MeetupNov2019/Content/Developers/miche/Collections/' took 0.00s
[2019.10.26-11.32.02:877][  0]LogFileCache: Scanning file cache for directory 'C:/Users/miche/source/Repos/MeetupNov2019/Content/Collections/' took 0.00s
[2019.10.26-11.32.02:877][  0]LogCollectionManager: Rebuilt the GUID cache for 0 collections in 0.000006 seconds
[2019.10.26-11.32.02:915][  0]LogContentBrowser: Native class hierarchy populated in 0.0333 seconds. Added 2865 classes and 681 folders.
[2019.10.26-11.32.02:941][  0]LogContentBrowser: Native class hierarchy updated for 'WidgetCarousel' in 0.0007 seconds. Added 0 classes and 0 folders.
[2019.10.26-11.32.03:253][  0]LogContentBrowser: Native class hierarchy updated for 'AddContentDialog' in 0.0007 seconds. Added 0 classes and 0 folders.
[2019.10.26-11.32.03:318][  0]LogContentBrowser: Native class hierarchy updated for 'SceneOutliner' in 0.0008 seconds. Added 1 classes and 2 folders.
[2019.10.26-11.32.03:540][  0]LogSlate: Took 0.005120 seconds to synchronously load lazily loaded font '../../../Engine/Content/Slate/Fonts/Roboto-Regular.ttf' (155K)
[2019.10.26-11.32.03:550][  0]LogSlate: Took 0.004616 seconds to synchronously load lazily loaded font '../../../Engine/Content/Slate/Fonts/Roboto-Bold.ttf' (160K)
[2019.10.26-11.32.03:577][  0]LogSlate: Took 0.004618 seconds to synchronously load lazily loaded font '../../../Engine/Content/Editor/Slate/Fonts/FontAwesome.ttf' (139K)
[2019.10.26-11.32.03:582][  0]LogSlate: Took 0.004248 seconds to synchronously load lazily loaded font '../../../Engine/Content/Slate/Fonts/DroidSansMono.ttf' (77K)
[2019.10.26-11.32.03:817][  0]LogMaterial: Display: Missing cached shader map for material LevelGridMaterial2, compiling. 
[2019.10.26-11.32.04:014][  0]LogShaderCompilers: Display: Worker (1/13): shaders left to compile 16
[2019.10.26-11.32.04:015][  0]LogShaderCompilers: Display: Worker (2/13): shaders left to compile 14
[2019.10.26-11.32.04:015][  0]LogShaderCompilers: Display: Worker (3/13): shaders left to compile 12
[2019.10.26-11.32.04:016][  0]LogShaderCompilers: Display: Worker (4/13): shaders left to compile 10
[2019.10.26-11.32.04:016][  0]LogShaderCompilers: Display: Worker (5/13): shaders left to compile 8
[2019.10.26-11.32.04:017][  0]LogShaderCompilers: Display: Worker (6/13): shaders left to compile 6
[2019.10.26-11.32.04:017][  0]LogShaderCompilers: Display: Worker (7/13): shaders left to compile 4
[2019.10.26-11.32.04:018][  0]LogShaderCompilers: Display: Worker (8/13): shaders left to compile 2
[2019.10.26-11.32.04:018][  0]LogRenderer: Reallocating scene render targets to support 1488x808 Format 10 NumSamples 1 (Frame:1).
[2019.10.26-11.32.04:420][  0]LogContentBrowser: Native class hierarchy updated for 'HierarchicalLODOutliner' in 0.0010 seconds. Added 0 classes and 0 folders.
[2019.10.26-11.32.04:421][  0]LogLoad: (Engine Initialization) Total time: 31.02 seconds
[2019.10.26-11.32.04:422][  0]LogLoad: (Engine Initialization) Total Blueprint compile time: 0.00 seconds
[2019.10.26-11.32.04:528][  0]LogContentStreaming: Texture pool size now 1000 MB
[2019.10.26-11.32.04:710][  2]LogAssetRegistry: Asset discovery search completed in 20.2618 seconds
[2019.10.26-11.32.04:731][  2]LogCollectionManager: Rebuilt the object cache for 0 collections in 0.000003 seconds (found 0 objects)
[2019.10.26-11.32.04:732][  2]LogCollectionManager: Fixed up redirectors for 0 collections in 0.001103 seconds (updated 0 objects)
[2019.10.26-11.32.20:623][449]LogSlate: FSceneViewport::OnFocusLost() reason 0
[2019.10.26-11.32.36:058][372]LogSlate: Took 0.005185 seconds to synchronously load lazily loaded font '../../../Engine/Content/Slate/Fonts/Roboto-Light.ttf' (167K)
[2019.10.26-11.32.36:068][372]LogAssetEditorManager: Opening Asset editor for Class /Script/MeetupNov2019.MeetupNov2019GameModeBase
[2019.10.26-11.32.49:549][587]LogSlate: Only BGRA pngs, bmps or icos are supported in by External Image Picker
[2019.10.26-11.33.25:921][200]LogSlate: Window 'Project Settings' being destroyed
[2019.10.26-11.33.25:926][200]LogSlate: Window 'Project Settings' being destroyed
[2019.10.26-11.33.30:208][450]LogSlate: Took 0.004709 seconds to synchronously load lazily loaded font '../../../Engine/Content/Slate/Fonts/Roboto-BoldCondensed.ttf' (158K)
[2019.10.26-11.33.37:088][862]LogAssetEditorManager: Opening Asset editor for Blueprint /Game/MeetupNov2019GameModeBase_BP.MeetupNov2019GameModeBase_BP
[2019.10.26-11.33.38:065][862]LogContentBrowser: Native class hierarchy updated for 'BlueprintGraph' in 0.0018 seconds. Added 121 classes and 0 folders.
[2019.10.26-11.33.40:419][862]LogMaterial: Display: Missing cached shader map for material GridMaterial, compiling. 
[2019.10.26-11.33.40:504][862]LogStaticMesh: Building static mesh PhAT_FloorBox...
[2019.10.26-11.33.40:529][862]LogShaderCompilers: Display: Worker (1/13): shaders left to compile 22
[2019.10.26-11.33.40:530][862]LogShaderCompilers: Display: Worker (2/13): shaders left to compile 20
[2019.10.26-11.33.40:530][862]LogShaderCompilers: Display: Worker (3/13): shaders left to compile 18
[2019.10.26-11.33.40:531][862]LogShaderCompilers: Display: Worker (4/13): shaders left to compile 16
[2019.10.26-11.33.40:531][862]LogShaderCompilers: Display: Worker (5/13): shaders left to compile 14
[2019.10.26-11.33.40:531][862]LogShaderCompilers: Display: Worker (6/13): shaders left to compile 12
[2019.10.26-11.33.40:532][862]LogShaderCompilers: Display: Worker (7/13): shaders left to compile 10
[2019.10.26-11.33.40:532][862]LogShaderCompilers: Display: Worker (8/13): shaders left to compile 8
[2019.10.26-11.33.40:533][862]LogShaderCompilers: Display: Worker (9/13): shaders left to compile 6
[2019.10.26-11.33.40:533][862]LogShaderCompilers: Display: Worker (10/13): shaders left to compile 4
[2019.10.26-11.33.40:534][862]LogShaderCompilers: Display: Worker (11/13): shaders left to compile 2
[2019.10.26-11.33.40:534][862]LogStaticMesh: Built static mesh [0.03s] /Engine/EditorMeshes/PhAT_FloorBox.PhAT_FloorBox
[2019.10.26-11.33.40:574][862]LogMaterial: Display: Missing cached shader map for material PersonaFloorMat, compiling. 
[2019.10.26-11.33.40:669][862]LogShaderCompilers: Display: Worker (12/13): shaders left to compile 31
[2019.10.26-11.33.40:836][862]LogSlate: Window 'Add Blueprint Class' being destroyed
[2019.10.26-11.33.42:418][862]LogShaderCompilers: Display: Worker (4/13): shaders left to compile 28
[2019.10.26-11.33.42:419][862]LogShaderCompilers: Display: Worker (11/13): shaders left to compile 25
[2019.10.26-11.33.42:419][862]LogShaderCompilers: Display: Worker (1/13): shaders left to compile 22
[2019.10.26-11.33.42:419][862]LogShaderCompilers: Display: Worker (2/13): shaders left to compile 20
[2019.10.26-11.33.42:420][862]LogShaderCompilers: Display: Worker (3/13): shaders left to compile 18
[2019.10.26-11.33.42:420][862]LogShaderCompilers: Display: Worker (5/13): shaders left to compile 16
[2019.10.26-11.33.42:420][862]LogShaderCompilers: Display: Worker (12/13): shaders left to compile 14
[2019.10.26-11.33.42:421][862]LogShaderCompilers: Display: Worker (8/13): shaders left to compile 12
[2019.10.26-11.33.42:421][862]LogShaderCompilers: Display: Worker (9/13): shaders left to compile 10
[2019.10.26-11.33.42:421][862]LogShaderCompilers: Display: Worker (6/13): shaders left to compile 9
[2019.10.26-11.33.42:422][862]LogShaderCompilers: Display: Worker (10/13): shaders left to compile 8
[2019.10.26-11.33.42:422][862]LogShaderCompilers: Display: Worker (7/13): shaders left to compile 7
[2019.10.26-11.33.42:422][862]LogShaderCompilers: Display: Worker (11/13): shaders left to compile 6
[2019.10.26-11.33.42:423][862]LogShaderCompilers: Display: Worker (4/13): shaders left to compile 5
[2019.10.26-11.33.42:423][862]LogShaderCompilers: Display: Worker (10/13): shaders left to compile 4
[2019.10.26-11.33.42:423][862]LogShaderCompilers: Display: Worker (2/13): shaders left to compile 3
[2019.10.26-11.33.42:424][862]LogShaderCompilers: Display: Worker (9/13): shaders left to compile 2
[2019.10.26-11.33.42:424][862]LogShaderCompilers: Display: Worker (6/13): shaders left to compile 1
[2019.10.26-11.33.55:105][299]LogSlate: FSceneViewport::OnFocusLost() reason 0
[2019.10.26-11.33.57:397][387]LogSlate: Prevented a slow task dialog from being summoned while a context menu was open
[2019.10.26-11.34.06:302][771]BlueprintLog: New page: Compile MeetupNov2019GameModeBase_BP
[2019.10.26-11.34.07:454][771]LogUObjectHash: Compacting FUObjectHashTables data took  22.07ms
[2019.10.26-11.34.10:967][897]BlueprintLog: New page: Compile MeetupNov2019GameModeBase_BP
[2019.10.26-11.34.11:972][897]LogUObjectHash: Compacting FUObjectHashTables data took  19.60ms
[2019.10.26-11.34.12:016][897]Cmd: OBJ SAVEPACKAGE PACKAGE="/Game/MeetupNov2019GameModeBase_BP" FILE="C:/Users/miche/source/Repos/MeetupNov2019/Content/MeetupNov2019GameModeBase_BP.uasset" SILENT=true
[2019.10.26-11.34.12:038][897]LogSavePackage: Moving 'C:/Users/miche/source/Repos/MeetupNov2019/Saved/MeetupNov2019GameModeBase_BP0E28E55F4E72C238FFBF3F9FBD6D7B2E.tmp' to 'C:/Users/miche/source/Repos/MeetupNov2019/Content/MeetupNov2019GameModeBase_BP.uasset'
[2019.10.26-11.34.13:736][964]LogSlate: Window 'MeetupNov2019GameModeBase_BP' being destroyed
[2019.10.26-11.34.13:741][964]LogSlate: Window 'MeetupNov2019GameModeBase_BP' being destroyed
[2019.10.26-11.34.13:758][964]LogWorld: UWorld::CleanupWorld for World_1, bSessionEnded=true, bCleanupResources=true
[2019.10.26-11.34.19:102][200]LogSlate: Only BGRA pngs, bmps or icos are supported in by External Image Picker
[2019.10.26-11.34.22:583][350]LogSlate: Prevented a slow task dialog from being summoned while a context menu was open
[2019.10.26-11.34.30:167][681]LogSlate: Window 'Project Settings' being destroyed
[2019.10.26-11.34.38:842][199]LogEditorViewport: Clicking on Actor (LMB): BP_Sky_Sphere_C (Sky Sphere)
[2019.10.26-11.34.42:860][248]LogSlate: Took 0.005136 seconds to synchronously load lazily loaded font '../../../Engine/Content/Slate/Fonts/Roboto-Italic.ttf' (157K)
[2019.10.26-11.35.35:247][405]LogSlate: FSceneViewport::OnFocusLost() reason 5
[2019.10.26-11.35.37:069][490]LogSlate: FSceneViewport::OnFocusLost() reason 5
[2019.10.26-11.36.04:099][491]LogSlate: Window 'Editor Preferences' being destroyed
[2019.10.26-11.36.04:916][512]LogSlate: FSceneViewport::OnFocusLost() reason 5
[2019.10.26-11.36.06:065][570]LogSlate: FSceneViewport::OnFocusLost() reason 5
[2019.10.26-11.36.07:339][570]LogSlate: Only BGRA pngs, bmps or icos are supported in by External Image Picker
[2019.10.26-11.37.40:695][897]LogSlate: Window 'Project Settings' being destroyed
[2019.10.26-11.37.40:700][897]LogSlate: Window 'Project Settings' being destroyed
[2019.10.26-11.45.27:037][349]LogSlate: FSceneViewport::OnFocusLost() reason 0
[2019.10.26-11.45.27:323][349]Candidate modules for hot reload:
[2019.10.26-11.45.27:323][349]  MeetupNov2019
[2019.10.26-11.45.27:324][349]Building UnrealBuildTool...
[2019.10.26-11.45.27:325][349]Building UnrealBuildTool in D:/git/UnrealEngine/...
[2019.10.26-11.45.27:326][349]Running: C:\Program Files (x86)\Microsoft Visual Studio\2017\Community\MSBuild\15.0\bin\MSBuild.exe /nologo /verbosity:quiet "D:/git/UnrealEngine/Engine/Source/Programs/UnrealBuildTool/UnrealBuildTool.csproj" /property:Configuration=Development /property:Platform=AnyCPU
[2019.10.26-11.45.27:795][349]Launching UnrealBuildTool... [D:/git/UnrealEngine/Engine/Binaries/DotNET/UnrealBuildTool.exe  -ModuleWithSuffix=MeetupNov2019,9817 Win64 Debug -TargetType=Editor -Project="C:/Users/miche/source/Repos/MeetupNov2019/MeetupNov2019.uproject" "C:/Users/miche/source/Repos/MeetupNov2019/MeetupNov2019.uproject"  -IgnoreJunk]
[2019.10.26-11.45.27:880][349]Warning: Starting HotReload took  0.6s.
[2019.10.26-11.45.41:790][658]CompilerResultsLog: New page: Compilation - 26/ott/2019 15:45:41
[2019.10.26-11.45.41:791][658]CompilerResultsLog: Using 'git status' to determine working set for adaptive non-unity build (D:\git\UnrealEngine).
[2019.10.26-11.45.41:791][658]CompilerResultsLog: Waiting for 'git status' command to complete
[2019.10.26-11.45.41:792][658]CompilerResultsLog: Parsing headers for MeetupNov2019Editor
[2019.10.26-11.45.41:792][658]CompilerResultsLog:   Running UnrealHeaderTool "C:\Users\miche\source\Repos\MeetupNov2019\MeetupNov2019.uproject" "C:\Users\miche\source\Repos\MeetupNov2019\Intermediate\Build\Win64\MeetupNov2019Editor\Debug\MeetupNov2019Editor.uhtmanifest" -LogCmds="loginit warning, logexit warning, logdatabase error" -Unattended -WarningsAsErrors
[2019.10.26-11.45.41:794][658]CompilerResultsLog: Reflection code generated for MeetupNov2019Editor in 5,5589898 seconds
[2019.10.26-11.45.41:794][658]CompilerResultsLog: Failed to delete file 'C:\Users\miche\source\Repos\MeetupNov2019\Binaries\Win64\UE4Editor-MeetupNov2019-Win64-Debug.pdb'
[2019.10.26-11.45.41:795][658]CompilerResultsLog:     Exception: Accesso al percorso 'C:\Users\miche\source\Repos\MeetupNov2019\Binaries\Win64\UE4Editor-MeetupNov2019-Win64-Debug.pdb' negato.
[2019.10.26-11.45.41:796][658]CompilerResultsLog: Attempting to retry...
[2019.10.26-11.45.41:796][658]CompilerResultsLog: Failed to delete file 'C:\Users\miche\source\Repos\MeetupNov2019\Binaries\Win64\UE4Editor-MeetupNov2019-Win64-Debug.pdb'
[2019.10.26-11.45.41:796][658]CompilerResultsLog:     Exception: Accesso al percorso 'C:\Users\miche\source\Repos\MeetupNov2019\Binaries\Win64\UE4Editor-MeetupNov2019-Win64-Debug.pdb' negato.
[2019.10.26-11.45.41:797][658]CompilerResultsLog: Attempting to retry...
[2019.10.26-11.45.41:797][658]CompilerResultsLog: Failed to delete file 'C:\Users\miche\source\Repos\MeetupNov2019\Binaries\Win64\UE4Editor-MeetupNov2019-Win64-Debug.pdb'
[2019.10.26-11.45.41:798][658]CompilerResultsLog:     Exception: Accesso al percorso 'C:\Users\miche\source\Repos\MeetupNov2019\Binaries\Win64\UE4Editor-MeetupNov2019-Win64-Debug.pdb' negato.
[2019.10.26-11.45.41:799][658]CompilerResultsLog: ERROR: Exhausted all retries!
[2019.10.26-11.45.41:799][658]CompilerResultsLog: Using Visual Studio 2019 14.23.28105 toolchain (C:\Program Files (x86)\Microsoft Visual Studio\2019\Community\VC\Tools\MSVC\14.23.28105) and Windows 10.0.18362.0 SDK (C:\Program Files (x86)\Windows Kits\10).
[2019.10.26-11.45.41:800][658]CompilerResultsLog: Building 5 actions with 16 processes...
[2019.10.26-11.45.41:800][658]CompilerResultsLog:   [1/5] CurrentPlayerController.gen.cpp
[2019.10.26-11.45.41:800][658]CompilerResultsLog:   [2/5] CurrentPlayerController.cpp
[2019.10.26-11.45.41:801][658]CompilerResultsLog:   [3/5] UE4Editor-MeetupNov2019-9817-Win64-Debug.lib
[2019.10.26-11.45.41:801][658]CompilerResultsLog:      Creating library C:\Users\miche\source\Repos\MeetupNov2019\Intermediate\Build\Win64\UE4Editor\Debug\MeetupNov2019\UE4Editor-MeetupNov2019-9817-Win64-Debug.lib and object C:\Users\miche\source\Repos\MeetupNov2019\Intermediate\Build\Win64\UE4Editor\Debug\MeetupNov2019\UE4Editor-MeetupNov2019-9817-Win64-Debug.exp
[2019.10.26-11.45.41:802][658]CompilerResultsLog:   [4/5] UE4Editor-MeetupNov2019-9817-Win64-Debug.dll
[2019.10.26-11.45.41:803][658]CompilerResultsLog:      Creating library C:\Users\miche\source\Repos\MeetupNov2019\Intermediate\Build\Win64\UE4Editor\Debug\MeetupNov2019\UE4Editor-MeetupNov2019-9817-Win64-Debug.suppressed.lib and object C:\Users\miche\source\Repos\MeetupNov2019\Intermediate\Build\Win64\UE4Editor\Debug\MeetupNov2019\UE4Editor-MeetupNov2019-9817-Win64-Debug.suppressed.exp
[2019.10.26-11.45.41:804][658]CompilerResultsLog:   [5/5] MeetupNov2019Editor-Win64-Debug.target
[2019.10.26-11.45.41:804][658]CompilerResultsLog: Total time in Parallel executor: 2,89 seconds
[2019.10.26-11.45.41:805][658]CompilerResultsLog: Total execution time: 13,55 seconds
[2019.10.26-11.45.41:805][658]LogMainFrame: MainFrame: Module compiling took 14.487 seconds
[2019.10.26-11.45.41:980][658]LogUObjectHash: Compacting FUObjectHashTables data took  16.31ms
[2019.10.26-11.45.42:009][658]LogClass: Could not find existing class CurrentPlayerController in package /Script/MeetupNov2019 for HotReload, assuming new class
[2019.10.26-11.45.42:063][658]LogHotReload: Re-instancing CurrentPlayerController after hot-reload.
[2019.10.26-11.45.42:946][658]LogContentBrowser: Native class hierarchy updated for 'MeetupNov2019' in 0.0008 seconds. Added 3 classes and 3 folders.
[2019.10.26-11.45.42:959][658]Display: HotReload successful (5 functions remapped  0 scriptstructs remapped)
[2019.10.26-11.45.43:307][658]LogUObjectHash: Compacting FUObjectHashTables data took  11.63ms
[2019.10.26-11.45.43:367][658]LogContentBrowser: Native class hierarchy populated in 0.0312 seconds. Added 2866 classes and 683 folders.
[2019.10.26-11.45.43:368][658]Display: HotReload took 16.1s.
[2019.10.26-11.45.54:767][691]LogSlate: FSceneViewport::OnFocusLost() reason 0
[2019.10.26-11.45.54:991][691]LogTemp: Repeating last play command: Selected Viewport
[2019.10.26-11.45.55:022][691]LogBlueprintUserMessages: Early PlayInEditor Detection: Level '/Temp/Untitled_1.Untitled_1:PersistentLevel' has LevelScriptBlueprint '/Temp/Untitled_1.Untitled_1:PersistentLevel.Untitled' with GeneratedClass '/Temp/Untitled_1.Untitled_C' with ClassGeneratedBy '/Temp/Untitled_1.Untitled_1:PersistentLevel.Untitled'
[2019.10.26-11.45.55:023][691]LogPlayLevel: PlayLevel: No blueprints needed recompiling
[2019.10.26-11.45.55:024][691]PIE: New page: PIE session: Untitled_1 (26/ott/2019 15:45:55)
[2019.10.26-11.45.55:028][691]LogOnline: OSS: Creating online subsystem instance for: NULL
[2019.10.26-11.45.55:030][691]LogPlayLevel: Creating play world package: /Temp/UEDPIE_0_Untitled_1
[2019.10.26-11.45.55:039][691]LogPlayLevel: PIE: StaticDuplicateObject took: (0.008847s)
[2019.10.26-11.45.55:044][691]LogAIModule: Creating AISystem for world Untitled_1
[2019.10.26-11.45.55:045][691]LogPlayLevel: PIE: World Init took: (0.005017s)
[2019.10.26-11.45.55:045][691]LogPlayLevel: PIE: Created PIE world by copying editor world from /Temp/Untitled_1.Untitled_1 to /Temp/UEDPIE_0_Untitled_1.Untitled_1 (0.015171s)
[2019.10.26-11.45.55:262][691]LogUObjectHash: Compacting FUObjectHashTables data took  13.54ms
[2019.10.26-11.45.55:293][691]LogInit: XAudio2 using 'Altoparlanti (Explorer² USB DAC)' : 2 channels at 44.1 kHz using 32 bits per sample (channel mask 0x3)
[2019.10.26-11.45.55:299][691]LogInit: FAudioDevice initialized.
[2019.10.26-11.45.55:318][691]LogLoad: Game class is 'MeetupNov2019GameModeBase_BP_C'
[2019.10.26-11.45.55:327][691]LogWorld: Bringing World /Temp/UEDPIE_0_Untitled_1.Untitled_1 up for play (max tick rate 0) at 2019.10.26-13.45.55
[2019.10.26-11.45.55:328][691]LogWorld: Bringing up level for play took: 0.001917
[2019.10.26-11.45.55:329][691]LogOnline: OSS: Creating online subsystem instance for: :Context_3
[2019.10.26-11.45.55:332][691]LogSpawn: Warning: Login failed: PlayerState is null
[2019.10.26-11.45.58:630][691]LogSlate: Window 'Message' being destroyed
[2019.10.26-11.45.58:640][691]LogBlueprintUserMessages: Early EndPlayMap Detection: Level '/Temp/Untitled_1.Untitled_1:PersistentLevel' has LevelScriptBlueprint '/Temp/Untitled_1.Untitled_1:PersistentLevel.Untitled' with GeneratedClass '/Temp/Untitled_1.Untitled_C' with ClassGeneratedBy '/Temp/Untitled_1.Untitled_1:PersistentLevel.Untitled'
[2019.10.26-11.45.58:641][691]LogSlate: Updating window title bar state: overlay mode, drag disabled, window buttons hidden, title bar hidden
[2019.10.26-11.45.58:642][691]LogWorld: BeginTearingDown for /Temp/UEDPIE_0_Untitled_1
[2019.10.26-11.45.58:642][691]LogWorld: UWorld::CleanupWorld for Untitled_1, bSessionEnded=true, bCleanupResources=true
[2019.10.26-11.45.58:657][691]LogPlayLevel: Display: Shutting down PIE online subsystems
[2019.10.26-11.45.58:658][691]LogBlueprintUserMessages: Late EndPlayMap Detection: Level '/Temp/Untitled_1.Untitled_1:PersistentLevel' has LevelScriptBlueprint '/Temp/Untitled_1.Untitled_1:PersistentLevel.Untitled' with GeneratedClass '/Temp/Untitled_1.Untitled_C' with ClassGeneratedBy '/Temp/Untitled_1.Untitled_1:PersistentLevel.Untitled'
[2019.10.26-11.45.58:742][691]LogSlate: Updating window title bar state: overlay mode, drag disabled, window buttons hidden, title bar hidden
[2019.10.26-11.45.58:812][691]LogUObjectHash: Compacting FUObjectHashTables data took  10.77ms
[2019.10.26-11.45.58:853][692]LogPlayLevel: Display: Destroying online subsystem :Context_3
[2019.10.26-11.46.09:522][768]LogSlate: FSceneViewport::OnFocusLost() reason 0
[2019.10.26-11.46.09:799][768]Candidate modules for hot reload:
[2019.10.26-11.46.09:799][768]  MeetupNov2019
[2019.10.26-11.46.09:799][768]Launching UnrealBuildTool... [D:/git/UnrealEngine/Engine/Binaries/DotNET/UnrealBuildTool.exe  -ModuleWithSuffix=MeetupNov2019,7268 Win64 Debug -TargetType=Editor -Project="C:/Users/miche/source/Repos/MeetupNov2019/MeetupNov2019.uproject" "C:/Users/miche/source/Repos/MeetupNov2019/MeetupNov2019.uproject"  -IgnoreJunk]
[2019.10.26-11.46.09:804][768]Warning: Starting HotReload took  0.1s.
[2019.10.26-11.46.17:328][218]CompilerResultsLog: New page: Compilation - 26/ott/2019 15:46:17
[2019.10.26-11.46.17:329][218]CompilerResultsLog: Using 'git status' to determine working set for adaptive non-unity build (D:\git\UnrealEngine).
[2019.10.26-11.46.17:330][218]CompilerResultsLog: Waiting for 'git status' command to complete
[2019.10.26-11.46.17:330][218]CompilerResultsLog: Failed to delete file 'C:\Users\miche\source\Repos\MeetupNov2019\Binaries\Win64\UE4Editor-MeetupNov2019-Win64-Debug.pdb'
[2019.10.26-11.46.17:331][218]CompilerResultsLog:     Exception: Accesso al percorso 'C:\Users\miche\source\Repos\MeetupNov2019\Binaries\Win64\UE4Editor-MeetupNov2019-Win64-Debug.pdb' negato.
[2019.10.26-11.46.17:332][218]CompilerResultsLog: Attempting to retry...
[2019.10.26-11.46.17:332][218]CompilerResultsLog: Failed to delete file 'C:\Users\miche\source\Repos\MeetupNov2019\Binaries\Win64\UE4Editor-MeetupNov2019-Win64-Debug.pdb'
[2019.10.26-11.46.17:333][218]CompilerResultsLog:     Exception: Accesso al percorso 'C:\Users\miche\source\Repos\MeetupNov2019\Binaries\Win64\UE4Editor-MeetupNov2019-Win64-Debug.pdb' negato.
[2019.10.26-11.46.17:333][218]CompilerResultsLog: Attempting to retry...
[2019.10.26-11.46.17:334][218]CompilerResultsLog: Failed to delete file 'C:\Users\miche\source\Repos\MeetupNov2019\Binaries\Win64\UE4Editor-MeetupNov2019-Win64-Debug.pdb'
[2019.10.26-11.46.17:335][218]CompilerResultsLog:     Exception: Accesso al percorso 'C:\Users\miche\source\Repos\MeetupNov2019\Binaries\Win64\UE4Editor-MeetupNov2019-Win64-Debug.pdb' negato.
[2019.10.26-11.46.17:335][218]CompilerResultsLog: ERROR: Exhausted all retries!
[2019.10.26-11.46.17:336][218]CompilerResultsLog: Using Visual Studio 2019 14.23.28105 toolchain (C:\Program Files (x86)\Microsoft Visual Studio\2019\Community\VC\Tools\MSVC\14.23.28105) and Windows 10.0.18362.0 SDK (C:\Program Files (x86)\Windows Kits\10).
[2019.10.26-11.46.17:337][218]CompilerResultsLog: Building 4 actions with 16 processes...
[2019.10.26-11.46.17:337][218]CompilerResultsLog:   [1/4] CurrentPlayerController.cpp
[2019.10.26-11.46.17:337][218]CompilerResultsLog:   [2/4] UE4Editor-MeetupNov2019-7268-Win64-Debug.lib
[2019.10.26-11.46.17:338][218]CompilerResultsLog:      Creating library C:\Users\miche\source\Repos\MeetupNov2019\Intermediate\Build\Win64\UE4Editor\Debug\MeetupNov2019\UE4Editor-MeetupNov2019-7268-Win64-Debug.lib and object C:\Users\miche\source\Repos\MeetupNov2019\Intermediate\Build\Win64\UE4Editor\Debug\MeetupNov2019\UE4Editor-MeetupNov2019-7268-Win64-Debug.exp
[2019.10.26-11.46.17:339][218]CompilerResultsLog:   [3/4] UE4Editor-MeetupNov2019-7268-Win64-Debug.dll
[2019.10.26-11.46.17:339][218]CompilerResultsLog:      Creating library C:\Users\miche\source\Repos\MeetupNov2019\Intermediate\Build\Win64\UE4Editor\Debug\MeetupNov2019\UE4Editor-MeetupNov2019-7268-Win64-Debug.suppressed.lib and object C:\Users\miche\source\Repos\MeetupNov2019\Intermediate\Build\Win64\UE4Editor\Debug\MeetupNov2019\UE4Editor-MeetupNov2019-7268-Win64-Debug.suppressed.exp
[2019.10.26-11.46.17:341][218]CompilerResultsLog:   [4/4] MeetupNov2019Editor-Win64-Debug.target
[2019.10.26-11.46.17:341][218]CompilerResultsLog: Total time in Parallel executor: 2,99 seconds
[2019.10.26-11.46.17:342][218]CompilerResultsLog: Total execution time: 7,46 seconds
[2019.10.26-11.46.17:342][218]LogMainFrame: MainFrame: Module compiling took 7.547 seconds
[2019.10.26-11.46.17:407][218]LogUObjectHash: Compacting FUObjectHashTables data took   3.93ms
[2019.10.26-11.46.17:464][218]LogContentBrowser: Native class hierarchy updated for 'MeetupNov2019' in 0.0008 seconds. Added 3 classes and 3 folders.
[2019.10.26-11.46.17:476][218]Display: HotReload successful (5 functions remapped  0 scriptstructs remapped)
[2019.10.26-11.46.17:701][218]LogUObjectHash: Compacting FUObjectHashTables data took   8.04ms
[2019.10.26-11.46.17:761][218]LogContentBrowser: Native class hierarchy populated in 0.0312 seconds. Added 2866 classes and 683 folders.
[2019.10.26-11.46.17:762][218]Display: HotReload took  8.0s.
[2019.10.26-11.46.20:564][327]LogTemp: Repeating last play command: Selected Viewport
[2019.10.26-11.46.20:595][327]LogBlueprintUserMessages: Early PlayInEditor Detection: Level '/Temp/Untitled_1.Untitled_1:PersistentLevel' has LevelScriptBlueprint '/Temp/Untitled_1.Untitled_1:PersistentLevel.Untitled' with GeneratedClass '/Temp/Untitled_1.Untitled_C' with ClassGeneratedBy '/Temp/Untitled_1.Untitled_1:PersistentLevel.Untitled'
[2019.10.26-11.46.20:596][327]LogPlayLevel: PlayLevel: No blueprints needed recompiling
[2019.10.26-11.46.20:596][327]PIE: New page: PIE session: Untitled_1 (26/ott/2019 15:46:20)
[2019.10.26-11.46.20:597][327]LogPlayLevel: Creating play world package: /Temp/UEDPIE_0_Untitled_1
[2019.10.26-11.46.20:606][327]LogPlayLevel: PIE: StaticDuplicateObject took: (0.008408s)
[2019.10.26-11.46.20:609][327]LogAIModule: Creating AISystem for world Untitled_1
[2019.10.26-11.46.20:609][327]LogPlayLevel: PIE: World Init took: (0.002819s)
[2019.10.26-11.46.20:609][327]LogPlayLevel: PIE: Created PIE world by copying editor world from /Temp/Untitled_1.Untitled_1 to /Temp/UEDPIE_0_Untitled_1.Untitled_1 (0.012407s)
